Logging to: logs/training_rl_mutation_dqn_100_pop10_greedy_hybrid_sparse_seed42_1763736235.log
================================================================================
Using Standard Replay Buffer
Algorithm: DQN
n-step returns: n=3

Train/Test Split (ratio=0.8):
  lc1:
    Train (7): ['lc101', 'lc102', 'lc103', 'lc104', 'lc105', 'lc106', 'lc107']
    Test  (2): ['lc108', 'lc109']
  lc2:
    Train (6): ['lc201', 'lc202', 'lc203', 'lc204', 'lc205', 'lc206']
    Test  (2): ['lc207', 'lc208']
  lr1:
    Train (9): ['lr101', 'lr102', 'lr103', 'lr104', 'lr105', 'lr106', 'lr107', 'lr108', 'lr109']
    Test  (3): ['lr110', 'lr111', 'lr112']
  lr2:
    Train (8): ['lr201', 'lr202', 'lr203', 'lr204', 'lr205', 'lr206', 'lr207', 'lr208']
    Test  (3): ['lr209', 'lr210', 'lr211']

Starting RL Mutation Training on size 100 instances...
Algorithm: DQN
Categories: ['lc1', 'lc2', 'lr1', 'lr2']
Population size: 10
Population features: ENABLED
Include NoOp: False
Operators: ['Reinsert-nC-Max1-NewV-SameV-nF_SameV', 'RouteElimination', 'Flip-Single-Unlimited', 'SwapWithin-random-A-MaxNone', 'SwapBetween-random', 'Transfer-A-Max1', 'Shift-random-A-Max3-Seg3-Dist5', 'TwoOpt']
Random seed set to 42
TensorBoard logging enabled: runs/rl_mutation_dqn_100_pop10_greedy_hybrid_sparse_seed42_1763736235
Starting RL Mutation training for 1500 episodes...
State dim: 54, Action dim: 8
Population features: ENABLED
Operators: ['Reinsert-nC-Max1-NewV-SameV-nF_SameV', 'RouteElimination', 'Flip-Single-Unlimited', 'SwapWithin-random-A-MaxNone', 'SwapBetween-random', 'Transfer-A-Max1', 'Shift-random-A-Max3-Seg3-Dist5', 'TwoOpt']
Episode 0: New instance generated (53 requests)
Episode 0/1500 | Reward: -25.00 (avg: -25.00) | Fitness: 23085.34 (avg: 23085.34) | Steps: 100 | eps: 0.995 | Loss: 0.0000 | Time: 0.60s | Total: 0.75s
Episode 6: New instance generated (51 requests)
Episode 10/1500 | Reward: 0.00 (avg: -17.80) | Fitness: 8198.16 (avg: 10562.08) | Steps: 100 | eps: 0.946 | Loss: 0.5420 | Time: 1.17s | Total: 5.76s
Episode 12: New instance generated (50 requests)
Episode 15: New population generated
Episode 18: New instance generated (51 requests)
Episode 20/1500 | Reward: -13.00 (avg: -28.50) | Fitness: 2043.26 (avg: 8309.42) | Steps: 100 | eps: 0.900 | Loss: 0.6074 | Time: 1.05s | Total: 15.03s
Episode 24: New instance generated (50 requests)
Episode 30: New instance generated (52 requests)
Episode 30/1500 | Reward: 8.00 (avg: -27.50) | Fitness: 3231.18 (avg: 8891.81) | Steps: 100 | eps: 0.856 | Loss: 0.7986 | Time: 0.94s | Total: 24.44s
Episode 36: New instance generated (52 requests)
Episode 40/1500 | Reward: -42.00 (avg: -21.20) | Fitness: 13411.30 (avg: 14890.60) | Steps: 100 | eps: 0.814 | Loss: 0.8021 | Time: 0.81s | Total: 33.06s
Episode 42: New instance generated (53 requests)
Episode 45: New population generated
Episode 48: New instance generated (51 requests)
Episode 50/1500 | Reward: -7.00 (avg: -31.70) | Fitness: 1002.75 (avg: 5238.43) | Steps: 100 | eps: 0.774 | Loss: 0.9741 | Time: 0.96s | Total: 42.17s
Episode 54: New instance generated (53 requests)
Episode 60: New instance generated (53 requests)
Episode 60/1500 | Reward: -2.00 (avg: -7.40) | Fitness: 18479.80 (avg: 12798.74) | Steps: 100 | eps: 0.737 | Loss: 0.9911 | Time: 0.92s | Total: 51.36s
Episode 66: New instance generated (51 requests)
Episode 70/1500 | Reward: -11.00 (avg: -12.30) | Fitness: 1024.84 (avg: 9524.18) | Steps: 100 | eps: 0.701 | Loss: 1.0193 | Time: 0.84s | Total: 60.83s
Episode 72: New instance generated (53 requests)
Episode 75: New population generated
Episode 78: New instance generated (51 requests)
Episode 80/1500 | Reward: -20.00 (avg: -8.60) | Fitness: 1899.22 (avg: 10159.66) | Steps: 100 | eps: 0.666 | Loss: 1.0696 | Time: 0.94s | Total: 70.10s
Episode 84: New instance generated (52 requests)
Episode 90: New instance generated (53 requests)
Episode 90/1500 | Reward: -8.00 (avg: -9.80) | Fitness: 21338.51 (avg: 9717.48) | Steps: 100 | eps: 0.634 | Loss: 1.0669 | Time: 0.96s | Total: 79.24s
Episode 96: New instance generated (51 requests)
Episode 100/1500 | Reward: 1.00 (avg: -4.20) | Fitness: 10870.24 (avg: 11732.86) | Steps: 100 | eps: 0.603 | Loss: 0.9664 | Time: 0.82s | Total: 88.49s
Episode 102: New instance generated (52 requests)
Episode 105: New population generated
Episode 108: New instance generated (50 requests)
Episode 110/1500 | Reward: -31.00 (avg: -2.50) | Fitness: 2311.32 (avg: 12569.47) | Steps: 100 | eps: 0.573 | Loss: 0.9673 | Time: 0.97s | Total: 97.73s
Episode 114: New instance generated (50 requests)
Episode 120: New instance generated (51 requests)
Episode 120/1500 | Reward: -19.00 (avg: -12.60) | Fitness: 1466.85 (avg: 2472.89) | Steps: 100 | eps: 0.545 | Loss: 0.8860 | Time: 1.19s | Total: 109.28s
Episode 126: New instance generated (53 requests)
Episode 130/1500 | Reward: 10.00 (avg: 3.50) | Fitness: 12410.60 (avg: 7817.69) | Steps: 100 | eps: 0.519 | Loss: 0.8669 | Time: 0.85s | Total: 119.04s
Episode 132: New instance generated (53 requests)
Episode 135: New population generated
Episode 138: New instance generated (51 requests)
Episode 140/1500 | Reward: -27.00 (avg: -7.20) | Fitness: 1099.41 (avg: 11180.79) | Steps: 100 | eps: 0.493 | Loss: 0.8444 | Time: 0.89s | Total: 128.23s
Episode 144: New instance generated (55 requests)
Episode 150: New instance generated (51 requests)
Episode 150/1500 | Reward: 19.00 (avg: 0.70) | Fitness: 8855.05 (avg: 12736.63) | Steps: 100 | eps: 0.469 | Loss: 0.9057 | Time: 1.28s | Total: 137.90s
Episode 156: New instance generated (55 requests)
Episode 160/1500 | Reward: 4.00 (avg: -11.40) | Fitness: 17230.25 (avg: 7947.54) | Steps: 100 | eps: 0.446 | Loss: 0.8874 | Time: 0.82s | Total: 148.21s
Episode 162: New instance generated (51 requests)
Episode 165: New population generated
Episode 168: New instance generated (55 requests)
Episode 170/1500 | Reward: -8.00 (avg: -5.30) | Fitness: 14899.18 (avg: 9909.14) | Steps: 100 | eps: 0.424 | Loss: 0.8909 | Time: 0.83s | Total: 157.80s
Episode 174: New instance generated (51 requests)
Episode 180: New instance generated (51 requests)
Episode 180/1500 | Reward: -13.00 (avg: 2.20) | Fitness: 1070.87 (avg: 7040.13) | Steps: 100 | eps: 0.404 | Loss: 0.9147 | Time: 1.12s | Total: 168.04s
Episode 186: New instance generated (51 requests)
Episode 190/1500 | Reward: 22.00 (avg: -8.40) | Fitness: 1602.58 (avg: 1321.49) | Steps: 100 | eps: 0.384 | Loss: 0.8849 | Time: 0.85s | Total: 179.54s
Episode 192: New instance generated (52 requests)
Episode 195: New population generated
Episode 198: New instance generated (53 requests)
Episode 200/1500 | Reward: 0.00 (avg: 4.20) | Fitness: 15197.62 (avg: 12968.68) | Steps: 100 | eps: 0.365 | Loss: 0.8705 | Time: 0.84s | Total: 188.37s
Episode 204: New instance generated (53 requests)
Episode 210: New instance generated (51 requests)
Episode 210/1500 | Reward: -4.00 (avg: -9.10) | Fitness: 1036.37 (avg: 15432.74) | Steps: 100 | eps: 0.347 | Loss: 0.9298 | Time: 1.05s | Total: 197.30s
Episode 216: New instance generated (52 requests)
Episode 220/1500 | Reward: -4.00 (avg: 3.40) | Fitness: 2519.14 (avg: 5791.37) | Steps: 100 | eps: 0.330 | Loss: 0.9701 | Time: 0.84s | Total: 206.34s
Episode 222: New instance generated (51 requests)
Episode 225: New population generated
Episode 228: New instance generated (50 requests)
Episode 230/1500 | Reward: -12.00 (avg: -3.10) | Fitness: 1687.74 (avg: 2830.60) | Steps: 100 | eps: 0.314 | Loss: 0.8373 | Time: 1.06s | Total: 218.03s
Episode 234: New instance generated (51 requests)
Episode 240: New instance generated (51 requests)
Episode 240/1500 | Reward: 8.00 (avg: -1.80) | Fitness: 9381.30 (avg: 3624.30) | Steps: 100 | eps: 0.299 | Loss: 0.8407 | Time: 0.97s | Total: 227.97s
Episode 246: New instance generated (53 requests)
Episode 250/1500 | Reward: 7.00 (avg: 4.10) | Fitness: 15011.36 (avg: 7791.43) | Steps: 100 | eps: 0.284 | Loss: 0.8981 | Time: 0.84s | Total: 237.20s
Episode 252: New instance generated (51 requests)
Episode 255: New population generated
Episode 258: New instance generated (55 requests)
Episode 260/1500 | Reward: 8.00 (avg: 10.20) | Fitness: 16646.10 (avg: 7679.62) | Steps: 100 | eps: 0.270 | Loss: 0.8853 | Time: 0.84s | Total: 246.10s
Episode 264: New instance generated (51 requests)
Episode 270: New instance generated (51 requests)
Episode 270/1500 | Reward: -26.00 (avg: 8.60) | Fitness: 12443.58 (avg: 9076.56) | Steps: 100 | eps: 0.257 | Loss: 0.8875 | Time: 1.02s | Total: 255.26s
Episode 276: New instance generated (52 requests)
Episode 280/1500 | Reward: -6.00 (avg: -5.10) | Fitness: 1844.02 (avg: 9401.61) | Steps: 100 | eps: 0.245 | Loss: 0.8814 | Time: 0.86s | Total: 264.38s
Episode 282: New instance generated (51 requests)
Episode 285: New population generated
Episode 288: New instance generated (52 requests)
Episode 290/1500 | Reward: 1.00 (avg: -0.10) | Fitness: 2234.48 (avg: 2287.23) | Steps: 100 | eps: 0.233 | Loss: 0.8827 | Time: 0.84s | Total: 273.39s
Episode 294: New instance generated (51 requests)
Episode 300: New instance generated (52 requests)
Episode 300/1500 | Reward: -10.00 (avg: 4.00) | Fitness: 17771.25 (avg: 6166.94) | Steps: 100 | eps: 0.221 | Loss: 0.8296 | Time: 0.97s | Total: 283.02s
Episode 306: New instance generated (51 requests)
Episode 310/1500 | Reward: 12.00 (avg: 7.00) | Fitness: 2135.27 (avg: 4168.57) | Steps: 100 | eps: 0.210 | Loss: 0.8453 | Time: 0.83s | Total: 292.53s
Episode 312: New instance generated (53 requests)
Episode 315: New population generated
Episode 318: New instance generated (53 requests)
Episode 320/1500 | Reward: 10.00 (avg: 1.20) | Fitness: 15988.96 (avg: 7114.86) | Steps: 100 | eps: 0.200 | Loss: 0.9368 | Time: 0.83s | Total: 301.29s
Episode 324: New instance generated (51 requests)
Episode 330: New instance generated (51 requests)
Episode 330/1500 | Reward: 23.00 (avg: 16.80) | Fitness: 1311.82 (avg: 4660.38) | Steps: 100 | eps: 0.190 | Loss: 0.9238 | Time: 0.97s | Total: 310.40s
Episode 336: New instance generated (53 requests)
Episode 340/1500 | Reward: 14.00 (avg: 15.00) | Fitness: 2901.17 (avg: 5837.29) | Steps: 100 | eps: 0.181 | Loss: 0.9019 | Time: 0.87s | Total: 319.27s
Episode 342: New instance generated (53 requests)
Episode 345: New population generated
Episode 348: New instance generated (51 requests)
Episode 350/1500 | Reward: 17.00 (avg: 12.80) | Fitness: 1107.69 (avg: 8651.68) | Steps: 100 | eps: 0.172 | Loss: 0.8878 | Time: 0.85s | Total: 328.14s
Episode 354: New instance generated (51 requests)
Episode 360: New instance generated (52 requests)
Episode 360/1500 | Reward: 17.00 (avg: 7.40) | Fitness: 13871.17 (avg: 4331.02) | Steps: 100 | eps: 0.164 | Loss: 0.8550 | Time: 0.94s | Total: 337.19s
Episode 366: New instance generated (51 requests)
Episode 370/1500 | Reward: 10.00 (avg: 9.60) | Fitness: 11380.55 (avg: 5712.00) | Steps: 100 | eps: 0.156 | Loss: 0.8719 | Time: 0.82s | Total: 345.87s
Episode 372: New instance generated (51 requests)
Episode 375: New population generated
Episode 378: New instance generated (55 requests)
Episode 380/1500 | Reward: 10.00 (avg: 8.80) | Fitness: 3608.02 (avg: 5108.62) | Steps: 100 | eps: 0.148 | Loss: 0.8940 | Time: 0.84s | Total: 354.51s
Episode 384: New instance generated (51 requests)
Episode 390: New instance generated (50 requests)
Episode 390/1500 | Reward: 31.00 (avg: 9.90) | Fitness: 1622.17 (avg: 4818.00) | Steps: 100 | eps: 0.141 | Loss: 0.8357 | Time: 0.91s | Total: 363.29s
Episode 396: New instance generated (51 requests)
Episode 400/1500 | Reward: 22.00 (avg: 22.60) | Fitness: 1056.42 (avg: 2494.60) | Steps: 100 | eps: 0.134 | Loss: 0.8527 | Time: 0.85s | Total: 372.21s
Episode 402: New instance generated (52 requests)
Episode 405: New population generated
Episode 408: New instance generated (53 requests)
Episode 410/1500 | Reward: 1.00 (avg: 13.30) | Fitness: 13214.34 (avg: 8336.01) | Steps: 100 | eps: 0.127 | Loss: 0.8424 | Time: 0.84s | Total: 380.98s
Episode 414: New instance generated (51 requests)
Episode 420: New instance generated (52 requests)
Episode 420/1500 | Reward: 18.00 (avg: 17.30) | Fitness: 3000.37 (avg: 4619.25) | Steps: 100 | eps: 0.121 | Loss: 0.8700 | Time: 0.98s | Total: 389.90s
Episode 426: New instance generated (51 requests)
Episode 430/1500 | Reward: 13.00 (avg: 17.60) | Fitness: 905.40 (avg: 3845.28) | Steps: 100 | eps: 0.115 | Loss: 0.8390 | Time: 0.83s | Total: 398.61s
Episode 432: New instance generated (53 requests)
Episode 435: New population generated
Episode 438: New instance generated (53 requests)
Episode 440/1500 | Reward: 3.00 (avg: -1.70) | Fitness: 1329.72 (avg: 7800.15) | Steps: 100 | eps: 0.110 | Loss: 0.7924 | Time: 0.85s | Total: 407.43s
Episode 444: New instance generated (53 requests)
Episode 450: New instance generated (53 requests)
Episode 450/1500 | Reward: 26.00 (avg: 17.30) | Fitness: 13899.15 (avg: 5607.04) | Steps: 100 | eps: 0.104 | Loss: 0.8579 | Time: 0.99s | Total: 416.63s
Episode 456: New instance generated (53 requests)
Episode 460/1500 | Reward: 8.00 (avg: 16.90) | Fitness: 2317.85 (avg: 6595.58) | Steps: 100 | eps: 0.100 | Loss: 0.7985 | Time: 0.85s | Total: 425.61s
Episode 462: New instance generated (51 requests)
Episode 465: New population generated
Episode 468: New instance generated (53 requests)
Episode 470/1500 | Reward: 19.00 (avg: 12.80) | Fitness: 2775.96 (avg: 4517.03) | Steps: 100 | eps: 0.100 | Loss: 0.8275 | Time: 0.87s | Total: 434.57s
Episode 474: New instance generated (53 requests)
Episode 480: New instance generated (51 requests)
Episode 480/1500 | Reward: 11.00 (avg: 16.70) | Fitness: 1417.77 (avg: 5075.14) | Steps: 100 | eps: 0.100 | Loss: 0.8214 | Time: 0.99s | Total: 444.00s
Episode 486: New instance generated (53 requests)
Episode 490/1500 | Reward: 27.00 (avg: 19.70) | Fitness: 13850.50 (avg: 5785.18) | Steps: 100 | eps: 0.100 | Loss: 0.8033 | Time: 0.88s | Total: 453.25s
Episode 492: New instance generated (51 requests)
Episode 495: New population generated
Episode 498: New instance generated (51 requests)
Episode 500/1500 | Reward: 14.00 (avg: 16.30) | Fitness: 1312.93 (avg: 4390.52) | Steps: 100 | eps: 0.100 | Loss: 0.7725 | Time: 0.90s | Total: 462.86s
Saved checkpoint to models/rl_mutation_dqn_100_pop10_greedy_hybrid_sparse_42_episode_500.pt
Episode 504: New instance generated (53 requests)
Episode 510: New instance generated (53 requests)
Episode 510/1500 | Reward: 12.00 (avg: 9.20) | Fitness: 2084.68 (avg: 11243.42) | Steps: 100 | eps: 0.100 | Loss: 0.8006 | Time: 1.02s | Total: 472.32s
Episode 516: New instance generated (53 requests)
Episode 520/1500 | Reward: 25.00 (avg: 23.60) | Fitness: 12866.33 (avg: 4087.87) | Steps: 100 | eps: 0.100 | Loss: 0.7640 | Time: 0.89s | Total: 481.38s
Episode 522: New instance generated (51 requests)
Episode 525: New population generated
Episode 528: New instance generated (51 requests)
Episode 530/1500 | Reward: 7.00 (avg: 3.80) | Fitness: 814.27 (avg: 3825.10) | Steps: 100 | eps: 0.100 | Loss: 0.7745 | Time: 0.89s | Total: 490.88s
Episode 534: New instance generated (53 requests)
Episode 540: New instance generated (51 requests)
Episode 540/1500 | Reward: 20.00 (avg: 15.90) | Fitness: 1247.95 (avg: 4837.47) | Steps: 100 | eps: 0.100 | Loss: 0.7992 | Time: 0.96s | Total: 500.00s
Episode 546: New instance generated (50 requests)
Episode 550/1500 | Reward: 20.00 (avg: 18.10) | Fitness: 2061.34 (avg: 1541.05) | Steps: 100 | eps: 0.100 | Loss: 0.7889 | Time: 0.84s | Total: 508.99s
Episode 552: New instance generated (51 requests)
Episode 555: New population generated
Episode 558: New instance generated (51 requests)
Episode 560/1500 | Reward: 15.00 (avg: 18.90) | Fitness: 1237.42 (avg: 1551.32) | Steps: 100 | eps: 0.100 | Loss: 0.7477 | Time: 0.89s | Total: 518.02s
Episode 564: New instance generated (52 requests)
Episode 570: New instance generated (50 requests)
Episode 570/1500 | Reward: 25.00 (avg: 20.90) | Fitness: 2079.45 (avg: 2761.77) | Steps: 100 | eps: 0.100 | Loss: 0.7819 | Time: 1.12s | Total: 527.35s
Episode 576: New instance generated (53 requests)
Episode 580/1500 | Reward: 24.00 (avg: 17.80) | Fitness: 2748.48 (avg: 4287.77) | Steps: 100 | eps: 0.100 | Loss: 0.7533 | Time: 0.89s | Total: 536.89s
Episode 582: New instance generated (51 requests)
Episode 585: New population generated
Episode 588: New instance generated (51 requests)
Episode 590/1500 | Reward: 9.00 (avg: 15.30) | Fitness: 1050.44 (avg: 4119.97) | Steps: 100 | eps: 0.100 | Loss: 0.7775 | Time: 0.84s | Total: 545.79s
Episode 594: New instance generated (51 requests)
Episode 600: New instance generated (51 requests)
Episode 600/1500 | Reward: 30.00 (avg: 16.90) | Fitness: 1809.43 (avg: 2394.54) | Steps: 100 | eps: 0.100 | Loss: 0.7632 | Time: 0.96s | Total: 554.88s
Episode 606: New instance generated (51 requests)
Episode 610/1500 | Reward: 16.00 (avg: 11.60) | Fitness: 892.77 (avg: 2226.34) | Steps: 100 | eps: 0.100 | Loss: 0.7829 | Time: 0.86s | Total: 563.75s
Episode 612: New instance generated (52 requests)
Episode 615: New population generated
Episode 618: New instance generated (51 requests)
Episode 620/1500 | Reward: 12.00 (avg: 17.80) | Fitness: 1656.88 (avg: 5242.48) | Steps: 100 | eps: 0.100 | Loss: 0.7624 | Time: 0.93s | Total: 572.90s
Episode 624: New instance generated (50 requests)
Episode 630: New instance generated (53 requests)
Episode 630/1500 | Reward: 12.00 (avg: 24.00) | Fitness: 2763.76 (avg: 1551.87) | Steps: 100 | eps: 0.100 | Loss: 0.7607 | Time: 1.00s | Total: 582.18s
Episode 636: New instance generated (52 requests)
Episode 640/1500 | Reward: 21.00 (avg: 15.50) | Fitness: 11342.84 (avg: 5166.90) | Steps: 100 | eps: 0.100 | Loss: 0.7889 | Time: 0.87s | Total: 591.24s
Episode 642: New instance generated (53 requests)
Episode 645: New population generated
Episode 648: New instance generated (53 requests)
Episode 650/1500 | Reward: 10.00 (avg: 16.00) | Fitness: 1985.79 (avg: 3182.83) | Steps: 100 | eps: 0.100 | Loss: 0.7437 | Time: 0.87s | Total: 600.33s
Episode 654: New instance generated (51 requests)
Episode 660: New instance generated (50 requests)
Episode 660/1500 | Reward: 19.00 (avg: 14.20) | Fitness: 1645.28 (avg: 4141.61) | Steps: 100 | eps: 0.100 | Loss: 0.7445 | Time: 0.99s | Total: 609.59s
Episode 666: New instance generated (53 requests)
Episode 670/1500 | Reward: 10.00 (avg: 14.20) | Fitness: 1738.17 (avg: 3067.79) | Steps: 100 | eps: 0.100 | Loss: 0.7624 | Time: 0.88s | Total: 618.73s
Episode 672: New instance generated (50 requests)
Episode 675: New population generated
Episode 678: New instance generated (51 requests)
Episode 680/1500 | Reward: 12.00 (avg: 24.90) | Fitness: 888.87 (avg: 1504.30) | Steps: 100 | eps: 0.100 | Loss: 0.7364 | Time: 0.96s | Total: 627.93s
Episode 684: New instance generated (51 requests)
Episode 690: New instance generated (52 requests)
Episode 690/1500 | Reward: 13.00 (avg: 15.60) | Fitness: 2459.72 (avg: 2987.71) | Steps: 100 | eps: 0.100 | Loss: 0.7568 | Time: 0.99s | Total: 637.20s
Episode 696: New instance generated (52 requests)
Episode 700/1500 | Reward: 25.00 (avg: 20.40) | Fitness: 11899.35 (avg: 5647.14) | Steps: 100 | eps: 0.100 | Loss: 0.7633 | Time: 0.87s | Total: 646.67s
Episode 702: New instance generated (50 requests)
Episode 705: New population generated
Episode 708: New instance generated (51 requests)
Episode 710/1500 | Reward: 14.00 (avg: 16.60) | Fitness: 1231.46 (avg: 2724.14) | Steps: 100 | eps: 0.100 | Loss: 0.7107 | Time: 0.86s | Total: 655.64s
Episode 714: New instance generated (51 requests)
Episode 720: New instance generated (51 requests)
Episode 720/1500 | Reward: 18.00 (avg: 19.00) | Fitness: 1027.96 (avg: 1514.11) | Steps: 100 | eps: 0.100 | Loss: 0.7312 | Time: 0.97s | Total: 664.88s
Episode 726: New instance generated (50 requests)
Episode 730/1500 | Reward: 28.00 (avg: 13.90) | Fitness: 11298.48 (avg: 3722.62) | Steps: 100 | eps: 0.100 | Loss: 0.7573 | Time: 0.85s | Total: 673.77s
Episode 732: New instance generated (52 requests)
Episode 735: New population generated
Episode 738: New instance generated (52 requests)
Episode 740/1500 | Reward: 20.00 (avg: 16.30) | Fitness: 2240.66 (avg: 3171.80) | Steps: 100 | eps: 0.100 | Loss: 0.7365 | Time: 0.86s | Total: 682.77s
Episode 744: New instance generated (53 requests)
Episode 750: New instance generated (51 requests)
Episode 750/1500 | Reward: 13.00 (avg: 12.70) | Fitness: 1835.36 (avg: 9122.62) | Steps: 100 | eps: 0.100 | Loss: 0.7266 | Time: 0.98s | Total: 691.90s
Episode 756: New instance generated (51 requests)
Episode 760/1500 | Reward: 32.00 (avg: 21.20) | Fitness: 1614.48 (avg: 1303.20) | Steps: 100 | eps: 0.100 | Loss: 0.7731 | Time: 0.87s | Total: 700.89s
Episode 762: New instance generated (51 requests)
Episode 765: New population generated
Episode 768: New instance generated (53 requests)
Episode 770/1500 | Reward: 17.00 (avg: 15.40) | Fitness: 1934.03 (avg: 3328.22) | Steps: 100 | eps: 0.100 | Loss: 0.7557 | Time: 0.88s | Total: 710.09s
Episode 774: New instance generated (52 requests)
Episode 780: New instance generated (50 requests)
Episode 780/1500 | Reward: 28.00 (avg: 14.10) | Fitness: 1470.05 (avg: 7613.99) | Steps: 100 | eps: 0.100 | Loss: 0.7565 | Time: 0.97s | Total: 719.29s
Episode 786: New instance generated (53 requests)
Episode 790/1500 | Reward: 6.00 (avg: 17.80) | Fitness: 14824.93 (avg: 7567.19) | Steps: 100 | eps: 0.100 | Loss: 0.7985 | Time: 0.86s | Total: 728.42s
Episode 792: New instance generated (53 requests)
Episode 795: New population generated
Episode 798: New instance generated (52 requests)
Episode 800/1500 | Reward: 10.00 (avg: -8.80) | Fitness: 2058.18 (avg: 4575.53) | Steps: 100 | eps: 0.100 | Loss: 0.7556 | Time: 0.86s | Total: 737.36s
Episode 804: New instance generated (53 requests)
Episode 810: New instance generated (53 requests)
Episode 810/1500 | Reward: 9.00 (avg: 16.20) | Fitness: 2806.24 (avg: 6150.82) | Steps: 100 | eps: 0.100 | Loss: 0.7420 | Time: 0.99s | Total: 746.42s
Episode 816: New instance generated (53 requests)
Episode 820/1500 | Reward: 13.00 (avg: 18.70) | Fitness: 3555.51 (avg: 6425.48) | Steps: 100 | eps: 0.100 | Loss: 0.7324 | Time: 0.87s | Total: 755.47s
Episode 822: New instance generated (50 requests)
Episode 825: New population generated
Episode 828: New instance generated (53 requests)
Episode 830/1500 | Reward: 15.00 (avg: 20.40) | Fitness: 2155.49 (avg: 4276.16) | Steps: 100 | eps: 0.100 | Loss: 0.7054 | Time: 0.90s | Total: 764.87s
Episode 834: New instance generated (52 requests)
Episode 840: New instance generated (53 requests)
Episode 840/1500 | Reward: 11.00 (avg: 19.80) | Fitness: 1908.82 (avg: 2194.04) | Steps: 100 | eps: 0.100 | Loss: 0.7384 | Time: 1.00s | Total: 774.30s
Episode 846: New instance generated (52 requests)
Episode 850/1500 | Reward: 7.00 (avg: 16.90) | Fitness: 2512.34 (avg: 4562.28) | Steps: 100 | eps: 0.100 | Loss: 0.7155 | Time: 0.88s | Total: 783.41s
Episode 852: New instance generated (53 requests)
Episode 855: New population generated
Episode 858: New instance generated (52 requests)
Episode 860/1500 | Reward: 29.00 (avg: 21.20) | Fitness: 2439.67 (avg: 5178.31) | Steps: 100 | eps: 0.100 | Loss: 0.7072 | Time: 0.91s | Total: 792.55s
Episode 864: New instance generated (53 requests)
Episode 870: New instance generated (50 requests)
Episode 870/1500 | Reward: 11.00 (avg: 18.20) | Fitness: 1957.39 (avg: 7224.86) | Steps: 100 | eps: 0.100 | Loss: 0.7121 | Time: 1.09s | Total: 802.02s
Episode 876: New instance generated (53 requests)
Episode 880/1500 | Reward: 18.00 (avg: 17.50) | Fitness: 14097.46 (avg: 4965.09) | Steps: 100 | eps: 0.100 | Loss: 0.7279 | Time: 0.89s | Total: 811.48s
Episode 882: New instance generated (50 requests)
Episode 885: New population generated
Episode 888: New instance generated (51 requests)
Episode 890/1500 | Reward: 20.00 (avg: 16.70) | Fitness: 1279.43 (avg: 3512.64) | Steps: 100 | eps: 0.100 | Loss: 0.7503 | Time: 0.89s | Total: 821.10s
Episode 894: New instance generated (51 requests)
Episode 900: New instance generated (51 requests)
Episode 900/1500 | Reward: 8.00 (avg: 17.50) | Fitness: 954.49 (avg: 2678.41) | Steps: 100 | eps: 0.100 | Loss: 0.7254 | Time: 0.99s | Total: 830.31s
Episode 906: New instance generated (51 requests)
Episode 910/1500 | Reward: 17.00 (avg: 11.70) | Fitness: 1154.55 (avg: 3645.50) | Steps: 100 | eps: 0.100 | Loss: 0.7206 | Time: 0.88s | Total: 839.79s
Episode 912: New instance generated (51 requests)
Episode 915: New population generated
Episode 918: New instance generated (53 requests)
Episode 920/1500 | Reward: 27.00 (avg: 20.10) | Fitness: 2862.98 (avg: 3783.84) | Steps: 100 | eps: 0.100 | Loss: 0.7535 | Time: 0.88s | Total: 848.95s
Episode 924: New instance generated (53 requests)
Episode 930: New instance generated (53 requests)
Episode 930/1500 | Reward: 20.00 (avg: 17.50) | Fitness: 12946.94 (avg: 9577.54) | Steps: 100 | eps: 0.100 | Loss: 0.7149 | Time: 1.00s | Total: 858.19s
Episode 936: New instance generated (53 requests)
Episode 940/1500 | Reward: 18.00 (avg: 16.40) | Fitness: 2883.27 (avg: 3842.33) | Steps: 100 | eps: 0.100 | Loss: 0.7248 | Time: 0.88s | Total: 867.35s
Episode 942: New instance generated (52 requests)
Episode 945: New population generated
Episode 948: New instance generated (53 requests)
Episode 950/1500 | Reward: 4.00 (avg: 18.00) | Fitness: 15087.72 (avg: 8575.74) | Steps: 100 | eps: 0.100 | Loss: 0.7282 | Time: 0.88s | Total: 876.45s
Episode 954: New instance generated (50 requests)
Episode 960: New instance generated (52 requests)
Episode 960/1500 | Reward: 12.00 (avg: 18.90) | Fitness: 1663.36 (avg: 4394.57) | Steps: 100 | eps: 0.100 | Loss: 0.7100 | Time: 0.98s | Total: 885.65s
Episode 966: New instance generated (53 requests)
Episode 970/1500 | Reward: 24.00 (avg: 15.00) | Fitness: 2061.73 (avg: 3271.64) | Steps: 100 | eps: 0.100 | Loss: 0.6974 | Time: 0.88s | Total: 894.78s
Episode 972: New instance generated (53 requests)
Episode 975: New population generated
Episode 978: New instance generated (53 requests)
Episode 980/1500 | Reward: 7.00 (avg: 6.20) | Fitness: 12721.20 (avg: 15484.02) | Steps: 100 | eps: 0.100 | Loss: 0.6993 | Time: 0.87s | Total: 904.05s
Episode 984: New instance generated (51 requests)
Episode 990: New instance generated (51 requests)
Episode 990/1500 | Reward: 24.00 (avg: 18.90) | Fitness: 1076.13 (avg: 4386.08) | Steps: 100 | eps: 0.100 | Loss: 0.7034 | Time: 0.97s | Total: 913.28s
Episode 996: New instance generated (50 requests)
Episode 1000/1500 | Reward: 28.00 (avg: 19.40) | Fitness: 1361.56 (avg: 2172.04) | Steps: 100 | eps: 0.100 | Loss: 0.6890 | Time: 1.04s | Total: 922.83s
Saved checkpoint to models/rl_mutation_dqn_100_pop10_greedy_hybrid_sparse_42_episode_1000.pt
Episode 1002: New instance generated (52 requests)
Episode 1005: New population generated
Episode 1008: New instance generated (53 requests)
Episode 1010/1500 | Reward: 10.00 (avg: 21.40) | Fitness: 3391.10 (avg: 5177.88) | Steps: 100 | eps: 0.100 | Loss: 0.6682 | Time: 0.87s | Total: 932.20s
Episode 1014: New instance generated (53 requests)
Episode 1020: New instance generated (52 requests)
Episode 1020/1500 | Reward: 21.00 (avg: 14.00) | Fitness: 14646.70 (avg: 8650.78) | Steps: 100 | eps: 0.100 | Loss: 0.7158 | Time: 1.00s | Total: 941.40s
Episode 1026: New instance generated (53 requests)
Episode 1030/1500 | Reward: 22.00 (avg: 19.00) | Fitness: 1942.73 (avg: 3726.59) | Steps: 100 | eps: 0.100 | Loss: 0.6904 | Time: 0.89s | Total: 950.51s
Episode 1032: New instance generated (51 requests)
Episode 1035: New population generated
Episode 1038: New instance generated (53 requests)
Episode 1040/1500 | Reward: 18.00 (avg: 16.00) | Fitness: 2162.13 (avg: 3480.51) | Steps: 100 | eps: 0.100 | Loss: 0.6546 | Time: 0.90s | Total: 959.74s
Episode 1044: New instance generated (55 requests)
Episode 1050: New instance generated (50 requests)
Episode 1050/1500 | Reward: 28.00 (avg: 15.40) | Fitness: 1509.94 (avg: 8875.57) | Steps: 100 | eps: 0.100 | Loss: 0.6523 | Time: 1.00s | Total: 969.09s
Episode 1056: New instance generated (51 requests)
Episode 1060/1500 | Reward: 29.00 (avg: 20.10) | Fitness: 1953.96 (avg: 1718.60) | Steps: 100 | eps: 0.100 | Loss: 0.6697 | Time: 0.87s | Total: 978.68s
Episode 1062: New instance generated (52 requests)
Episode 1065: New population generated
Episode 1068: New instance generated (53 requests)
Episode 1070/1500 | Reward: 25.00 (avg: 16.40) | Fitness: 2065.73 (avg: 3317.74) | Steps: 100 | eps: 0.100 | Loss: 0.6847 | Time: 0.90s | Total: 987.86s
Episode 1074: New instance generated (51 requests)
Episode 1080: New instance generated (51 requests)
Episode 1080/1500 | Reward: 14.00 (avg: 23.40) | Fitness: 10553.18 (avg: 2536.95) | Steps: 100 | eps: 0.100 | Loss: 0.6720 | Time: 1.03s | Total: 997.38s
Episode 1086: New instance generated (51 requests)
Episode 1090/1500 | Reward: 6.00 (avg: 14.90) | Fitness: 11390.98 (avg: 4616.71) | Steps: 100 | eps: 0.100 | Loss: 0.6546 | Time: 0.91s | Total: 1006.72s
Episode 1092: New instance generated (52 requests)
Episode 1095: New population generated
Episode 1098: New instance generated (51 requests)
Episode 1100/1500 | Reward: 24.00 (avg: 6.60) | Fitness: 9660.01 (avg: 4987.48) | Steps: 100 | eps: 0.100 | Loss: 0.6481 | Time: 0.87s | Total: 1016.58s
Episode 1104: New instance generated (53 requests)
Episode 1110: New instance generated (51 requests)
Episode 1110/1500 | Reward: 5.00 (avg: 9.60) | Fitness: 861.52 (avg: 4986.04) | Steps: 100 | eps: 0.100 | Loss: 0.6468 | Time: 1.00s | Total: 1026.41s
Episode 1116: New instance generated (51 requests)
Episode 1120/1500 | Reward: 23.00 (avg: 18.20) | Fitness: 1411.46 (avg: 2207.00) | Steps: 100 | eps: 0.100 | Loss: 0.6772 | Time: 0.94s | Total: 1035.65s
Episode 1122: New instance generated (50 requests)
Episode 1125: New population generated
Episode 1128: New instance generated (53 requests)
Episode 1130/1500 | Reward: 18.00 (avg: 24.40) | Fitness: 2893.10 (avg: 2984.51) | Steps: 100 | eps: 0.100 | Loss: 0.6420 | Time: 0.88s | Total: 1045.41s
Episode 1134: New instance generated (55 requests)
Episode 1140: New instance generated (52 requests)
Episode 1140/1500 | Reward: 9.00 (avg: 16.60) | Fitness: 2880.01 (avg: 6599.04) | Steps: 100 | eps: 0.100 | Loss: 0.6740 | Time: 1.01s | Total: 1054.76s
Episode 1146: New instance generated (53 requests)
Episode 1150/1500 | Reward: -5.00 (avg: 14.90) | Fitness: 2352.80 (avg: 5208.52) | Steps: 100 | eps: 0.100 | Loss: 0.6574 | Time: 0.90s | Total: 1063.94s
Episode 1152: New instance generated (53 requests)
Episode 1155: New population generated
Episode 1158: New instance generated (51 requests)
Episode 1160/1500 | Reward: 12.00 (avg: 15.60) | Fitness: 982.46 (avg: 4744.71) | Steps: 100 | eps: 0.100 | Loss: 0.6143 | Time: 0.91s | Total: 1073.17s
Episode 1164: New instance generated (50 requests)
Episode 1170: New instance generated (51 requests)
Episode 1170/1500 | Reward: 29.00 (avg: 21.60) | Fitness: 1298.02 (avg: 2264.27) | Steps: 100 | eps: 0.100 | Loss: 0.6326 | Time: 1.08s | Total: 1082.77s
Episode 1176: New instance generated (51 requests)
Episode 1180/1500 | Reward: 15.00 (avg: 17.60) | Fitness: 904.74 (avg: 2178.01) | Steps: 100 | eps: 0.100 | Loss: 0.6545 | Time: 0.90s | Total: 1092.19s
Episode 1182: New instance generated (52 requests)
Episode 1185: New population generated
Episode 1188: New instance generated (50 requests)
Episode 1190/1500 | Reward: 33.00 (avg: 22.60) | Fitness: 1500.32 (avg: 2742.79) | Steps: 100 | eps: 0.100 | Loss: 0.6369 | Time: 0.85s | Total: 1101.29s
Episode 1194: New instance generated (50 requests)
Episode 1200: New instance generated (53 requests)
Episode 1200/1500 | Reward: 25.00 (avg: 17.50) | Fitness: 2421.66 (avg: 1815.78) | Steps: 100 | eps: 0.100 | Loss: 0.6470 | Time: 1.03s | Total: 1111.23s
Episode 1206: New instance generated (52 requests)
Episode 1210/1500 | Reward: 34.00 (avg: 10.80) | Fitness: 1916.28 (avg: 5624.68) | Steps: 100 | eps: 0.100 | Loss: 0.6127 | Time: 0.86s | Total: 1120.35s
Episode 1212: New instance generated (51 requests)
Episode 1215: New population generated
Episode 1218: New instance generated (51 requests)
Episode 1220/1500 | Reward: 30.00 (avg: 17.40) | Fitness: 1809.87 (avg: 2738.13) | Steps: 100 | eps: 0.100 | Loss: 0.5918 | Time: 0.87s | Total: 1129.47s
Episode 1224: New instance generated (53 requests)
Episode 1230: New instance generated (53 requests)
Episode 1230/1500 | Reward: 8.00 (avg: 18.50) | Fitness: 1520.31 (avg: 3200.93) | Steps: 100 | eps: 0.100 | Loss: 0.6252 | Time: 1.01s | Total: 1138.76s
Episode 1236: New instance generated (52 requests)
Episode 1240/1500 | Reward: 18.00 (avg: 21.00) | Fitness: 1476.98 (avg: 3341.56) | Steps: 100 | eps: 0.100 | Loss: 0.5992 | Time: 0.90s | Total: 1148.01s
Episode 1242: New instance generated (51 requests)
Episode 1245: New population generated
Episode 1248: New instance generated (52 requests)
Episode 1250/1500 | Reward: 27.00 (avg: 21.20) | Fitness: 2019.58 (avg: 2907.23) | Steps: 100 | eps: 0.100 | Loss: 0.6144 | Time: 0.88s | Total: 1157.47s
Episode 1254: New instance generated (51 requests)
Episode 1260: New instance generated (51 requests)
Episode 1260/1500 | Reward: 17.00 (avg: 17.80) | Fitness: 1683.25 (avg: 3760.08) | Steps: 100 | eps: 0.100 | Loss: 0.5739 | Time: 1.04s | Total: 1167.17s
Episode 1266: New instance generated (51 requests)
Episode 1270/1500 | Reward: 17.00 (avg: 15.80) | Fitness: 1914.84 (avg: 1975.71) | Steps: 100 | eps: 0.100 | Loss: 0.6032 | Time: 0.94s | Total: 1176.86s
Episode 1272: New instance generated (53 requests)
Episode 1275: New population generated
Episode 1278: New instance generated (51 requests)
Episode 1280/1500 | Reward: 18.00 (avg: 19.40) | Fitness: 869.09 (avg: 2592.51) | Steps: 100 | eps: 0.100 | Loss: 0.6047 | Time: 0.90s | Total: 1186.77s
Episode 1284: New instance generated (51 requests)
Episode 1290: New instance generated (51 requests)
Episode 1290/1500 | Reward: 3.00 (avg: 17.60) | Fitness: 1019.04 (avg: 4653.32) | Steps: 100 | eps: 0.100 | Loss: 0.5800 | Time: 1.05s | Total: 1196.14s
Episode 1296: New instance generated (51 requests)
Episode 1300/1500 | Reward: 5.00 (avg: 13.90) | Fitness: 1194.96 (avg: 930.77) | Steps: 100 | eps: 0.100 | Loss: 0.5860 | Time: 1.05s | Total: 1206.71s
Episode 1302: New instance generated (51 requests)
Episode 1305: New population generated
Episode 1308: New instance generated (51 requests)
Episode 1310/1500 | Reward: 24.00 (avg: 14.90) | Fitness: 1554.61 (avg: 6009.56) | Steps: 100 | eps: 0.100 | Loss: 0.5778 | Time: 0.86s | Total: 1216.07s
Episode 1314: New instance generated (53 requests)
Episode 1320: New instance generated (50 requests)
Episode 1320/1500 | Reward: 6.00 (avg: 21.60) | Fitness: 2358.95 (avg: 2033.88) | Steps: 100 | eps: 0.100 | Loss: 0.5999 | Time: 0.98s | Total: 1225.49s
Episode 1326: New instance generated (53 requests)
Episode 1330/1500 | Reward: 18.00 (avg: 18.00) | Fitness: 16153.71 (avg: 11286.34) | Steps: 100 | eps: 0.100 | Loss: 0.5773 | Time: 0.89s | Total: 1234.63s
Episode 1332: New instance generated (50 requests)
Episode 1335: New population generated
Episode 1338: New instance generated (50 requests)
Episode 1340/1500 | Reward: 21.00 (avg: 19.90) | Fitness: 1645.90 (avg: 2898.39) | Steps: 100 | eps: 0.100 | Loss: 0.5738 | Time: 0.92s | Total: 1243.91s
Episode 1344: New instance generated (53 requests)
Episode 1350: New instance generated (52 requests)
Episode 1350/1500 | Reward: 13.00 (avg: 17.80) | Fitness: 2945.08 (avg: 2930.00) | Steps: 100 | eps: 0.100 | Loss: 0.5783 | Time: 1.01s | Total: 1253.46s
Episode 1356: New instance generated (53 requests)
Episode 1360/1500 | Reward: 28.00 (avg: 18.70) | Fitness: 13035.71 (avg: 6752.50) | Steps: 100 | eps: 0.100 | Loss: 0.5578 | Time: 0.87s | Total: 1262.73s
Episode 1362: New instance generated (51 requests)
Episode 1365: New population generated
Episode 1368: New instance generated (51 requests)
Episode 1370/1500 | Reward: 9.00 (avg: 12.50) | Fitness: 873.71 (avg: 3459.19) | Steps: 100 | eps: 0.100 | Loss: 0.5903 | Time: 0.92s | Total: 1272.09s
Episode 1374: New instance generated (52 requests)
Episode 1380: New instance generated (51 requests)
Episode 1380/1500 | Reward: 6.00 (avg: 14.70) | Fitness: 1355.86 (avg: 3667.69) | Steps: 100 | eps: 0.100 | Loss: 0.5769 | Time: 0.98s | Total: 1281.43s
Episode 1386: New instance generated (51 requests)
Episode 1390/1500 | Reward: 2.00 (avg: 15.80) | Fitness: 2450.21 (avg: 1474.81) | Steps: 100 | eps: 0.100 | Loss: 0.5856 | Time: 0.91s | Total: 1290.82s
Episode 1392: New instance generated (53 requests)
Episode 1395: New population generated
Episode 1398: New instance generated (51 requests)
Episode 1400/1500 | Reward: 24.00 (avg: 22.10) | Fitness: 1777.93 (avg: 3336.51) | Steps: 100 | eps: 0.100 | Loss: 0.5822 | Time: 0.91s | Total: 1300.52s
Episode 1404: New instance generated (51 requests)
Episode 1410: New instance generated (53 requests)
Episode 1410/1500 | Reward: 2.00 (avg: 20.20) | Fitness: 13707.95 (avg: 3921.66) | Steps: 100 | eps: 0.100 | Loss: 0.6025 | Time: 0.98s | Total: 1309.89s
Episode 1416: New instance generated (50 requests)
Episode 1420/1500 | Reward: 27.00 (avg: 18.40) | Fitness: 1831.80 (avg: 2167.78) | Steps: 100 | eps: 0.100 | Loss: 0.5629 | Time: 0.94s | Total: 1319.10s
Episode 1422: New instance generated (53 requests)
Episode 1425: New population generated
Episode 1428: New instance generated (52 requests)
Episode 1430/1500 | Reward: 18.00 (avg: 16.20) | Fitness: 2359.26 (avg: 4465.90) | Steps: 100 | eps: 0.100 | Loss: 0.5719 | Time: 0.94s | Total: 1328.48s
Episode 1434: New instance generated (53 requests)
Episode 1440: New instance generated (50 requests)
Episode 1440/1500 | Reward: 23.00 (avg: 21.10) | Fitness: 1598.24 (avg: 6085.81) | Steps: 100 | eps: 0.100 | Loss: 0.5739 | Time: 0.97s | Total: 1337.93s
Episode 1446: New instance generated (50 requests)
Episode 1450/1500 | Reward: 34.00 (avg: 22.40) | Fitness: 1393.41 (avg: 1422.18) | Steps: 100 | eps: 0.100 | Loss: 0.5621 | Time: 1.00s | Total: 1347.54s
Episode 1452: New instance generated (50 requests)
Episode 1455: New population generated
Episode 1458: New instance generated (53 requests)
Episode 1460/1500 | Reward: 26.00 (avg: 28.10) | Fitness: 2915.51 (avg: 2996.43) | Steps: 100 | eps: 0.100 | Loss: 0.6043 | Time: 0.90s | Total: 1357.20s
Episode 1464: New instance generated (52 requests)
Episode 1470: New instance generated (51 requests)
Episode 1470/1500 | Reward: 24.00 (avg: 21.90) | Fitness: 1779.32 (avg: 4859.55) | Steps: 100 | eps: 0.100 | Loss: 0.6101 | Time: 1.03s | Total: 1366.68s
Episode 1476: New instance generated (53 requests)
Episode 1480/1500 | Reward: 14.00 (avg: 18.50) | Fitness: 15469.36 (avg: 7087.62) | Steps: 100 | eps: 0.100 | Loss: 0.5789 | Time: 0.90s | Total: 1376.11s
Episode 1482: New instance generated (51 requests)
Episode 1485: New population generated
Episode 1488: New instance generated (52 requests)
Episode 1490/1500 | Reward: 19.00 (avg: 15.80) | Fitness: 2727.21 (avg: 5387.50) | Steps: 100 | eps: 0.100 | Loss: 0.5721 | Time: 0.92s | Total: 1385.88s
Episode 1494: New instance generated (53 requests)
Episode 1499/1500 | Reward: 29.00 (avg: 18.60) | Fitness: 3209.36 (avg: 6967.34) | Steps: 100 | eps: 0.100 | Loss: 0.5866 | Time: 0.91s | Total: 1394.35s
Training completed! Saved final model to models/rl_mutation_dqn_100_pop10_greedy_hybrid_sparse_42_final.pt

Training Summary:
Total episodes: 1500
Total time: 1394.45s (0.93s per episode)
Final epsilon: 0.100
Replay buffer size: 100000
TensorBoard logs saved to runs/rl_mutation_dqn_100_pop10_greedy_hybrid_sparse_seed42_1763736235

Training completed!
Final average reward (last 100): 20.17
Final average fitness (last 100): 4526.68
Saved model to models/rl_mutation_dqn_100_pop10_greedy_hybrid_sparse_42_final.pt
  - Weights: models/rl_mutation_dqn_100_pop10_greedy_hybrid_sparse_42_final.pt
  - History: models/rl_mutation_dqn_100_pop10_greedy_hybrid_sparse_42_final_history.pkl
  - Config: models/rl_mutation_dqn_100_pop10_greedy_hybrid_sparse_42_final_config.pkl
  - Operators: ['Reinsert-nC-Max1-NewV-SameV-nF_SameV', 'RouteElimination', 'Flip-Single-Unlimited', 'SwapWithin-random-A-MaxNone', 'SwapBetween-random', 'Transfer-A-Max1', 'Shift-random-A-Max3-Seg3-Dist5', 'TwoOpt']
  - Population features: True

Saved final model to: models/rl_mutation_dqn_100_pop10_greedy_hybrid_sparse_42_final.pt

================================================================================
EVALUATION ON TEST INSTANCES
================================================================================

Evaluation Configuration:
  Test instances: 20
  Episodes per instance: 1
  Test seeds: [42, 111, 222]
  Total evaluations per model: 60

================================================================================
NAIVE BASELINE EVALUATION (Random Operator Selection)
================================================================================

Test Seed 1/3: 42
  1/20 lc108           | Fitness: 47496.71 -> 49388.47 | Δ=-1891.76 (-4.0%) | Diversity: 0.844
  2/20 lc109           | Fitness: 42686.33 -> 47766.52 | Δ=-5080.19 (-11.9%) | Diversity: 0.848
  3/20 lr211           | Fitness: 20190.62 -> 20320.69 | Δ=-130.07 (-0.6%) | Diversity: 0.931
  4/20 lr111           | Fitness: 43874.95 -> 46787.36 | Δ=-2912.41 (-6.6%) | Diversity: 0.853
  5/20 lc109           | Fitness: 41851.21 -> 43512.92 | Δ=-1661.71 (-4.0%) | Diversity: 0.836
  6/20 lr110           | Fitness: 40626.36 -> 40277.29 | Δ=+349.07 (+0.9%) | Diversity: 0.921
  7/20 lr110           | Fitness: 39941.02 -> 45044.33 | Δ=-5103.32 (-12.8%) | Diversity: 0.842
  8/20 lc109           | Fitness: 44787.13 -> 45221.21 | Δ=-434.09 (-1.0%) | Diversity: 0.823
  9/20 lr210           | Fitness: 26795.53 -> 26833.79 | Δ= -38.27 (-0.1%) | Diversity: 0.937
  10/20 lc207           | Fitness: 36805.37 -> 40012.56 | Δ=-3207.19 (-8.7%) | Diversity: 0.827
  11/20 lr110           | Fitness: 40926.28 -> 43689.01 | Δ=-2762.72 (-6.8%) | Diversity: 0.924
  12/20 lc208           | Fitness: 37134.04 -> 39568.62 | Δ=-2434.58 (-6.6%) | Diversity: 0.904
  13/20 lc208           | Fitness: 38208.85 -> 37086.72 | Δ=+1122.13 (+2.9%) | Diversity: 0.938
  14/20 lc108           | Fitness: 48263.42 -> 50512.98 | Δ=-2249.56 (-4.7%) | Diversity: 0.830
  15/20 lc109           | Fitness: 43503.93 -> 49832.69 | Δ=-6328.75 (-14.5%) | Diversity: 0.936
  16/20 lc109           | Fitness: 40272.14 -> 45715.27 | Δ=-5443.12 (-13.5%) | Diversity: 0.828
  17/20 lc207           | Fitness: 37670.64 -> 42118.65 | Δ=-4448.01 (-11.8%) | Diversity: 0.822
  18/20 lc207           | Fitness: 39718.58 -> 39718.58 | Δ=  +0.00 (+0.0%) | Diversity: 0.841
  19/20 lr111           | Fitness: 42395.32 -> 45353.70 | Δ=-2958.38 (-7.0%) | Diversity: 0.899
  20/20 lr209           | Fitness: 27243.60 -> 27084.69 | Δ=+158.91 (+0.6%) | Diversity: 0.940

Test Seed 2/3: 111
  1/20 lc208           | Fitness: 40545.08 -> 40545.08 | Δ=  +0.00 (+0.0%) | Diversity: 0.838
  2/20 lr211           | Fitness: 17656.70 -> 17656.70 | Δ=  +0.00 (+0.0%) | Diversity: 0.826
  3/20 lc109           | Fitness: 40777.73 -> 43777.30 | Δ=-2999.57 (-7.4%) | Diversity: 0.833
  4/20 lc207           | Fitness: 37812.27 -> 37139.85 | Δ=+672.41 (+1.8%) | Diversity: 0.922
  5/20 lr110           | Fitness: 43005.13 -> 45755.89 | Δ=-2750.77 (-6.4%) | Diversity: 0.823
  6/20 lr110           | Fitness: 41636.59 -> 44903.06 | Δ=-3266.48 (-7.8%) | Diversity: 0.832
  7/20 lc207           | Fitness: 38267.40 -> 40127.42 | Δ=-1860.02 (-4.9%) | Diversity: 0.929
  8/20 lc208           | Fitness: 38777.18 -> 33314.59 | Δ=+5462.59 (+14.1%) | Diversity: 0.913
  9/20 lr110           | Fitness: 40906.80 -> 40906.80 | Δ=  +0.00 (+0.0%) | Diversity: 0.840
  10/20 lc207           | Fitness: 38355.96 -> 44204.19 | Δ=-5848.23 (-15.2%) | Diversity: 0.812
  11/20 lc108           | Fitness: 48880.14 -> 51144.41 | Δ=-2264.27 (-4.6%) | Diversity: 0.815
  12/20 lc208           | Fitness: 37944.48 -> 38399.92 | Δ=-455.44 (-1.2%) | Diversity: 0.937
  13/20 lc109           | Fitness: 42041.26 -> 47842.53 | Δ=-5801.27 (-13.8%) | Diversity: 0.827
  14/20 lr112           | Fitness: 39582.94 -> 37768.03 | Δ=+1814.92 (+4.6%) | Diversity: 0.906
  15/20 lc207           | Fitness: 38721.12 -> 47707.03 | Δ=-8985.91 (-23.2%) | Diversity: 0.826
  16/20 lc109           | Fitness: 46349.24 -> 46943.20 | Δ=-593.96 (-1.3%) | Diversity: 0.837
  17/20 lc108           | Fitness: 48527.50 -> 48527.50 | Δ=  +0.00 (+0.0%) | Diversity: 0.842
  18/20 lc208           | Fitness: 35480.16 -> 35480.16 | Δ=  +0.00 (+0.0%) | Diversity: 0.841
  19/20 lr110           | Fitness: 41677.20 -> 42317.18 | Δ=-639.97 (-1.5%) | Diversity: 0.839
  20/20 lr210           | Fitness: 27388.69 -> 30196.82 | Δ=-2808.13 (-10.3%) | Diversity: 0.827

Test Seed 3/3: 222
  1/20 lc108           | Fitness: 47132.25 -> 52414.69 | Δ=-5282.44 (-11.2%) | Diversity: 0.849
  2/20 lr111           | Fitness: 44992.75 -> 44992.75 | Δ=  +0.00 (+0.0%) | Diversity: 0.850
  3/20 lc108           | Fitness: 47257.15 -> 49277.30 | Δ=-2020.14 (-4.3%) | Diversity: 0.845
  4/20 lc207           | Fitness: 39064.60 -> 38471.73 | Δ=+592.87 (+1.5%) | Diversity: 0.931
  5/20 lr209           | Fitness: 25398.01 -> 28618.26 | Δ=-3220.24 (-12.7%) | Diversity: 0.833
  6/20 lr211           | Fitness: 18462.49 -> 19532.21 | Δ=-1069.72 (-5.8%) | Diversity: 0.946
  7/20 lc207           | Fitness: 35903.74 -> 40390.61 | Δ=-4486.88 (-12.5%) | Diversity: 0.933
  8/20 lc207           | Fitness: 36579.79 -> 43155.55 | Δ=-6575.76 (-18.0%) | Diversity: 0.835
  9/20 lc208           | Fitness: 39320.81 -> 42747.35 | Δ=-3426.54 (-8.7%) | Diversity: 0.942
  10/20 lc108           | Fitness: 49952.66 -> 50970.60 | Δ=-1017.94 (-2.0%) | Diversity: 0.859
  11/20 lr110           | Fitness: 39254.41 -> 45023.89 | Δ=-5769.48 (-14.7%) | Diversity: 0.834
  12/20 lc207           | Fitness: 38037.49 -> 32865.69 | Δ=+5171.80 (+13.6%) | Diversity: 0.936
  13/20 lr111           | Fitness: 41133.86 -> 43806.67 | Δ=-2672.81 (-6.5%) | Diversity: 0.936
  14/20 lr112           | Fitness: 38690.74 -> 40919.67 | Δ=-2228.94 (-5.8%) | Diversity: 0.827
  15/20 lr111           | Fitness: 42996.77 -> 43811.16 | Δ=-814.39 (-1.9%) | Diversity: 0.839
  16/20 lr209           | Fitness: 26763.59 -> 22790.50 | Δ=+3973.09 (+14.8%) | Diversity: 0.934
  17/20 lr110           | Fitness: 41129.94 -> 42095.95 | Δ=-966.00 (-2.3%) | Diversity: 0.895
  18/20 lc108           | Fitness: 48529.15 -> 52107.23 | Δ=-3578.08 (-7.4%) | Diversity: 0.831
  19/20 lc108           | Fitness: 47486.99 -> 51214.66 | Δ=-3727.67 (-7.8%) | Diversity: 0.840
  20/20 lc109           | Fitness: 46222.27 -> 47884.34 | Δ=-1662.08 (-3.6%) | Diversity: 0.930

================================================================================
BASELINE SUMMARY
================================================================================
Average initial best fitness: 39317.25
Average final best fitness: 41226.58
Average improvement: -1909.32 (-4.71%)
Average final best diversity: 0.870
Average final mean diversity: 0.870

================================================================================
RL MODEL EVALUATION
================================================================================

================================================================================
Evaluating model: models/rl_mutation_dqn_100_pop10_greedy_hybrid_sparse_42_final.pt
================================================================================
Detected: DQN
Successfully loaded model

Test Seed 1/3: 42
  1/20 lc108           | Fitness: 47496.71 -> 25099.38 | Δ=+22397.33 (+47.2%) | Diversity: 0.896
  2/20 lc109           | Fitness: 42686.33 -> 30883.28 | Δ=+11803.05 (+27.7%) | Diversity: 0.896
  3/20 lr211           | Fitness: 20190.62 -> 14835.87 | Δ=+5354.75 (+26.5%) | Diversity: 0.943
  4/20 lr111           | Fitness: 43874.95 -> 42104.99 | Δ=+1769.96 (+4.0%) | Diversity: 0.925
  5/20 lc109           | Fitness: 41851.21 -> 24304.55 | Δ=+17546.66 (+41.9%) | Diversity: 0.906
  6/20 lr110           | Fitness: 40626.36 -> 37048.95 | Δ=+3577.41 (+8.8%) | Diversity: 0.886
  7/20 lr110           | Fitness: 39941.02 -> 35775.75 | Δ=+4165.27 (+10.4%) | Diversity: 0.885
  8/20 lc109           | Fitness: 44787.13 -> 23075.36 | Δ=+21711.76 (+48.5%) | Diversity: 0.889
  9/20 lr210           | Fitness: 26795.53 -> 14357.74 | Δ=+12437.78 (+46.4%) | Diversity: 0.933
  10/20 lc207           | Fitness: 36805.37 -> 17393.18 | Δ=+19412.19 (+52.7%) | Diversity: 0.929
  11/20 lr110           | Fitness: 40926.28 -> 34631.29 | Δ=+6295.00 (+15.4%) | Diversity: 0.882
  12/20 lc208           | Fitness: 37134.04 -> 9905.23 | Δ=+27228.81 (+73.3%) | Diversity: 0.957
  13/20 lc208           | Fitness: 38208.85 -> 23381.06 | Δ=+14827.79 (+38.8%) | Diversity: 0.941
  14/20 lc108           | Fitness: 48263.42 -> 43197.03 | Δ=+5066.39 (+10.5%) | Diversity: 0.897
  15/20 lc109           | Fitness: 43503.93 -> 30865.17 | Δ=+12638.76 (+29.1%) | Diversity: 0.897
  16/20 lc109           | Fitness: 40272.14 -> 30041.37 | Δ=+10230.78 (+25.4%) | Diversity: 0.884
  17/20 lc207           | Fitness: 37670.64 -> 23772.79 | Δ=+13897.85 (+36.9%) | Diversity: 0.926
  18/20 lc207           | Fitness: 39718.58 -> 13625.51 | Δ=+26093.07 (+65.7%) | Diversity: 0.947
  19/20 lr111           | Fitness: 42395.32 -> 43381.52 | Δ=-986.20 (-2.3%) | Diversity: 0.900
  20/20 lr209           | Fitness: 27243.60 -> 14583.59 | Δ=+12660.01 (+46.5%) | Diversity: 0.948

Test Seed 2/3: 111
  1/20 lc208           | Fitness: 40545.08 -> 21110.82 | Δ=+19434.26 (+47.9%) | Diversity: 0.934
  2/20 lr211           | Fitness: 17656.70 -> 10994.54 | Δ=+6662.15 (+37.7%) | Diversity: 0.943
  3/20 lc109           | Fitness: 40777.73 -> 27729.46 | Δ=+13048.28 (+32.0%) | Diversity: 0.893
  4/20 lc207           | Fitness: 37812.27 -> 21751.19 | Δ=+16061.08 (+42.5%) | Diversity: 0.915
  5/20 lr110           | Fitness: 43005.13 -> 30271.65 | Δ=+12733.47 (+29.6%) | Diversity: 0.889
  6/20 lr110           | Fitness: 41636.59 -> 42439.34 | Δ=-802.75 (-1.9%) | Diversity: 0.855
  7/20 lc207           | Fitness: 38267.40 -> 19029.96 | Δ=+19237.44 (+50.3%) | Diversity: 0.947
  8/20 lc208           | Fitness: 38777.18 -> 20911.53 | Δ=+17865.65 (+46.1%) | Diversity: 0.926
  9/20 lr110           | Fitness: 40906.80 -> 29805.53 | Δ=+11101.27 (+27.1%) | Diversity: 0.889
  10/20 lc207           | Fitness: 38355.96 -> 22538.76 | Δ=+15817.20 (+41.2%) | Diversity: 0.916
  11/20 lc108           | Fitness: 48880.14 -> 30658.22 | Δ=+18221.92 (+37.3%) | Diversity: 0.886
  12/20 lc208           | Fitness: 37944.48 -> 25189.33 | Δ=+12755.15 (+33.6%) | Diversity: 0.924
  13/20 lc109           | Fitness: 42041.26 -> 31467.37 | Δ=+10573.89 (+25.2%) | Diversity: 0.877
  14/20 lr112           | Fitness: 39582.94 -> 35481.08 | Δ=+4101.86 (+10.4%) | Diversity: 0.913
  15/20 lc207           | Fitness: 38721.12 -> 20273.03 | Δ=+18448.09 (+47.6%) | Diversity: 0.951
  16/20 lc109           | Fitness: 46349.24 -> 25373.92 | Δ=+20975.32 (+45.3%) | Diversity: 0.892
  17/20 lc108           | Fitness: 48527.50 -> 28780.13 | Δ=+19747.36 (+40.7%) | Diversity: 0.904
  18/20 lc208           | Fitness: 35480.16 -> 18500.70 | Δ=+16979.46 (+47.9%) | Diversity: 0.931
  19/20 lr110           | Fitness: 41677.20 -> 36141.17 | Δ=+5536.03 (+13.3%) | Diversity: 0.871
  20/20 lr210           | Fitness: 27388.69 -> 15518.46 | Δ=+11870.23 (+43.3%) | Diversity: 0.931

Test Seed 3/3: 222
  1/20 lc108           | Fitness: 47132.25 -> 28278.95 | Δ=+18853.30 (+40.0%) | Diversity: 0.903
  2/20 lr111           | Fitness: 44992.75 -> 34458.58 | Δ=+10534.17 (+23.4%) | Diversity: 0.899
  3/20 lc108           | Fitness: 47257.15 -> 31070.56 | Δ=+16186.60 (+34.3%) | Diversity: 0.889
  4/20 lc207           | Fitness: 39064.60 -> 27176.72 | Δ=+11887.88 (+30.4%) | Diversity: 0.918
  5/20 lr209           | Fitness: 25398.01 -> 11501.64 | Δ=+13896.37 (+54.7%) | Diversity: 0.953
  6/20 lr211           | Fitness: 18462.49 -> 23072.62 | Δ=-4610.14 (-25.0%) | Diversity: 0.931
  7/20 lc207           | Fitness: 35903.74 -> 21721.63 | Δ=+14182.11 (+39.5%) | Diversity: 0.943
  8/20 lc207           | Fitness: 36579.79 -> 32329.38 | Δ=+4250.41 (+11.6%) | Diversity: 0.932
  9/20 lc208           | Fitness: 39320.81 -> 18049.42 | Δ=+21271.40 (+54.1%) | Diversity: 0.945
  10/20 lc108           | Fitness: 49952.66 -> 37131.93 | Δ=+12820.73 (+25.7%) | Diversity: 0.913
  11/20 lr110           | Fitness: 39254.41 -> 31404.06 | Δ=+7850.35 (+20.0%) | Diversity: 0.881
  12/20 lc207           | Fitness: 38037.49 -> 28856.77 | Δ=+9180.73 (+24.1%) | Diversity: 0.900
  13/20 lr111           | Fitness: 41133.86 -> 30431.93 | Δ=+10701.93 (+26.0%) | Diversity: 0.921
  14/20 lr112           | Fitness: 38690.74 -> 24193.83 | Δ=+14496.91 (+37.5%) | Diversity: 0.894
  15/20 lr111           | Fitness: 42996.77 -> 34651.67 | Δ=+8345.10 (+19.4%) | Diversity: 0.882
  16/20 lr209           | Fitness: 26763.59 -> 19665.04 | Δ=+7098.56 (+26.5%) | Diversity: 0.937
  17/20 lr110           | Fitness: 41129.94 -> 36806.74 | Δ=+4323.21 (+10.5%) | Diversity: 0.859
  18/20 lc108           | Fitness: 48529.15 -> 26771.86 | Δ=+21757.29 (+44.8%) | Diversity: 0.890
  19/20 lc108           | Fitness: 47486.99 -> 30493.48 | Δ=+16993.51 (+35.8%) | Diversity: 0.898
  20/20 lc109           | Fitness: 46222.27 -> 27699.19 | Δ=+18523.08 (+40.1%) | Diversity: 0.910

================================================================================
RL MODEL SUMMARY
================================================================================
Average initial best fitness: 39317.25
Average final best fitness: 26699.93
Average improvement: +12617.32 (+32.06%)
Average final best diversity: 0.911
Average final mean diversity: 0.911

Per-Instance Results:
  lc108           ( 9 tests): Δ=+16893.83 (+35.1%) | Diversity: 0.897
  lc109           ( 9 tests): Δ=+15227.95 (+35.0%) | Diversity: 0.894
  lc207           (11 tests): Δ=+15315.28 (+40.2%) | Diversity: 0.929
  lc208           ( 7 tests): Δ=+18623.22 (+48.8%) | Diversity: 0.937
  lr110           ( 9 tests): Δ=+6086.58 (+14.8%) | Diversity: 0.877
  lr111           ( 5 tests): Δ=+6072.99 (+14.1%) | Diversity: 0.905
  lr112           ( 2 tests): Δ=+9299.38 (+23.9%) | Diversity: 0.904
  lr209           ( 3 tests): Δ=+11218.31 (+42.6%) | Diversity: 0.946
  lr210           ( 2 tests): Δ=+12154.01 (+44.9%) | Diversity: 0.932
  lr211           ( 3 tests): Δ=+2468.92 (+13.1%) | Diversity: 0.939

================================================================================
COMPARISON: RL MODEL vs NAIVE BASELINE
================================================================================

Average Final Best Fitness:
  Baseline: 41226.58
  RL Model: 26699.93
  Difference: +14526.65 (RL better by 14526.65)

Average Improvement:
  Baseline: -1909.32 (-4.71%)
  RL Model: +12617.32 (+32.06%)
  Difference: +14526.65 (+36.77%)

Average Final Diversity:
  Baseline: 0.870
  RL Model: 0.911
  Difference: +0.041 (+4.67%)

Win/Loss/Tie (RL vs Baseline):
  Wins:    59 (98.3%)
  Losses:   1 (1.7%)
  Ties:     0 (0.0%)
