Logging to: logs/training_rl_mutation_dqn_100_pop10_greedy_hybrid_sparse_set3_seed42_1765280164.log
================================================================================
Using Standard Replay Buffer
Algorithm: DQN
n-step returns: n=3

Train/Test Split (ratio=0.8):
  lc1:
    Train (7): ['lc101', 'lc102', 'lc103', 'lc104', 'lc105', 'lc106', 'lc107']
    Test  (2): ['lc108', 'lc109']
  lc2:
    Train (6): ['lc201', 'lc202', 'lc203', 'lc204', 'lc205', 'lc206']
    Test  (2): ['lc207', 'lc208']
  lr1:
    Train (9): ['lr101', 'lr102', 'lr103', 'lr104', 'lr105', 'lr106', 'lr107', 'lr108', 'lr109']
    Test  (3): ['lr110', 'lr111', 'lr112']
  lr2:
    Train (8): ['lr201', 'lr202', 'lr203', 'lr204', 'lr205', 'lr206', 'lr207', 'lr208']
    Test  (3): ['lr209', 'lr210', 'lr211']

Starting RL Mutation Training on size 100 instances...
Algorithm: DQN
Categories: ['lc1', 'lc2', 'lr1', 'lr2']
Population size: 10
Population features: ENABLED
Include NoOp: False
Operator preset: set3
Operators: ['Reinsert-nC-Max1-NewV-SameV-nF_SameV', 'Reinsert-C-Max5-NewV-SameV-nF_SameV', 'RouteElimination', 'Flip-All-Unlimited', 'Merge-min-N2-F-R', 'Merge-random-N2-F-R', 'TwoOpt', 'SwapWithin-random-A-MaxNone', 'SwapWithin-random-S-MaxNone', 'SwapBetween-random', 'Transfer-A-Max1', 'Transfer-S-Max1', 'Shift-random-A-Max5-Seg4-Dist2', 'Shift-best-A-Max5-Seg4-Dist2', 'CLS-M2', 'CLS-M3', 'CLS-M4']
Random seed set to 42
TensorBoard logging enabled: runs/rl_mutation_dqn_100_pop10_greedy_hybrid_sparse_set3_seed42_1765280164
Starting RL Mutation training for 1500 episodes...
State dim: 81, Action dim: 17
Population features: ENABLED
Operators: ['Reinsert-nC-Max1-NewV-SameV-nF_SameV', 'Reinsert-C-Max5-NewV-SameV-nF_SameV', 'RouteElimination', 'Flip-All-Unlimited', 'Merge-min-N2-F-R', 'Merge-random-N2-F-R', 'TwoOpt', 'SwapWithin-random-A-MaxNone', 'SwapWithin-random-S-MaxNone', 'SwapBetween-random', 'Transfer-A-Max1', 'Transfer-S-Max1', 'Shift-random-A-Max5-Seg4-Dist2', 'Shift-best-A-Max5-Seg4-Dist2', 'CLS-M2', 'CLS-M3', 'CLS-M4']
Episode 0: New instance generated (53 requests)
Episode 0/1500 | Reward: 7.00 (avg: 7.00) | Fitness: 2386.85 (avg: 2386.85) | Steps: 100 | eps: 0.995 | Loss: 0.0000 | Time: 0.56s | Total: 0.71s
Episode 6: New instance generated (53 requests)
Episode 10/1500 | Reward: -24.00 (avg: -9.90) | Fitness: 14087.52 (avg: 11528.80) | Steps: 100 | eps: 0.946 | Loss: 0.5712 | Time: 1.01s | Total: 4.86s
Episode 12: New instance generated (51 requests)
Episode 15: New population generated
Episode 18: New instance generated (51 requests)
Episode 20/1500 | Reward: 3.00 (avg: -10.40) | Fitness: 1443.86 (avg: 1534.00) | Steps: 100 | eps: 0.900 | Loss: 0.5455 | Time: 0.84s | Total: 13.85s
Episode 24: New instance generated (51 requests)
Episode 30: New instance generated (50 requests)
Episode 30/1500 | Reward: -16.00 (avg: -25.10) | Fitness: 2608.98 (avg: 1856.43) | Steps: 100 | eps: 0.856 | Loss: 0.8684 | Time: 1.02s | Total: 22.93s
Episode 36: New instance generated (53 requests)
Episode 40/1500 | Reward: -15.00 (avg: -17.50) | Fitness: 17205.35 (avg: 6273.27) | Steps: 100 | eps: 0.814 | Loss: 0.8029 | Time: 0.81s | Total: 32.13s
Episode 42: New instance generated (53 requests)
Episode 45: New population generated
Episode 48: New instance generated (53 requests)
Episode 50/1500 | Reward: -30.00 (avg: -17.90) | Fitness: 13273.24 (avg: 12182.57) | Steps: 100 | eps: 0.774 | Loss: 0.7833 | Time: 0.83s | Total: 40.61s
Episode 54: New instance generated (51 requests)
Episode 60: New instance generated (53 requests)
Episode 60/1500 | Reward: -17.00 (avg: -10.70) | Fitness: 2457.51 (avg: 6359.32) | Steps: 100 | eps: 0.737 | Loss: 0.8302 | Time: 1.03s | Total: 50.11s
Episode 66: New instance generated (53 requests)
Episode 70/1500 | Reward: -16.00 (avg: -15.20) | Fitness: 2144.91 (avg: 11003.47) | Steps: 100 | eps: 0.701 | Loss: 0.8532 | Time: 0.86s | Total: 58.96s
Episode 72: New instance generated (53 requests)
Episode 75: New population generated
Episode 78: New instance generated (51 requests)
Episode 80/1500 | Reward: -30.00 (avg: -16.50) | Fitness: 1582.36 (avg: 8385.49) | Steps: 100 | eps: 0.666 | Loss: 0.9443 | Time: 0.89s | Total: 68.01s
Episode 84: New instance generated (51 requests)
Episode 90: New instance generated (51 requests)
Episode 90/1500 | Reward: -2.00 (avg: -22.50) | Fitness: 10428.95 (avg: 2743.86) | Steps: 100 | eps: 0.634 | Loss: 0.9477 | Time: 0.99s | Total: 77.60s
Episode 96: New instance generated (52 requests)
Episode 100/1500 | Reward: -23.00 (avg: -14.00) | Fitness: 2026.74 (avg: 4740.63) | Steps: 100 | eps: 0.603 | Loss: 0.9992 | Time: 0.86s | Total: 86.81s
Episode 102: New instance generated (51 requests)
Episode 105: New population generated
Episode 108: New instance generated (52 requests)
Episode 110/1500 | Reward: 3.00 (avg: -11.20) | Fitness: 2297.13 (avg: 2758.71) | Steps: 100 | eps: 0.573 | Loss: 0.9396 | Time: 0.83s | Total: 95.83s
Episode 114: New instance generated (53 requests)
Episode 120: New instance generated (52 requests)
Episode 120/1500 | Reward: -4.00 (avg: -10.40) | Fitness: 14250.22 (avg: 7950.99) | Steps: 100 | eps: 0.545 | Loss: 0.9691 | Time: 0.98s | Total: 104.78s
Episode 126: New instance generated (50 requests)
Episode 130/1500 | Reward: -8.00 (avg: -1.80) | Fitness: 1747.75 (avg: 4425.04) | Steps: 100 | eps: 0.519 | Loss: 1.0296 | Time: 0.94s | Total: 113.66s
Episode 132: New instance generated (53 requests)
Episode 135: New population generated
Episode 138: New instance generated (52 requests)
Episode 140/1500 | Reward: 8.00 (avg: -0.30) | Fitness: 2341.06 (avg: 8377.19) | Steps: 100 | eps: 0.493 | Loss: 0.9803 | Time: 0.86s | Total: 122.53s
Episode 144: New instance generated (51 requests)
Episode 150: New instance generated (51 requests)
Episode 150/1500 | Reward: -16.00 (avg: -8.00) | Fitness: 1815.46 (avg: 1715.33) | Steps: 100 | eps: 0.469 | Loss: 0.9422 | Time: 1.01s | Total: 131.79s
Episode 156: New instance generated (53 requests)
Episode 160/1500 | Reward: 15.00 (avg: -5.60) | Fitness: 13033.33 (avg: 5545.30) | Steps: 100 | eps: 0.446 | Loss: 0.9866 | Time: 0.85s | Total: 141.22s
Episode 162: New instance generated (51 requests)
Episode 165: New population generated
Episode 168: New instance generated (53 requests)
Episode 170/1500 | Reward: -2.00 (avg: 0.60) | Fitness: 13931.35 (avg: 5011.97) | Steps: 100 | eps: 0.424 | Loss: 0.9623 | Time: 0.86s | Total: 150.36s
Episode 174: New instance generated (51 requests)
Episode 180: New instance generated (51 requests)
Episode 180/1500 | Reward: -51.00 (avg: -6.70) | Fitness: 2005.56 (avg: 1747.03) | Steps: 100 | eps: 0.404 | Loss: 0.9978 | Time: 0.97s | Total: 159.84s
Episode 186: New instance generated (53 requests)
Episode 190/1500 | Reward: 10.00 (avg: 5.20) | Fitness: 1160.51 (avg: 6988.12) | Steps: 100 | eps: 0.384 | Loss: 0.9444 | Time: 0.88s | Total: 169.24s
Episode 192: New instance generated (52 requests)
Episode 195: New population generated
Episode 198: New instance generated (51 requests)
Episode 200/1500 | Reward: 12.00 (avg: 4.30) | Fitness: 1336.68 (avg: 3485.78) | Steps: 100 | eps: 0.365 | Loss: 0.9430 | Time: 0.88s | Total: 178.16s
Episode 204: New instance generated (52 requests)
Episode 210: New instance generated (51 requests)
Episode 210/1500 | Reward: 19.00 (avg: 1.60) | Fitness: 1065.21 (avg: 2635.23) | Steps: 100 | eps: 0.347 | Loss: 0.9412 | Time: 1.00s | Total: 187.64s
Episode 216: New instance generated (51 requests)
Episode 220/1500 | Reward: 18.00 (avg: 11.00) | Fitness: 1327.01 (avg: 1333.89) | Steps: 100 | eps: 0.330 | Loss: 0.9854 | Time: 0.97s | Total: 196.90s
Episode 222: New instance generated (53 requests)
Episode 225: New population generated
Episode 228: New instance generated (50 requests)
Episode 230/1500 | Reward: 16.00 (avg: -2.20) | Fitness: 1593.47 (avg: 1688.71) | Steps: 100 | eps: 0.314 | Loss: 0.9863 | Time: 1.22s | Total: 206.74s
Episode 234: New instance generated (53 requests)
Episode 240: New instance generated (53 requests)
Episode 240/1500 | Reward: 22.00 (avg: 8.80) | Fitness: 1355.23 (avg: 3838.23) | Steps: 100 | eps: 0.299 | Loss: 1.0210 | Time: 1.01s | Total: 216.16s
Episode 246: New instance generated (52 requests)
Episode 250/1500 | Reward: 10.00 (avg: 10.50) | Fitness: 1310.88 (avg: 1670.66) | Steps: 100 | eps: 0.284 | Loss: 0.9824 | Time: 0.90s | Total: 225.43s
Episode 252: New instance generated (51 requests)
Episode 255: New population generated
Episode 258: New instance generated (53 requests)
Episode 260/1500 | Reward: 13.00 (avg: 8.80) | Fitness: 2137.36 (avg: 2624.29) | Steps: 100 | eps: 0.270 | Loss: 1.0006 | Time: 0.88s | Total: 234.55s
Episode 264: New instance generated (51 requests)
Episode 270: New instance generated (51 requests)
Episode 270/1500 | Reward: 27.00 (avg: 14.00) | Fitness: 1275.46 (avg: 2223.28) | Steps: 100 | eps: 0.257 | Loss: 1.0336 | Time: 1.01s | Total: 244.04s
Episode 276: New instance generated (51 requests)
Episode 280/1500 | Reward: 15.00 (avg: 16.50) | Fitness: 1006.61 (avg: 2042.38) | Steps: 100 | eps: 0.245 | Loss: 1.0303 | Time: 0.90s | Total: 253.79s
Episode 282: New instance generated (53 requests)
Episode 285: New population generated
Episode 288: New instance generated (51 requests)
Episode 290/1500 | Reward: 25.00 (avg: 7.60) | Fitness: 1249.60 (avg: 1989.72) | Steps: 100 | eps: 0.233 | Loss: 1.0108 | Time: 0.90s | Total: 263.05s
Episode 294: New instance generated (51 requests)
Episode 300: New instance generated (51 requests)
Episode 300/1500 | Reward: 28.00 (avg: 17.30) | Fitness: 1232.11 (avg: 890.33) | Steps: 100 | eps: 0.221 | Loss: 1.0078 | Time: 1.04s | Total: 272.71s
Episode 306: New instance generated (53 requests)
Episode 310/1500 | Reward: 10.00 (avg: 13.60) | Fitness: 2102.05 (avg: 1256.19) | Steps: 100 | eps: 0.210 | Loss: 0.9549 | Time: 0.93s | Total: 282.44s
Episode 312: New instance generated (50 requests)
Episode 315: New population generated
Episode 318: New instance generated (53 requests)
Episode 320/1500 | Reward: -10.00 (avg: 17.80) | Fitness: 11985.27 (avg: 3604.33) | Steps: 100 | eps: 0.200 | Loss: 1.0065 | Time: 0.92s | Total: 292.21s
Episode 324: New instance generated (52 requests)
Episode 330: New instance generated (53 requests)
Episode 330/1500 | Reward: 20.00 (avg: 6.40) | Fitness: 3120.70 (avg: 5387.83) | Steps: 100 | eps: 0.190 | Loss: 0.9769 | Time: 1.03s | Total: 301.60s
Episode 336: New instance generated (53 requests)
Episode 340/1500 | Reward: 12.00 (avg: 10.30) | Fitness: 1318.31 (avg: 4734.34) | Steps: 100 | eps: 0.181 | Loss: 0.9850 | Time: 0.91s | Total: 310.95s
Episode 342: New instance generated (53 requests)
Episode 345: New population generated
Episode 348: New instance generated (52 requests)
Episode 350/1500 | Reward: 15.00 (avg: 5.90) | Fitness: 1476.95 (avg: 6741.31) | Steps: 100 | eps: 0.172 | Loss: 0.9616 | Time: 0.90s | Total: 320.29s
Episode 354: New instance generated (53 requests)
Episode 360: New instance generated (52 requests)
Episode 360/1500 | Reward: 5.00 (avg: 5.50) | Fitness: 1280.25 (avg: 1726.45) | Steps: 100 | eps: 0.164 | Loss: 0.9468 | Time: 1.06s | Total: 329.82s
Episode 366: New instance generated (51 requests)
Episode 370/1500 | Reward: 25.00 (avg: 17.20) | Fitness: 1871.77 (avg: 1791.03) | Steps: 100 | eps: 0.156 | Loss: 0.9632 | Time: 0.87s | Total: 339.04s
Episode 372: New instance generated (53 requests)
Episode 375: New population generated
Episode 378: New instance generated (53 requests)
Episode 380/1500 | Reward: 4.00 (avg: 11.80) | Fitness: 1325.58 (avg: 2887.97) | Steps: 100 | eps: 0.148 | Loss: 0.9313 | Time: 0.90s | Total: 348.30s
Episode 384: New instance generated (53 requests)
Episode 390: New instance generated (51 requests)
Episode 390/1500 | Reward: 23.00 (avg: 17.90) | Fitness: 902.00 (avg: 1320.48) | Steps: 100 | eps: 0.141 | Loss: 0.9221 | Time: 1.04s | Total: 357.71s
Episode 396: New instance generated (50 requests)
Episode 400/1500 | Reward: 28.00 (avg: 19.50) | Fitness: 1558.78 (avg: 1320.26) | Steps: 100 | eps: 0.134 | Loss: 0.9465 | Time: 0.96s | Total: 367.23s
Episode 402: New instance generated (51 requests)
Episode 405: New population generated
Episode 408: New instance generated (52 requests)
Episode 410/1500 | Reward: 23.00 (avg: 23.00) | Fitness: 2500.91 (avg: 1367.18) | Steps: 100 | eps: 0.127 | Loss: 0.9788 | Time: 0.88s | Total: 376.49s
Episode 414: New instance generated (50 requests)
Episode 420: New instance generated (53 requests)
Episode 420/1500 | Reward: 9.00 (avg: 13.00) | Fitness: 1245.05 (avg: 3003.63) | Steps: 100 | eps: 0.121 | Loss: 1.0096 | Time: 1.02s | Total: 385.85s
Episode 426: New instance generated (53 requests)
Episode 430/1500 | Reward: 14.00 (avg: 16.60) | Fitness: 1262.45 (avg: 1536.56) | Steps: 100 | eps: 0.115 | Loss: 0.9387 | Time: 0.90s | Total: 394.98s
Episode 432: New instance generated (53 requests)
Episode 435: New population generated
Episode 438: New instance generated (51 requests)
Episode 440/1500 | Reward: 24.00 (avg: 21.50) | Fitness: 2244.36 (avg: 1824.78) | Steps: 100 | eps: 0.110 | Loss: 0.9711 | Time: 0.87s | Total: 404.02s
Episode 444: New instance generated (52 requests)
Episode 450: New instance generated (51 requests)
Episode 450/1500 | Reward: 25.00 (avg: 20.90) | Fitness: 873.35 (avg: 1392.06) | Steps: 100 | eps: 0.104 | Loss: 0.9584 | Time: 1.03s | Total: 413.40s
Episode 456: New instance generated (53 requests)
Episode 460/1500 | Reward: 13.00 (avg: 13.50) | Fitness: 1160.51 (avg: 1052.21) | Steps: 100 | eps: 0.100 | Loss: 0.9709 | Time: 0.91s | Total: 423.17s
Episode 462: New instance generated (51 requests)
Episode 465: New population generated
Episode 468: New instance generated (51 requests)
Episode 470/1500 | Reward: 22.00 (avg: 21.50) | Fitness: 8895.91 (avg: 2101.18) | Steps: 100 | eps: 0.100 | Loss: 1.0131 | Time: 0.90s | Total: 432.33s
Episode 474: New instance generated (50 requests)
Episode 480: New instance generated (51 requests)
Episode 480/1500 | Reward: 19.00 (avg: 12.60) | Fitness: 1046.88 (avg: 1289.17) | Steps: 100 | eps: 0.100 | Loss: 0.9608 | Time: 1.04s | Total: 442.23s
Episode 486: New instance generated (52 requests)
Episode 490/1500 | Reward: -12.00 (avg: 15.40) | Fitness: 17165.06 (avg: 3132.97) | Steps: 100 | eps: 0.100 | Loss: 0.9569 | Time: 0.89s | Total: 451.97s
Episode 492: New instance generated (55 requests)
Episode 495: New population generated
Episode 498: New instance generated (53 requests)
Episode 500/1500 | Reward: 26.00 (avg: 16.10) | Fitness: 1160.51 (avg: 3753.35) | Steps: 100 | eps: 0.100 | Loss: 0.9862 | Time: 0.95s | Total: 461.55s
Saved checkpoint to models/rl_mutation_dqn_100_pop10_greedy_hybrid_sparse_set3_42_episode_500.pt
Episode 504: New instance generated (52 requests)
Episode 510: New instance generated (50 requests)
Episode 510/1500 | Reward: 38.00 (avg: 21.10) | Fitness: 1566.40 (avg: 1930.53) | Steps: 100 | eps: 0.100 | Loss: 0.9102 | Time: 1.02s | Total: 471.19s
Episode 516: New instance generated (52 requests)
Episode 520/1500 | Reward: 19.00 (avg: 22.70) | Fitness: 2487.15 (avg: 4494.03) | Steps: 100 | eps: 0.100 | Loss: 0.9555 | Time: 0.92s | Total: 480.57s
Episode 522: New instance generated (53 requests)
Episode 525: New population generated
Episode 528: New instance generated (51 requests)
Episode 530/1500 | Reward: 32.00 (avg: 10.10) | Fitness: 791.77 (avg: 9006.85) | Steps: 100 | eps: 0.100 | Loss: 0.9094 | Time: 1.00s | Total: 490.15s
Episode 534: New instance generated (52 requests)
Episode 540: New instance generated (50 requests)
Episode 540/1500 | Reward: 26.00 (avg: 26.50) | Fitness: 1613.89 (avg: 1623.04) | Steps: 100 | eps: 0.100 | Loss: 0.9157 | Time: 1.02s | Total: 499.67s
Episode 546: New instance generated (52 requests)
Episode 550/1500 | Reward: 22.00 (avg: 27.10) | Fitness: 2208.25 (avg: 1813.83) | Steps: 100 | eps: 0.100 | Loss: 0.9033 | Time: 0.92s | Total: 509.11s
Episode 552: New instance generated (51 requests)
Episode 555: New population generated
Episode 558: New instance generated (51 requests)
Episode 560/1500 | Reward: 22.00 (avg: 19.80) | Fitness: 943.87 (avg: 1732.79) | Steps: 100 | eps: 0.100 | Loss: 0.8965 | Time: 0.93s | Total: 518.95s
Episode 564: New instance generated (53 requests)
Episode 570: New instance generated (50 requests)
Episode 570/1500 | Reward: 28.00 (avg: 18.60) | Fitness: 1955.11 (avg: 2293.76) | Steps: 100 | eps: 0.100 | Loss: 0.9414 | Time: 1.04s | Total: 528.67s
Episode 576: New instance generated (51 requests)
Episode 580/1500 | Reward: 26.00 (avg: 23.40) | Fitness: 1976.58 (avg: 2628.54) | Steps: 100 | eps: 0.100 | Loss: 0.9821 | Time: 0.94s | Total: 538.34s
Episode 582: New instance generated (51 requests)
Episode 585: New population generated
Episode 588: New instance generated (52 requests)
Episode 590/1500 | Reward: 9.00 (avg: 14.60) | Fitness: 2587.13 (avg: 1393.59) | Steps: 100 | eps: 0.100 | Loss: 0.9366 | Time: 0.94s | Total: 548.78s
Episode 594: New instance generated (50 requests)
Episode 600: New instance generated (50 requests)
Episode 600/1500 | Reward: 18.00 (avg: 22.60) | Fitness: 1925.79 (avg: 1718.27) | Steps: 100 | eps: 0.100 | Loss: 0.9135 | Time: 1.03s | Total: 558.81s
Episode 606: New instance generated (50 requests)
Episode 610/1500 | Reward: 11.00 (avg: 19.40) | Fitness: 1765.46 (avg: 1928.62) | Steps: 100 | eps: 0.100 | Loss: 0.9170 | Time: 0.91s | Total: 568.24s
Episode 612: New instance generated (52 requests)
Episode 615: New population generated
Episode 618: New instance generated (52 requests)
Episode 620/1500 | Reward: 26.00 (avg: 25.20) | Fitness: 2004.72 (avg: 1955.09) | Steps: 100 | eps: 0.100 | Loss: 0.9356 | Time: 0.92s | Total: 577.71s
Episode 624: New instance generated (53 requests)
Episode 630: New instance generated (52 requests)
Episode 630/1500 | Reward: 7.00 (avg: 15.90) | Fitness: 2361.42 (avg: 2693.03) | Steps: 100 | eps: 0.100 | Loss: 0.9350 | Time: 1.05s | Total: 587.28s
Episode 636: New instance generated (53 requests)
Episode 640/1500 | Reward: 13.00 (avg: 19.90) | Fitness: 2448.29 (avg: 2574.69) | Steps: 100 | eps: 0.100 | Loss: 0.9152 | Time: 0.92s | Total: 596.70s
Episode 642: New instance generated (55 requests)
Episode 645: New population generated
Episode 648: New instance generated (51 requests)
Episode 650/1500 | Reward: 33.00 (avg: 22.30) | Fitness: 1584.04 (avg: 2438.56) | Steps: 100 | eps: 0.100 | Loss: 0.9284 | Time: 0.92s | Total: 606.15s
Episode 654: New instance generated (53 requests)
Episode 660: New instance generated (53 requests)
Episode 660/1500 | Reward: -11.00 (avg: 12.50) | Fitness: 2599.63 (avg: 6934.26) | Steps: 100 | eps: 0.100 | Loss: 0.9485 | Time: 1.07s | Total: 615.66s
Episode 666: New instance generated (53 requests)
Episode 670/1500 | Reward: 34.00 (avg: 21.50) | Fitness: 2291.94 (avg: 3629.12) | Steps: 100 | eps: 0.100 | Loss: 0.9235 | Time: 0.94s | Total: 625.20s
Episode 672: New instance generated (53 requests)
Episode 675: New population generated
Episode 678: New instance generated (53 requests)
Episode 680/1500 | Reward: 13.00 (avg: 16.00) | Fitness: 1815.79 (avg: 2606.09) | Steps: 100 | eps: 0.100 | Loss: 0.9002 | Time: 0.94s | Total: 634.75s
Episode 684: New instance generated (51 requests)
Episode 690: New instance generated (53 requests)
Episode 690/1500 | Reward: 31.00 (avg: 13.30) | Fitness: 2320.18 (avg: 3407.87) | Steps: 100 | eps: 0.100 | Loss: 0.9073 | Time: 1.06s | Total: 645.14s
Episode 696: New instance generated (53 requests)
Episode 700/1500 | Reward: 17.00 (avg: 22.80) | Fitness: 1746.24 (avg: 1834.77) | Steps: 100 | eps: 0.100 | Loss: 0.9474 | Time: 0.93s | Total: 654.72s
Episode 702: New instance generated (51 requests)
Episode 705: New population generated
Episode 708: New instance generated (51 requests)
Episode 710/1500 | Reward: 17.00 (avg: 17.60) | Fitness: 844.35 (avg: 1709.50) | Steps: 100 | eps: 0.100 | Loss: 0.8870 | Time: 0.97s | Total: 665.05s
Episode 714: New instance generated (51 requests)
Episode 720: New instance generated (53 requests)
Episode 720/1500 | Reward: 0.00 (avg: 22.20) | Fitness: 19474.88 (avg: 2768.82) | Steps: 100 | eps: 0.100 | Loss: 0.8921 | Time: 1.04s | Total: 675.06s
Episode 726: New instance generated (51 requests)
Episode 730/1500 | Reward: 15.00 (avg: 4.90) | Fitness: 1234.38 (avg: 3658.35) | Steps: 100 | eps: 0.100 | Loss: 0.8854 | Time: 0.94s | Total: 684.71s
Episode 732: New instance generated (51 requests)
Episode 735: New population generated
Episode 738: New instance generated (51 requests)
Episode 740/1500 | Reward: 27.00 (avg: 24.80) | Fitness: 862.77 (avg: 1092.66) | Steps: 100 | eps: 0.100 | Loss: 0.9146 | Time: 0.99s | Total: 694.54s
Episode 744: New instance generated (50 requests)
Episode 750: New instance generated (51 requests)
Episode 750/1500 | Reward: 3.00 (avg: 29.50) | Fitness: 805.41 (avg: 1369.33) | Steps: 100 | eps: 0.100 | Loss: 0.8740 | Time: 1.16s | Total: 704.83s
Episode 756: New instance generated (50 requests)
Episode 760/1500 | Reward: 10.00 (avg: 19.10) | Fitness: 2246.60 (avg: 1318.75) | Steps: 100 | eps: 0.100 | Loss: 0.8728 | Time: 0.95s | Total: 714.85s
Episode 762: New instance generated (51 requests)
Episode 765: New population generated
Episode 768: New instance generated (53 requests)
Episode 770/1500 | Reward: 43.00 (avg: 18.40) | Fitness: 1147.23 (avg: 1134.92) | Steps: 100 | eps: 0.100 | Loss: 0.8555 | Time: 0.95s | Total: 724.62s
Episode 774: New instance generated (51 requests)
Episode 780: New instance generated (53 requests)
Episode 780/1500 | Reward: 10.00 (avg: 19.30) | Fitness: 14767.88 (avg: 3368.90) | Steps: 100 | eps: 0.100 | Loss: 0.8730 | Time: 1.11s | Total: 734.67s
Episode 786: New instance generated (51 requests)
Episode 790/1500 | Reward: 12.00 (avg: 9.00) | Fitness: 1014.15 (avg: 3273.26) | Steps: 100 | eps: 0.100 | Loss: 0.8799 | Time: 0.95s | Total: 744.45s
Episode 792: New instance generated (51 requests)
Episode 795: New population generated
Episode 798: New instance generated (52 requests)
Episode 800/1500 | Reward: 5.00 (avg: 12.20) | Fitness: 2358.70 (avg: 1282.79) | Steps: 100 | eps: 0.100 | Loss: 0.9073 | Time: 0.95s | Total: 754.58s
Episode 804: New instance generated (51 requests)
Episode 810: New instance generated (51 requests)
Episode 810/1500 | Reward: 6.00 (avg: 18.20) | Fitness: 1051.21 (avg: 2202.97) | Steps: 100 | eps: 0.100 | Loss: 0.8924 | Time: 1.04s | Total: 764.43s
Episode 816: New instance generated (50 requests)
Episode 820/1500 | Reward: 37.00 (avg: 29.90) | Fitness: 1271.71 (avg: 1011.46) | Steps: 100 | eps: 0.100 | Loss: 0.8974 | Time: 0.94s | Total: 774.21s
Episode 822: New instance generated (51 requests)
Episode 825: New population generated
Episode 828: New instance generated (51 requests)
Episode 830/1500 | Reward: 12.00 (avg: 17.70) | Fitness: 1825.67 (avg: 1312.38) | Steps: 100 | eps: 0.100 | Loss: 0.8966 | Time: 1.00s | Total: 783.97s
Episode 834: New instance generated (53 requests)
Episode 840: New instance generated (52 requests)
Episode 840/1500 | Reward: 35.00 (avg: 27.30) | Fitness: 1770.92 (avg: 1599.54) | Steps: 100 | eps: 0.100 | Loss: 0.8784 | Time: 1.09s | Total: 793.84s
Episode 846: New instance generated (52 requests)
Episode 850/1500 | Reward: 17.00 (avg: 23.20) | Fitness: 2020.38 (avg: 1672.78) | Steps: 100 | eps: 0.100 | Loss: 0.8734 | Time: 0.96s | Total: 803.61s
Episode 852: New instance generated (53 requests)
Episode 855: New population generated
Episode 858: New instance generated (51 requests)
Episode 860/1500 | Reward: 12.00 (avg: 15.40) | Fitness: 1819.50 (avg: 3772.02) | Steps: 100 | eps: 0.100 | Loss: 0.8923 | Time: 0.97s | Total: 813.39s
Episode 864: New instance generated (51 requests)
Episode 870: New instance generated (52 requests)
Episode 870/1500 | Reward: 16.00 (avg: 19.70) | Fitness: 2192.29 (avg: 3968.71) | Steps: 100 | eps: 0.100 | Loss: 0.8536 | Time: 1.09s | Total: 823.42s
Episode 876: New instance generated (53 requests)
Episode 880/1500 | Reward: 21.00 (avg: 19.20) | Fitness: 1248.13 (avg: 1755.25) | Steps: 100 | eps: 0.100 | Loss: 0.8941 | Time: 0.95s | Total: 833.37s
Episode 882: New instance generated (52 requests)
Episode 885: New population generated
Episode 888: New instance generated (50 requests)
Episode 890/1500 | Reward: 26.00 (avg: 22.80) | Fitness: 1491.37 (avg: 1931.26) | Steps: 100 | eps: 0.100 | Loss: 0.8620 | Time: 0.98s | Total: 844.08s
Episode 894: New instance generated (50 requests)
Episode 900: New instance generated (50 requests)
Episode 900/1500 | Reward: 25.00 (avg: 24.50) | Fitness: 1598.64 (avg: 1705.71) | Steps: 100 | eps: 0.100 | Loss: 0.8373 | Time: 1.04s | Total: 853.76s
Episode 906: New instance generated (50 requests)
Episode 910/1500 | Reward: 35.00 (avg: 28.90) | Fitness: 1487.45 (avg: 1411.73) | Steps: 100 | eps: 0.100 | Loss: 0.8690 | Time: 0.90s | Total: 863.32s
Episode 912: New instance generated (53 requests)
Episode 915: New population generated
Episode 918: New instance generated (53 requests)
Episode 920/1500 | Reward: 34.00 (avg: 19.90) | Fitness: 2213.96 (avg: 2566.69) | Steps: 100 | eps: 0.100 | Loss: 0.8896 | Time: 0.97s | Total: 873.15s
Episode 924: New instance generated (53 requests)
Episode 930: New instance generated (51 requests)
Episode 930/1500 | Reward: 22.00 (avg: 15.80) | Fitness: 906.24 (avg: 1507.66) | Steps: 100 | eps: 0.100 | Loss: 0.8783 | Time: 1.06s | Total: 883.09s
Episode 936: New instance generated (52 requests)
Episode 940/1500 | Reward: 1.00 (avg: 13.40) | Fitness: 1465.66 (avg: 1086.74) | Steps: 100 | eps: 0.100 | Loss: 0.8551 | Time: 0.95s | Total: 893.49s
Episode 942: New instance generated (51 requests)
Episode 945: New population generated
Episode 948: New instance generated (51 requests)
Episode 950/1500 | Reward: 24.00 (avg: 27.20) | Fitness: 1566.84 (avg: 1700.12) | Steps: 100 | eps: 0.100 | Loss: 0.8693 | Time: 1.05s | Total: 903.54s
Episode 954: New instance generated (51 requests)
Episode 960: New instance generated (53 requests)
Episode 960/1500 | Reward: 9.00 (avg: 24.10) | Fitness: 3430.74 (avg: 1455.19) | Steps: 100 | eps: 0.100 | Loss: 0.8527 | Time: 1.06s | Total: 913.17s
Episode 966: New instance generated (50 requests)
Episode 970/1500 | Reward: 24.00 (avg: 19.60) | Fitness: 1793.82 (avg: 7529.15) | Steps: 100 | eps: 0.100 | Loss: 0.8697 | Time: 1.00s | Total: 922.92s
Episode 972: New instance generated (51 requests)
Episode 975: New population generated
Episode 978: New instance generated (53 requests)
Episode 980/1500 | Reward: 28.00 (avg: 22.40) | Fitness: 1157.60 (avg: 1709.70) | Steps: 100 | eps: 0.100 | Loss: 0.8497 | Time: 1.01s | Total: 932.85s
Episode 984: New instance generated (53 requests)
Episode 990: New instance generated (52 requests)
Episode 990/1500 | Reward: 19.00 (avg: 22.30) | Fitness: 1365.95 (avg: 1896.82) | Steps: 100 | eps: 0.100 | Loss: 0.8582 | Time: 1.09s | Total: 942.81s
Episode 996: New instance generated (51 requests)
Episode 1000/1500 | Reward: 5.00 (avg: 19.00) | Fitness: 1262.56 (avg: 1060.60) | Steps: 100 | eps: 0.100 | Loss: 0.8465 | Time: 0.93s | Total: 953.20s
Saved checkpoint to models/rl_mutation_dqn_100_pop10_greedy_hybrid_sparse_set3_42_episode_1000.pt
Episode 1002: New instance generated (53 requests)
Episode 1005: New population generated
Episode 1008: New instance generated (53 requests)
Episode 1010/1500 | Reward: 17.00 (avg: 18.00) | Fitness: 1160.51 (avg: 1336.38) | Steps: 100 | eps: 0.100 | Loss: 0.8879 | Time: 0.97s | Total: 963.17s
Episode 1014: New instance generated (51 requests)
Episode 1020: New instance generated (52 requests)
Episode 1020/1500 | Reward: -22.00 (avg: 18.00) | Fitness: 2205.66 (avg: 1127.78) | Steps: 100 | eps: 0.100 | Loss: 0.9087 | Time: 1.09s | Total: 973.20s
Episode 1026: New instance generated (53 requests)
Episode 1030/1500 | Reward: 24.00 (avg: 25.60) | Fitness: 2499.60 (avg: 2406.04) | Steps: 100 | eps: 0.100 | Loss: 0.8744 | Time: 0.96s | Total: 982.90s
Episode 1032: New instance generated (53 requests)
Episode 1035: New population generated
Episode 1038: New instance generated (52 requests)
Episode 1040/1500 | Reward: 37.00 (avg: 18.00) | Fitness: 1961.23 (avg: 1653.48) | Steps: 100 | eps: 0.100 | Loss: 0.8541 | Time: 0.92s | Total: 992.45s
Episode 1044: New instance generated (51 requests)
Episode 1050: New instance generated (50 requests)
Episode 1050/1500 | Reward: 55.00 (avg: 24.10) | Fitness: 1240.97 (avg: 1274.21) | Steps: 100 | eps: 0.100 | Loss: 0.8863 | Time: 1.08s | Total: 1002.62s
Episode 1056: New instance generated (51 requests)
Episode 1060/1500 | Reward: 36.00 (avg: 28.60) | Fitness: 1534.51 (avg: 1507.77) | Steps: 100 | eps: 0.100 | Loss: 0.8511 | Time: 0.95s | Total: 1012.27s
Episode 1062: New instance generated (50 requests)
Episode 1065: New population generated
Episode 1068: New instance generated (52 requests)
Episode 1070/1500 | Reward: 16.00 (avg: 22.20) | Fitness: 1396.74 (avg: 1489.00) | Steps: 100 | eps: 0.100 | Loss: 0.8533 | Time: 0.95s | Total: 1022.09s
Episode 1074: New instance generated (51 requests)
Episode 1080: New instance generated (53 requests)
Episode 1080/1500 | Reward: 18.00 (avg: 13.10) | Fitness: 1504.42 (avg: 2707.75) | Steps: 100 | eps: 0.100 | Loss: 0.8738 | Time: 1.10s | Total: 1032.25s
Episode 1086: New instance generated (52 requests)
Episode 1090/1500 | Reward: 28.00 (avg: 20.60) | Fitness: 1159.01 (avg: 1323.81) | Steps: 100 | eps: 0.100 | Loss: 0.8880 | Time: 0.95s | Total: 1042.05s
Episode 1092: New instance generated (51 requests)
Episode 1095: New population generated
Episode 1098: New instance generated (53 requests)
Episode 1100/1500 | Reward: 14.00 (avg: 14.40) | Fitness: 1282.49 (avg: 963.44) | Steps: 100 | eps: 0.100 | Loss: 0.8727 | Time: 0.98s | Total: 1052.51s
Episode 1104: New instance generated (51 requests)
Episode 1110: New instance generated (52 requests)
Episode 1110/1500 | Reward: 32.00 (avg: 25.40) | Fitness: 1912.76 (avg: 1178.31) | Steps: 100 | eps: 0.100 | Loss: 0.8498 | Time: 1.08s | Total: 1062.46s
Episode 1116: New instance generated (51 requests)
Episode 1120/1500 | Reward: 20.00 (avg: 18.70) | Fitness: 662.54 (avg: 1374.11) | Steps: 100 | eps: 0.100 | Loss: 0.8436 | Time: 1.47s | Total: 1073.65s
Episode 1122: New instance generated (51 requests)
Episode 1125: New population generated
Episode 1128: New instance generated (50 requests)
Episode 1130/1500 | Reward: 59.00 (avg: 19.60) | Fitness: 1148.33 (avg: 982.40) | Steps: 100 | eps: 0.100 | Loss: 0.8369 | Time: 1.12s | Total: 1084.52s
Episode 1134: New instance generated (53 requests)
Episode 1140: New instance generated (50 requests)
Episode 1140/1500 | Reward: 21.00 (avg: 23.30) | Fitness: 1664.22 (avg: 4338.76) | Steps: 100 | eps: 0.100 | Loss: 0.8356 | Time: 1.09s | Total: 1094.47s
Episode 1146: New instance generated (50 requests)
Episode 1150/1500 | Reward: 24.00 (avg: 28.20) | Fitness: 1076.33 (avg: 1604.54) | Steps: 100 | eps: 0.100 | Loss: 0.8292 | Time: 0.99s | Total: 1104.52s
Episode 1152: New instance generated (53 requests)
Episode 1155: New population generated
Episode 1158: New instance generated (51 requests)
Episode 1160/1500 | Reward: 41.00 (avg: 24.80) | Fitness: 1617.42 (avg: 1430.06) | Steps: 100 | eps: 0.100 | Loss: 0.8085 | Time: 0.99s | Total: 1114.78s
Episode 1164: New instance generated (53 requests)
Episode 1170: New instance generated (53 requests)
Episode 1170/1500 | Reward: 21.00 (avg: 18.80) | Fitness: 2420.77 (avg: 1442.94) | Steps: 100 | eps: 0.100 | Loss: 0.8127 | Time: 1.10s | Total: 1125.02s
Episode 1176: New instance generated (53 requests)
Episode 1180/1500 | Reward: 34.00 (avg: 15.90) | Fitness: 2401.60 (avg: 2574.35) | Steps: 100 | eps: 0.100 | Loss: 0.8172 | Time: 0.98s | Total: 1134.94s
Episode 1182: New instance generated (53 requests)
Episode 1185: New population generated
Episode 1188: New instance generated (53 requests)
Episode 1190/1500 | Reward: 18.00 (avg: 16.40) | Fitness: 1160.51 (avg: 3521.74) | Steps: 100 | eps: 0.100 | Loss: 0.8125 | Time: 0.99s | Total: 1145.01s
Episode 1194: New instance generated (51 requests)
Episode 1200: New instance generated (50 requests)
Episode 1200/1500 | Reward: 29.00 (avg: 20.80) | Fitness: 1672.54 (avg: 1103.39) | Steps: 100 | eps: 0.100 | Loss: 0.7888 | Time: 1.11s | Total: 1155.30s
Episode 1206: New instance generated (50 requests)
Episode 1210/1500 | Reward: 35.00 (avg: 19.10) | Fitness: 1187.15 (avg: 2605.45) | Steps: 100 | eps: 0.100 | Loss: 0.8302 | Time: 1.07s | Total: 1165.62s
Episode 1212: New instance generated (51 requests)
Episode 1215: New population generated
Episode 1218: New instance generated (51 requests)
Episode 1220/1500 | Reward: 22.00 (avg: 17.70) | Fitness: 830.42 (avg: 1791.97) | Steps: 100 | eps: 0.100 | Loss: 0.8261 | Time: 0.99s | Total: 1175.56s
Episode 1224: New instance generated (53 requests)
Episode 1230: New instance generated (55 requests)
Episode 1230/1500 | Reward: 11.00 (avg: 20.20) | Fitness: 16893.44 (avg: 2754.83) | Steps: 100 | eps: 0.100 | Loss: 0.8405 | Time: 1.08s | Total: 1185.55s
Episode 1236: New instance generated (53 requests)
Episode 1240/1500 | Reward: 27.00 (avg: 14.40) | Fitness: 1160.51 (avg: 3535.46) | Steps: 100 | eps: 0.100 | Loss: 0.7921 | Time: 0.99s | Total: 1195.49s
Episode 1242: New instance generated (51 requests)
Episode 1245: New population generated
Episode 1248: New instance generated (51 requests)
Episode 1250/1500 | Reward: 7.00 (avg: 15.70) | Fitness: 1053.45 (avg: 1444.98) | Steps: 100 | eps: 0.100 | Loss: 0.7658 | Time: 0.95s | Total: 1205.60s
Episode 1254: New instance generated (53 requests)
Episode 1260: New instance generated (53 requests)
Episode 1260/1500 | Reward: 7.00 (avg: 13.70) | Fitness: 2492.82 (avg: 2098.81) | Steps: 100 | eps: 0.100 | Loss: 0.7944 | Time: 1.12s | Total: 1215.62s
Episode 1266: New instance generated (53 requests)
Episode 1270/1500 | Reward: 16.00 (avg: 19.20) | Fitness: 2784.11 (avg: 2451.83) | Steps: 100 | eps: 0.100 | Loss: 0.7875 | Time: 0.98s | Total: 1225.49s
Episode 1272: New instance generated (50 requests)
Episode 1275: New population generated
Episode 1278: New instance generated (52 requests)
Episode 1280/1500 | Reward: 29.00 (avg: 28.30) | Fitness: 2113.87 (avg: 1765.30) | Steps: 100 | eps: 0.100 | Loss: 0.8190 | Time: 0.95s | Total: 1235.25s
Episode 1284: New instance generated (53 requests)
Episode 1290: New instance generated (52 requests)
Episode 1290/1500 | Reward: 17.00 (avg: 18.80) | Fitness: 1931.58 (avg: 1612.95) | Steps: 100 | eps: 0.100 | Loss: 0.7885 | Time: 1.11s | Total: 1245.22s
Episode 1296: New instance generated (53 requests)
Episode 1300/1500 | Reward: 21.00 (avg: 20.10) | Fitness: 1160.51 (avg: 2644.15) | Steps: 100 | eps: 0.100 | Loss: 0.7762 | Time: 0.96s | Total: 1255.04s
Episode 1302: New instance generated (53 requests)
Episode 1305: New population generated
Episode 1308: New instance generated (52 requests)
Episode 1310/1500 | Reward: 16.00 (avg: 16.10) | Fitness: 1898.66 (avg: 2472.90) | Steps: 100 | eps: 0.100 | Loss: 0.7906 | Time: 0.97s | Total: 1264.91s
Episode 1314: New instance generated (53 requests)
Episode 1320: New instance generated (55 requests)
Episode 1320/1500 | Reward: 13.00 (avg: 25.20) | Fitness: 2598.91 (avg: 2238.95) | Steps: 100 | eps: 0.100 | Loss: 0.7869 | Time: 1.10s | Total: 1274.91s
Episode 1326: New instance generated (53 requests)
Episode 1330/1500 | Reward: 10.00 (avg: 15.50) | Fitness: 2650.37 (avg: 2665.97) | Steps: 100 | eps: 0.100 | Loss: 0.8037 | Time: 0.97s | Total: 1284.78s
Episode 1332: New instance generated (53 requests)
Episode 1335: New population generated
Episode 1338: New instance generated (50 requests)
Episode 1340/1500 | Reward: 9.00 (avg: 21.10) | Fitness: 1766.45 (avg: 1540.58) | Steps: 100 | eps: 0.100 | Loss: 0.7619 | Time: 0.95s | Total: 1294.61s
Episode 1344: New instance generated (50 requests)
Episode 1350: New instance generated (50 requests)
Episode 1350/1500 | Reward: 41.00 (avg: 26.00) | Fitness: 1674.75 (avg: 1334.88) | Steps: 100 | eps: 0.100 | Loss: 0.7630 | Time: 1.26s | Total: 1305.09s
Episode 1356: New instance generated (51 requests)
Episode 1360/1500 | Reward: 18.00 (avg: 24.20) | Fitness: 792.78 (avg: 1316.34) | Steps: 100 | eps: 0.100 | Loss: 0.7492 | Time: 1.01s | Total: 1315.17s
Episode 1362: New instance generated (50 requests)
Episode 1365: New population generated
Episode 1368: New instance generated (53 requests)
Episode 1370/1500 | Reward: 26.00 (avg: 23.70) | Fitness: 1471.79 (avg: 1580.76) | Steps: 100 | eps: 0.100 | Loss: 0.7661 | Time: 0.97s | Total: 1325.24s
Episode 1374: New instance generated (51 requests)
Episode 1380: New instance generated (50 requests)
Episode 1380/1500 | Reward: 28.00 (avg: 24.50) | Fitness: 1823.85 (avg: 1419.74) | Steps: 100 | eps: 0.100 | Loss: 0.7286 | Time: 1.08s | Total: 1335.17s
Episode 1386: New instance generated (55 requests)
Episode 1390/1500 | Reward: 14.00 (avg: 17.90) | Fitness: 2954.39 (avg: 2271.21) | Steps: 100 | eps: 0.100 | Loss: 0.7506 | Time: 0.96s | Total: 1344.96s
Episode 1392: New instance generated (52 requests)
Episode 1395: New population generated
Episode 1398: New instance generated (52 requests)
Episode 1400/1500 | Reward: 23.00 (avg: 20.50) | Fitness: 1877.72 (avg: 2833.95) | Steps: 100 | eps: 0.100 | Loss: 0.7423 | Time: 0.96s | Total: 1354.75s
Episode 1404: New instance generated (51 requests)
Episode 1410: New instance generated (51 requests)
Episode 1410/1500 | Reward: 11.00 (avg: 23.60) | Fitness: 662.54 (avg: 1541.31) | Steps: 100 | eps: 0.100 | Loss: 0.7691 | Time: 1.68s | Total: 1365.31s
Episode 1416: New instance generated (51 requests)
Episode 1420/1500 | Reward: 10.00 (avg: -8.80) | Fitness: 996.66 (avg: 1893.16) | Steps: 100 | eps: 0.100 | Loss: 0.7446 | Time: 0.97s | Total: 1378.37s
Episode 1422: New instance generated (51 requests)
Episode 1425: New population generated
Episode 1428: New instance generated (51 requests)
Episode 1430/1500 | Reward: 16.00 (avg: 15.50) | Fitness: 767.87 (avg: 1190.27) | Steps: 100 | eps: 0.100 | Loss: 0.7588 | Time: 1.00s | Total: 1389.83s
Episode 1434: New instance generated (53 requests)
Episode 1440: New instance generated (53 requests)
Episode 1440/1500 | Reward: 26.00 (avg: 19.40) | Fitness: 1160.51 (avg: 1127.52) | Steps: 100 | eps: 0.100 | Loss: 0.7490 | Time: 1.11s | Total: 1400.24s
Episode 1446: New instance generated (52 requests)
Episode 1450/1500 | Reward: 20.00 (avg: 12.30) | Fitness: 1697.76 (avg: 3146.26) | Steps: 100 | eps: 0.100 | Loss: 0.7765 | Time: 0.97s | Total: 1410.03s
Episode 1452: New instance generated (51 requests)
Episode 1455: New population generated
Episode 1458: New instance generated (51 requests)
Episode 1460/1500 | Reward: 24.00 (avg: 14.30) | Fitness: 1267.96 (avg: 1700.92) | Steps: 100 | eps: 0.100 | Loss: 0.7459 | Time: 1.07s | Total: 1419.98s
Episode 1464: New instance generated (55 requests)
Episode 1470: New instance generated (51 requests)
Episode 1470/1500 | Reward: 15.00 (avg: 19.40) | Fitness: 662.54 (avg: 3606.57) | Steps: 100 | eps: 0.100 | Loss: 0.7684 | Time: 1.32s | Total: 1430.26s
Episode 1476: New instance generated (52 requests)
Episode 1480/1500 | Reward: 25.00 (avg: 19.50) | Fitness: 1350.70 (avg: 1244.43) | Steps: 100 | eps: 0.100 | Loss: 0.7487 | Time: 0.95s | Total: 1440.18s
Episode 1482: New instance generated (51 requests)
Episode 1485: New population generated
Episode 1488: New instance generated (51 requests)
Episode 1490/1500 | Reward: 23.00 (avg: 21.60) | Fitness: 1453.94 (avg: 1004.05) | Steps: 100 | eps: 0.100 | Loss: 0.8006 | Time: 1.02s | Total: 1450.37s
Episode 1494: New instance generated (51 requests)
Episode 1499/1500 | Reward: 27.00 (avg: 25.50) | Fitness: 898.03 (avg: 1128.60) | Steps: 100 | eps: 0.100 | Loss: 0.7640 | Time: 0.93s | Total: 1459.47s
Training completed! Saved final model to models/rl_mutation_dqn_100_pop10_greedy_hybrid_sparse_set3_42_final.pt

Training Summary:
Total episodes: 1500
Total time: 1459.57s (0.97s per episode)
Final epsilon: 0.100
Replay buffer size: 100000
TensorBoard logs saved to runs/rl_mutation_dqn_100_pop10_greedy_hybrid_sparse_set3_seed42_1765280164

Training completed!
Final average reward (last 100): 16.23
Final average fitness (last 100): 1762.55
Saved model to models/rl_mutation_dqn_100_pop10_greedy_hybrid_sparse_set3_42_final.pt
  - Weights: models/rl_mutation_dqn_100_pop10_greedy_hybrid_sparse_set3_42_final.pt
  - History: models/rl_mutation_dqn_100_pop10_greedy_hybrid_sparse_set3_42_final_history.pkl
  - Config: models/rl_mutation_dqn_100_pop10_greedy_hybrid_sparse_set3_42_final_config.pkl
  - Operators: ['Reinsert-nC-Max1-NewV-SameV-nF_SameV', 'Reinsert-C-Max5-NewV-SameV-nF_SameV', 'RouteElimination', 'Flip-All-Unlimited', 'Merge-min-N2-F-R', 'Merge-random-N2-F-R', 'TwoOpt', 'SwapWithin-random-A-MaxNone', 'SwapWithin-random-S-MaxNone', 'SwapBetween-random', 'Transfer-A-Max1', 'Transfer-S-Max1', 'Shift-random-A-Max5-Seg4-Dist2', 'Shift-best-A-Max5-Seg4-Dist2', 'CLS-M2', 'CLS-M3', 'CLS-M4']
  - Population features: True

Saved final model to: models/rl_mutation_dqn_100_pop10_greedy_hybrid_sparse_set3_42_final.pt

================================================================================
EVALUATION ON TEST INSTANCES
================================================================================

Evaluation Configuration:
  Test instances: 20
  Episodes per instance: 1
  Test seeds: [42, 111, 222]
  Total evaluations per model: 60

================================================================================
NAIVE BASELINE EVALUATION (Random Operator Selection)
================================================================================

Test Seed 1/3: 42
  1/20 lc108           | Fitness: 47496.71 -> 49388.47 | Δ=-1891.76 (-4.0%) | Diversity: 0.844
  2/20 lc109           | Fitness: 42686.33 -> 47766.52 | Δ=-5080.19 (-11.9%) | Diversity: 0.848
  3/20 lr211           | Fitness: 20190.62 -> 24962.21 | Δ=-4771.59 (-23.6%) | Diversity: 0.942
  4/20 lr111           | Fitness: 43874.95 -> 46787.36 | Δ=-2912.41 (-6.6%) | Diversity: 0.853
  5/20 lc109           | Fitness: 41851.21 -> 43512.92 | Δ=-1661.71 (-4.0%) | Diversity: 0.836
  6/20 lr110           | Fitness: 40626.36 -> 43579.01 | Δ=-2952.65 (-7.3%) | Diversity: 0.842
  7/20 lr110           | Fitness: 39941.02 -> 43245.12 | Δ=-3304.11 (-8.3%) | Diversity: 0.924
  8/20 lc109           | Fitness: 44787.13 -> 45221.21 | Δ=-434.09 (-1.0%) | Diversity: 0.823
  9/20 lr210           | Fitness: 26795.53 -> 28070.85 | Δ=-1275.32 (-4.8%) | Diversity: 0.830
  10/20 lc207           | Fitness: 36805.37 -> 40012.56 | Δ=-3207.19 (-8.7%) | Diversity: 0.827
  11/20 lr110           | Fitness: 40926.28 -> 44539.52 | Δ=-3613.24 (-8.8%) | Diversity: 0.832
  12/20 lc208           | Fitness: 37134.04 -> 39928.71 | Δ=-2794.67 (-7.5%) | Diversity: 0.819
  13/20 lc208           | Fitness: 38208.85 -> 50288.91 | Δ=-12080.06 (-31.6%) | Diversity: 0.839
  14/20 lc108           | Fitness: 48263.42 -> 50512.98 | Δ=-2249.56 (-4.7%) | Diversity: 0.830
  15/20 lc109           | Fitness: 43503.93 -> 50049.44 | Δ=-6545.51 (-15.0%) | Diversity: 0.831
  16/20 lc109           | Fitness: 40272.14 -> 45715.27 | Δ=-5443.12 (-13.5%) | Diversity: 0.828
  17/20 lc207           | Fitness: 37670.64 -> 42118.65 | Δ=-4448.01 (-11.8%) | Diversity: 0.822
  18/20 lc207           | Fitness: 39718.58 -> 39718.58 | Δ=  +0.00 (+0.0%) | Diversity: 0.841
  19/20 lr111           | Fitness: 42395.32 -> 46236.93 | Δ=-3841.61 (-9.1%) | Diversity: 0.826
  20/20 lr209           | Fitness: 27243.60 -> 26002.71 | Δ=+1240.89 (+4.6%) | Diversity: 0.922

Test Seed 2/3: 111
  1/20 lc208           | Fitness: 40545.08 -> 40545.08 | Δ=  +0.00 (+0.0%) | Diversity: 0.838
  2/20 lr211           | Fitness: 17656.70 -> 17656.70 | Δ=  +0.00 (+0.0%) | Diversity: 0.826
  3/20 lc109           | Fitness: 40777.73 -> 43777.30 | Δ=-2999.57 (-7.4%) | Diversity: 0.833
  4/20 lc207           | Fitness: 37812.27 -> 38043.53 | Δ=-231.26 (-0.6%) | Diversity: 0.840
  5/20 lr110           | Fitness: 43005.13 -> 45755.89 | Δ=-2750.77 (-6.4%) | Diversity: 0.823
  6/20 lr110           | Fitness: 41636.59 -> 44903.06 | Δ=-3266.48 (-7.8%) | Diversity: 0.832
  7/20 lc207           | Fitness: 38267.40 -> 44996.97 | Δ=-6729.57 (-17.6%) | Diversity: 0.818
  8/20 lc208           | Fitness: 38777.18 -> 40664.94 | Δ=-1887.76 (-4.9%) | Diversity: 0.844
  9/20 lr110           | Fitness: 40906.80 -> 40906.80 | Δ=  +0.00 (+0.0%) | Diversity: 0.840
  10/20 lc207           | Fitness: 38355.96 -> 44204.19 | Δ=-5848.23 (-15.2%) | Diversity: 0.812
  11/20 lc108           | Fitness: 48880.14 -> 51144.41 | Δ=-2264.27 (-4.6%) | Diversity: 0.815
  12/20 lc208           | Fitness: 37944.48 -> 45169.68 | Δ=-7225.19 (-19.0%) | Diversity: 0.841
  13/20 lc109           | Fitness: 42041.26 -> 47842.53 | Δ=-5801.27 (-13.8%) | Diversity: 0.827
  14/20 lr112           | Fitness: 39582.94 -> 39706.16 | Δ=-123.22 (-0.3%) | Diversity: 0.832
  15/20 lc207           | Fitness: 38721.12 -> 47707.03 | Δ=-8985.91 (-23.2%) | Diversity: 0.826
  16/20 lc109           | Fitness: 46349.24 -> 46943.20 | Δ=-593.96 (-1.3%) | Diversity: 0.837
  17/20 lc108           | Fitness: 48527.50 -> 48527.50 | Δ=  +0.00 (+0.0%) | Diversity: 0.842
  18/20 lc208           | Fitness: 35480.16 -> 35480.16 | Δ=  +0.00 (+0.0%) | Diversity: 0.841
  19/20 lr110           | Fitness: 41677.20 -> 42317.18 | Δ=-639.97 (-1.5%) | Diversity: 0.839
  20/20 lr210           | Fitness: 27388.69 -> 30196.82 | Δ=-2808.13 (-10.3%) | Diversity: 0.827

Test Seed 3/3: 222
  1/20 lc108           | Fitness: 47132.25 -> 52414.69 | Δ=-5282.44 (-11.2%) | Diversity: 0.849
  2/20 lr111           | Fitness: 44992.75 -> 44992.75 | Δ=  +0.00 (+0.0%) | Diversity: 0.850
  3/20 lc108           | Fitness: 47257.15 -> 49277.30 | Δ=-2020.14 (-4.3%) | Diversity: 0.845
  4/20 lc207           | Fitness: 39064.60 -> 45884.48 | Δ=-6819.88 (-17.5%) | Diversity: 0.847
  5/20 lr209           | Fitness: 25398.01 -> 28618.26 | Δ=-3220.24 (-12.7%) | Diversity: 0.833
  6/20 lr211           | Fitness: 18462.49 -> 28603.09 | Δ=-10140.60 (-54.9%) | Diversity: 0.958
  7/20 lc207           | Fitness: 35903.74 -> 42824.88 | Δ=-6921.14 (-19.3%) | Diversity: 0.841
  8/20 lc207           | Fitness: 36579.79 -> 43155.55 | Δ=-6575.76 (-18.0%) | Diversity: 0.835
  9/20 lc208           | Fitness: 39320.81 -> 48832.73 | Δ=-9511.92 (-24.2%) | Diversity: 0.834
  10/20 lc108           | Fitness: 49952.66 -> 50970.60 | Δ=-1017.94 (-2.0%) | Diversity: 0.859
  11/20 lr110           | Fitness: 39254.41 -> 45023.89 | Δ=-5769.48 (-14.7%) | Diversity: 0.834
  12/20 lc207           | Fitness: 38037.49 -> 43024.01 | Δ=-4986.52 (-13.1%) | Diversity: 0.928
  13/20 lr111           | Fitness: 41133.86 -> 44153.08 | Δ=-3019.22 (-7.3%) | Diversity: 0.857
  14/20 lr112           | Fitness: 38690.74 -> 32732.78 | Δ=+5957.96 (+15.4%) | Diversity: 0.906
  15/20 lr111           | Fitness: 42996.77 -> 36880.17 | Δ=+6116.60 (+14.2%) | Diversity: 0.913
  16/20 lr209           | Fitness: 26763.59 -> 29876.38 | Δ=-3112.79 (-11.6%) | Diversity: 0.944
  17/20 lr110           | Fitness: 41129.94 -> 46155.52 | Δ=-5025.58 (-12.2%) | Diversity: 0.820
  18/20 lc108           | Fitness: 48529.15 -> 52107.23 | Δ=-3578.08 (-7.4%) | Diversity: 0.831
  19/20 lc108           | Fitness: 47486.99 -> 51214.66 | Δ=-3727.67 (-7.8%) | Diversity: 0.840
  20/20 lc109           | Fitness: 46222.27 -> 47617.16 | Δ=-1394.90 (-3.0%) | Diversity: 0.913

================================================================================
BASELINE SUMMARY
================================================================================
Average initial best fitness: 39317.25
Average final best fitness: 42475.10
Average improvement: -3157.85 (-8.72%)
Average final best diversity: 0.849
Average final mean diversity: 0.849

================================================================================
RL MODEL EVALUATION
================================================================================

================================================================================
Evaluating model: models/rl_mutation_dqn_100_pop10_greedy_hybrid_sparse_set3_42_final.pt
================================================================================
Detected: DQN
Successfully loaded model

Test Seed 1/3: 42


Training failed with exception: 'no_improvement_count'
Traceback (most recent call last):
  File "/mnt/projects/lasse.ruttert/rl-memetic-pdptw/train_rl_mutation.py", line 856, in <module>
    main()
  File "/mnt/projects/lasse.ruttert/rl-memetic-pdptw/train_rl_mutation.py", line 724, in main
    mutated_solution = eval_model.mutate(problem, solution, population)
  File "/mnt/projects/lasse.ruttert/rl-memetic-pdptw/memetic/mutation/rl_mutation/rl_mutation.py", line 1067, in mutate
    'no_improvement_count': step_info['no_improvement_count'],
KeyError: 'no_improvement_count'
