Logging to: logs/training_rl_mutation_dqn_100_pop10_greedy_hybrid_sparse_set5_seed42_1765283134.log
================================================================================
Using Standard Replay Buffer
Algorithm: DQN
n-step returns: n=3

Train/Test Split (ratio=0.8):
  lc1:
    Train (7): ['lc101', 'lc102', 'lc103', 'lc104', 'lc105', 'lc106', 'lc107']
    Test  (2): ['lc108', 'lc109']
  lc2:
    Train (6): ['lc201', 'lc202', 'lc203', 'lc204', 'lc205', 'lc206']
    Test  (2): ['lc207', 'lc208']
  lr1:
    Train (9): ['lr101', 'lr102', 'lr103', 'lr104', 'lr105', 'lr106', 'lr107', 'lr108', 'lr109']
    Test  (3): ['lr110', 'lr111', 'lr112']
  lr2:
    Train (8): ['lr201', 'lr202', 'lr203', 'lr204', 'lr205', 'lr206', 'lr207', 'lr208']
    Test  (3): ['lr209', 'lr210', 'lr211']

Starting RL Mutation Training on size 100 instances...
Algorithm: DQN
Categories: ['lc1', 'lc2', 'lr1', 'lr2']
Population size: 10
Population features: ENABLED
Include NoOp: False
Operator preset: set5
Operators: ['Reinsert-nC-Max1-NewV-SameV-nF_SameV', 'RouteElimination', 'Flip-Single-Unlimited', 'SwapWithin-random-S-MaxNone', 'SwapBetween-random', 'Transfer-S-Max1', 'TwoOpt', 'CLS-M2', 'CLS-M3', 'CLS-M4', 'RequestShiftWithin', 'NodeSwapWithin-WithPrecedence']
Random seed set to 42
TensorBoard logging enabled: runs/rl_mutation_dqn_100_pop10_greedy_hybrid_sparse_set5_seed42_1765283134
Starting RL Mutation training for 1500 episodes...
State dim: 66, Action dim: 12
Population features: ENABLED
Operators: ['Reinsert-nC-Max1-NewV-SameV-nF_SameV', 'RouteElimination', 'Flip-Single-Unlimited', 'SwapWithin-random-S-MaxNone', 'SwapBetween-random', 'Transfer-S-Max1', 'TwoOpt', 'CLS-M2', 'CLS-M3', 'CLS-M4', 'RequestShiftWithin', 'NodeSwapWithin-WithPrecedence']
Episode 0: New instance generated (53 requests)
Episode 0/1500 | Reward: -5.00 (avg: -5.00) | Fitness: 13317.36 (avg: 13317.36) | Steps: 100 | eps: 0.995 | Loss: 0.0000 | Time: 0.55s | Total: 0.70s
Episode 6: New instance generated (51 requests)
Episode 10/1500 | Reward: -17.00 (avg: -16.90) | Fitness: 2145.22 (avg: 8342.16) | Steps: 100 | eps: 0.946 | Loss: 0.7583 | Time: 1.03s | Total: 5.64s
Episode 12: New instance generated (51 requests)
Episode 15: New population generated
Episode 18: New instance generated (51 requests)
Episode 20/1500 | Reward: -15.00 (avg: -18.00) | Fitness: 904.15 (avg: 3100.52) | Steps: 100 | eps: 0.900 | Loss: 0.6468 | Time: 0.97s | Total: 15.42s
Episode 24: New instance generated (55 requests)
Episode 30: New instance generated (53 requests)
Episode 30/1500 | Reward: -26.00 (avg: -20.90) | Fitness: 20036.90 (avg: 14282.92) | Steps: 100 | eps: 0.856 | Loss: 0.7433 | Time: 0.94s | Total: 24.62s
Episode 36: New instance generated (51 requests)
Episode 40/1500 | Reward: -2.00 (avg: -20.00) | Fitness: 1655.06 (avg: 6188.33) | Steps: 100 | eps: 0.814 | Loss: 0.7496 | Time: 1.12s | Total: 34.30s
Episode 42: New instance generated (51 requests)
Episode 45: New population generated
Episode 48: New instance generated (50 requests)
Episode 50/1500 | Reward: -55.00 (avg: -21.50) | Fitness: 12196.30 (avg: 6472.16) | Steps: 100 | eps: 0.774 | Loss: 0.7683 | Time: 0.83s | Total: 43.12s
Episode 54: New instance generated (52 requests)
Episode 60: New instance generated (51 requests)
Episode 60/1500 | Reward: -13.00 (avg: -21.30) | Fitness: 2361.47 (avg: 8675.54) | Steps: 100 | eps: 0.737 | Loss: 0.8156 | Time: 1.05s | Total: 51.90s
Episode 66: New instance generated (50 requests)
Episode 70/1500 | Reward: -17.00 (avg: -16.40) | Fitness: 2687.77 (avg: 1784.08) | Steps: 100 | eps: 0.701 | Loss: 0.8376 | Time: 0.85s | Total: 61.70s
Episode 72: New instance generated (52 requests)
Episode 75: New population generated
Episode 78: New instance generated (50 requests)
Episode 80/1500 | Reward: -20.00 (avg: -18.10) | Fitness: 1939.48 (avg: 10291.67) | Steps: 100 | eps: 0.666 | Loss: 0.8522 | Time: 1.04s | Total: 70.90s
Episode 84: New instance generated (51 requests)
Episode 90: New instance generated (53 requests)
Episode 90/1500 | Reward: -2.00 (avg: -9.20) | Fitness: 17753.62 (avg: 4267.34) | Steps: 100 | eps: 0.634 | Loss: 0.8809 | Time: 0.99s | Total: 80.50s
Episode 96: New instance generated (50 requests)
Episode 100/1500 | Reward: -14.00 (avg: -12.30) | Fitness: 1430.54 (avg: 7014.39) | Steps: 100 | eps: 0.603 | Loss: 0.9425 | Time: 1.22s | Total: 90.09s
Episode 102: New instance generated (53 requests)
Episode 105: New population generated
Episode 108: New instance generated (53 requests)
Episode 110/1500 | Reward: -19.00 (avg: -9.40) | Fitness: 12445.55 (avg: 13874.21) | Steps: 100 | eps: 0.573 | Loss: 0.8847 | Time: 0.85s | Total: 98.84s
Episode 114: New instance generated (51 requests)
Episode 120: New instance generated (50 requests)
Episode 120/1500 | Reward: 14.00 (avg: -8.90) | Fitness: 2082.03 (avg: 4053.38) | Steps: 100 | eps: 0.545 | Loss: 0.9163 | Time: 1.04s | Total: 108.80s
Episode 126: New instance generated (52 requests)
Episode 130/1500 | Reward: -11.00 (avg: -7.90) | Fitness: 15856.06 (avg: 9719.76) | Steps: 100 | eps: 0.519 | Loss: 0.9354 | Time: 0.85s | Total: 117.58s
Episode 132: New instance generated (53 requests)
Episode 135: New population generated
Episode 138: New instance generated (50 requests)
Episode 140/1500 | Reward: 10.00 (avg: -3.20) | Fitness: 1487.08 (avg: 11692.58) | Steps: 100 | eps: 0.493 | Loss: 0.8394 | Time: 1.04s | Total: 126.83s
Episode 144: New instance generated (53 requests)
Episode 150: New instance generated (53 requests)
Episode 150/1500 | Reward: -48.00 (avg: -11.50) | Fitness: 17299.48 (avg: 9903.57) | Steps: 100 | eps: 0.469 | Loss: 0.8998 | Time: 1.01s | Total: 135.87s
Episode 156: New instance generated (53 requests)
Episode 160/1500 | Reward: -11.00 (avg: -7.70) | Fitness: 15760.85 (avg: 13434.36) | Steps: 100 | eps: 0.446 | Loss: 0.8747 | Time: 0.84s | Total: 144.57s
Episode 162: New instance generated (53 requests)
Episode 165: New population generated
Episode 168: New instance generated (55 requests)
Episode 170/1500 | Reward: -20.00 (avg: -5.90) | Fitness: 15637.01 (avg: 15000.63) | Steps: 100 | eps: 0.424 | Loss: 0.8582 | Time: 0.84s | Total: 153.24s
Episode 174: New instance generated (51 requests)
Episode 180: New instance generated (51 requests)
Episode 180/1500 | Reward: 8.00 (avg: -5.10) | Fitness: 1864.45 (avg: 6715.50) | Steps: 100 | eps: 0.404 | Loss: 0.8159 | Time: 1.06s | Total: 162.96s
Episode 186: New instance generated (51 requests)
Episode 190/1500 | Reward: 9.00 (avg: 0.60) | Fitness: 9189.33 (avg: 2353.08) | Steps: 100 | eps: 0.384 | Loss: 0.8099 | Time: 0.87s | Total: 172.55s
Episode 192: New instance generated (51 requests)
Episode 195: New population generated
Episode 198: New instance generated (50 requests)
Episode 200/1500 | Reward: 12.00 (avg: -2.00) | Fitness: 1582.20 (avg: 2579.62) | Steps: 100 | eps: 0.365 | Loss: 0.8890 | Time: 0.89s | Total: 182.58s
Episode 204: New instance generated (51 requests)
Episode 210: New instance generated (51 requests)
Episode 210/1500 | Reward: 11.00 (avg: 4.80) | Fitness: 958.88 (avg: 2343.00) | Steps: 100 | eps: 0.347 | Loss: 0.8827 | Time: 1.04s | Total: 194.08s
Episode 216: New instance generated (53 requests)
Episode 220/1500 | Reward: 12.00 (avg: -6.00) | Fitness: 14294.20 (avg: 7628.18) | Steps: 100 | eps: 0.330 | Loss: 0.8841 | Time: 0.85s | Total: 203.35s
Episode 222: New instance generated (50 requests)
Episode 225: New population generated
Episode 228: New instance generated (53 requests)
Episode 230/1500 | Reward: -5.00 (avg: -1.50) | Fitness: 20347.18 (avg: 7898.57) | Steps: 100 | eps: 0.314 | Loss: 0.8595 | Time: 0.84s | Total: 214.79s
Episode 234: New instance generated (53 requests)
Episode 240: New instance generated (51 requests)
Episode 240/1500 | Reward: 3.00 (avg: 0.80) | Fitness: 9893.13 (avg: 12981.98) | Steps: 100 | eps: 0.299 | Loss: 0.8909 | Time: 1.02s | Total: 223.93s
Episode 246: New instance generated (53 requests)
Episode 250/1500 | Reward: -3.00 (avg: 1.20) | Fitness: 16077.48 (avg: 7303.54) | Steps: 100 | eps: 0.284 | Loss: 0.8501 | Time: 0.86s | Total: 233.13s
Episode 252: New instance generated (51 requests)
Episode 255: New population generated
Episode 258: New instance generated (51 requests)
Episode 260/1500 | Reward: 4.00 (avg: -2.80) | Fitness: 911.13 (avg: 3778.42) | Steps: 100 | eps: 0.270 | Loss: 0.8531 | Time: 0.95s | Total: 242.93s
Episode 264: New instance generated (50 requests)
Episode 270: New instance generated (53 requests)
Episode 270/1500 | Reward: 0.00 (avg: 2.40) | Fitness: 14569.13 (avg: 3949.99) | Steps: 100 | eps: 0.257 | Loss: 0.8156 | Time: 1.02s | Total: 253.25s
Episode 276: New instance generated (53 requests)
Episode 280/1500 | Reward: 22.00 (avg: 10.60) | Fitness: 1749.59 (avg: 7679.45) | Steps: 100 | eps: 0.245 | Loss: 0.8713 | Time: 0.89s | Total: 262.42s
Episode 282: New instance generated (51 requests)
Episode 285: New population generated
Episode 288: New instance generated (52 requests)
Episode 290/1500 | Reward: -27.00 (avg: -6.10) | Fitness: 24050.19 (avg: 8472.73) | Steps: 100 | eps: 0.233 | Loss: 0.8092 | Time: 0.87s | Total: 271.71s
Episode 294: New instance generated (51 requests)
Episode 300: New instance generated (51 requests)
Episode 300/1500 | Reward: 5.00 (avg: 10.10) | Fitness: 1704.58 (avg: 6583.01) | Steps: 100 | eps: 0.221 | Loss: 0.8309 | Time: 1.01s | Total: 281.09s
Episode 306: New instance generated (52 requests)
Episode 310/1500 | Reward: -20.00 (avg: 5.50) | Fitness: 2778.51 (avg: 3770.88) | Steps: 100 | eps: 0.210 | Loss: 0.7952 | Time: 0.88s | Total: 290.23s
Episode 312: New instance generated (51 requests)
Episode 315: New population generated
Episode 318: New instance generated (53 requests)
Episode 320/1500 | Reward: 24.00 (avg: 10.20) | Fitness: 2379.56 (avg: 2117.60) | Steps: 100 | eps: 0.200 | Loss: 0.8143 | Time: 0.87s | Total: 299.63s
Episode 324: New instance generated (51 requests)
Episode 330: New instance generated (52 requests)
Episode 330/1500 | Reward: 27.00 (avg: 10.00) | Fitness: 11629.04 (avg: 7182.51) | Steps: 100 | eps: 0.190 | Loss: 0.9033 | Time: 0.99s | Total: 308.93s
Episode 336: New instance generated (50 requests)
Episode 340/1500 | Reward: 8.00 (avg: 12.40) | Fitness: 1764.37 (avg: 5313.81) | Steps: 100 | eps: 0.181 | Loss: 0.9098 | Time: 1.07s | Total: 318.15s
Episode 342: New instance generated (53 requests)
Episode 345: New population generated
Episode 348: New instance generated (50 requests)
Episode 350/1500 | Reward: 23.00 (avg: 14.50) | Fitness: 1481.75 (avg: 3306.56) | Steps: 100 | eps: 0.172 | Loss: 0.8556 | Time: 0.93s | Total: 327.78s
Episode 354: New instance generated (52 requests)
Episode 360: New instance generated (51 requests)
Episode 360/1500 | Reward: -1.00 (avg: 9.70) | Fitness: 1426.60 (avg: 6614.26) | Steps: 100 | eps: 0.164 | Loss: 0.8442 | Time: 1.17s | Total: 337.61s
Episode 366: New instance generated (51 requests)
Episode 370/1500 | Reward: 20.00 (avg: 10.40) | Fitness: 1653.04 (avg: 3921.40) | Steps: 100 | eps: 0.156 | Loss: 0.8444 | Time: 0.87s | Total: 346.79s
Episode 372: New instance generated (53 requests)
Episode 375: New population generated
Episode 378: New instance generated (50 requests)
Episode 380/1500 | Reward: 22.00 (avg: 18.00) | Fitness: 1544.94 (avg: 7424.55) | Steps: 100 | eps: 0.148 | Loss: 0.8552 | Time: 0.86s | Total: 355.95s
Episode 384: New instance generated (53 requests)
Episode 390: New instance generated (52 requests)
Episode 390/1500 | Reward: 17.00 (avg: 14.70) | Fitness: 2628.62 (avg: 4814.56) | Steps: 100 | eps: 0.141 | Loss: 0.8895 | Time: 1.01s | Total: 365.62s
Episode 396: New instance generated (53 requests)
Episode 400/1500 | Reward: 22.00 (avg: 14.00) | Fitness: 2741.13 (avg: 7036.28) | Steps: 100 | eps: 0.134 | Loss: 0.8771 | Time: 0.90s | Total: 374.81s
Episode 402: New instance generated (51 requests)
Episode 405: New population generated
Episode 408: New instance generated (53 requests)
Episode 410/1500 | Reward: 22.00 (avg: 9.20) | Fitness: 1637.27 (avg: 3620.37) | Steps: 100 | eps: 0.127 | Loss: 0.8708 | Time: 0.88s | Total: 383.98s
Episode 414: New instance generated (50 requests)
Episode 420: New instance generated (53 requests)
Episode 420/1500 | Reward: 10.00 (avg: 17.00) | Fitness: 2163.75 (avg: 3260.29) | Steps: 100 | eps: 0.121 | Loss: 0.8103 | Time: 0.99s | Total: 393.27s
Episode 426: New instance generated (53 requests)
Episode 430/1500 | Reward: 21.00 (avg: 15.30) | Fitness: 13307.11 (avg: 10159.26) | Steps: 100 | eps: 0.115 | Loss: 0.8126 | Time: 0.90s | Total: 402.59s
Episode 432: New instance generated (52 requests)
Episode 435: New population generated
Episode 438: New instance generated (53 requests)
Episode 440/1500 | Reward: 4.00 (avg: 13.70) | Fitness: 17598.96 (avg: 6677.65) | Steps: 100 | eps: 0.110 | Loss: 0.8592 | Time: 0.89s | Total: 411.79s
Episode 444: New instance generated (52 requests)
Episode 450: New instance generated (53 requests)
Episode 450/1500 | Reward: 24.00 (avg: 12.60) | Fitness: 13599.80 (avg: 6887.60) | Steps: 100 | eps: 0.104 | Loss: 0.8479 | Time: 1.02s | Total: 421.07s
Episode 456: New instance generated (53 requests)
Episode 460/1500 | Reward: 14.00 (avg: 14.20) | Fitness: 13810.43 (avg: 8066.98) | Steps: 100 | eps: 0.100 | Loss: 0.8427 | Time: 0.88s | Total: 430.30s
Episode 462: New instance generated (50 requests)
Episode 465: New population generated
Episode 468: New instance generated (51 requests)
Episode 470/1500 | Reward: 8.00 (avg: 13.90) | Fitness: 10246.46 (avg: 3857.46) | Steps: 100 | eps: 0.100 | Loss: 0.8611 | Time: 0.88s | Total: 440.01s
Episode 474: New instance generated (53 requests)
Episode 480: New instance generated (51 requests)
Episode 480/1500 | Reward: 21.00 (avg: 15.50) | Fitness: 2570.68 (avg: 3161.70) | Steps: 100 | eps: 0.100 | Loss: 0.8470 | Time: 0.99s | Total: 449.34s
Episode 486: New instance generated (50 requests)
Episode 490/1500 | Reward: 38.00 (avg: 19.10) | Fitness: 1595.49 (avg: 1917.89) | Steps: 100 | eps: 0.100 | Loss: 0.8582 | Time: 0.85s | Total: 458.82s
Episode 492: New instance generated (51 requests)
Episode 495: New population generated
Episode 498: New instance generated (53 requests)
Episode 500/1500 | Reward: 15.00 (avg: 14.50) | Fitness: 1832.12 (avg: 5638.21) | Steps: 100 | eps: 0.100 | Loss: 0.8814 | Time: 1.08s | Total: 468.20s
Saved checkpoint to models/rl_mutation_dqn_100_pop10_greedy_hybrid_sparse_set5_42_episode_500.pt
Episode 504: New instance generated (51 requests)
Episode 510: New instance generated (51 requests)
Episode 510/1500 | Reward: 12.00 (avg: 19.10) | Fitness: 1169.66 (avg: 2793.26) | Steps: 100 | eps: 0.100 | Loss: 0.8330 | Time: 1.55s | Total: 477.87s
Episode 516: New instance generated (50 requests)
Episode 520/1500 | Reward: 30.00 (avg: 23.60) | Fitness: 1710.33 (avg: 2405.81) | Steps: 100 | eps: 0.100 | Loss: 0.8637 | Time: 0.89s | Total: 487.18s
Episode 522: New instance generated (53 requests)
Episode 525: New population generated
Episode 528: New instance generated (50 requests)
Episode 530/1500 | Reward: 31.00 (avg: 11.20) | Fitness: 1772.25 (avg: 11518.05) | Steps: 100 | eps: 0.100 | Loss: 0.8829 | Time: 0.86s | Total: 496.30s
Episode 534: New instance generated (53 requests)
Episode 540: New instance generated (50 requests)
Episode 540/1500 | Reward: 23.00 (avg: 21.80) | Fitness: 1735.29 (avg: 4398.61) | Steps: 100 | eps: 0.100 | Loss: 0.8919 | Time: 1.00s | Total: 505.60s
Episode 546: New instance generated (50 requests)
Episode 550/1500 | Reward: -6.00 (avg: 19.10) | Fitness: 9889.74 (avg: 2609.11) | Steps: 100 | eps: 0.100 | Loss: 0.8503 | Time: 0.89s | Total: 514.81s
Episode 552: New instance generated (52 requests)
Episode 555: New population generated
Episode 558: New instance generated (51 requests)
Episode 560/1500 | Reward: 27.00 (avg: 24.00) | Fitness: 1670.93 (avg: 3427.02) | Steps: 100 | eps: 0.100 | Loss: 0.8209 | Time: 0.94s | Total: 524.01s
Episode 564: New instance generated (51 requests)
Episode 570: New instance generated (52 requests)
Episode 570/1500 | Reward: 19.00 (avg: 25.40) | Fitness: 2210.01 (avg: 1774.59) | Steps: 100 | eps: 0.100 | Loss: 0.8970 | Time: 1.01s | Total: 533.46s
Episode 576: New instance generated (55 requests)
Episode 580/1500 | Reward: 11.00 (avg: 13.60) | Fitness: 2971.32 (avg: 5040.14) | Steps: 100 | eps: 0.100 | Loss: 0.8717 | Time: 0.87s | Total: 542.59s
Episode 582: New instance generated (50 requests)
Episode 585: New population generated
Episode 588: New instance generated (52 requests)
Episode 590/1500 | Reward: 12.00 (avg: 22.00) | Fitness: 2563.51 (avg: 2002.07) | Steps: 100 | eps: 0.100 | Loss: 0.8293 | Time: 0.90s | Total: 551.91s
Episode 594: New instance generated (53 requests)
Episode 600: New instance generated (53 requests)
Episode 600/1500 | Reward: 18.00 (avg: 23.20) | Fitness: 12928.18 (avg: 4299.06) | Steps: 100 | eps: 0.100 | Loss: 0.8203 | Time: 1.03s | Total: 561.27s
Episode 606: New instance generated (53 requests)
Episode 610/1500 | Reward: 16.00 (avg: 14.60) | Fitness: 2013.40 (avg: 4766.61) | Steps: 100 | eps: 0.100 | Loss: 0.8326 | Time: 0.90s | Total: 570.51s
Episode 612: New instance generated (53 requests)
Episode 615: New population generated
Episode 618: New instance generated (51 requests)
Episode 620/1500 | Reward: 23.00 (avg: 15.70) | Fitness: 1544.16 (avg: 6982.17) | Steps: 100 | eps: 0.100 | Loss: 0.8482 | Time: 0.97s | Total: 579.90s
Episode 624: New instance generated (53 requests)
Episode 630: New instance generated (53 requests)
Episode 630/1500 | Reward: 17.00 (avg: 10.70) | Fitness: 13424.01 (avg: 6318.01) | Steps: 100 | eps: 0.100 | Loss: 0.8522 | Time: 1.04s | Total: 589.44s
Episode 636: New instance generated (52 requests)
Episode 640/1500 | Reward: 21.00 (avg: 19.10) | Fitness: 13063.43 (avg: 6926.94) | Steps: 100 | eps: 0.100 | Loss: 0.8316 | Time: 0.89s | Total: 598.65s
Episode 642: New instance generated (51 requests)
Episode 645: New population generated
Episode 648: New instance generated (51 requests)
Episode 650/1500 | Reward: 22.00 (avg: 14.20) | Fitness: 2009.55 (avg: 3323.44) | Steps: 100 | eps: 0.100 | Loss: 0.8342 | Time: 0.89s | Total: 607.70s
Episode 654: New instance generated (50 requests)
Episode 660: New instance generated (50 requests)
Episode 660/1500 | Reward: 20.00 (avg: 17.10) | Fitness: 1753.91 (avg: 2587.42) | Steps: 100 | eps: 0.100 | Loss: 0.7986 | Time: 1.02s | Total: 617.36s
Episode 666: New instance generated (51 requests)
Episode 670/1500 | Reward: 34.00 (avg: 16.50) | Fitness: 1476.54 (avg: 1619.32) | Steps: 100 | eps: 0.100 | Loss: 0.8473 | Time: 0.89s | Total: 626.61s
Episode 672: New instance generated (50 requests)
Episode 675: New population generated
Episode 678: New instance generated (51 requests)
Episode 680/1500 | Reward: 23.00 (avg: 22.30) | Fitness: 1889.62 (avg: 1884.54) | Steps: 100 | eps: 0.100 | Loss: 0.8582 | Time: 0.94s | Total: 635.93s
Episode 684: New instance generated (53 requests)
Episode 690: New instance generated (53 requests)
Episode 690/1500 | Reward: 14.00 (avg: 14.10) | Fitness: 3405.68 (avg: 6967.34) | Steps: 100 | eps: 0.100 | Loss: 0.8634 | Time: 1.03s | Total: 645.20s
Episode 696: New instance generated (51 requests)
Episode 700/1500 | Reward: 16.00 (avg: 6.50) | Fitness: 1478.07 (avg: 8602.00) | Steps: 100 | eps: 0.100 | Loss: 0.8259 | Time: 0.90s | Total: 654.63s
Episode 702: New instance generated (53 requests)
Episode 705: New population generated
Episode 708: New instance generated (51 requests)
Episode 710/1500 | Reward: 23.00 (avg: 16.30) | Fitness: 1623.24 (avg: 4829.45) | Steps: 100 | eps: 0.100 | Loss: 0.8373 | Time: 0.92s | Total: 664.06s
Episode 714: New instance generated (53 requests)
Episode 720: New instance generated (51 requests)
Episode 720/1500 | Reward: 16.00 (avg: 14.90) | Fitness: 9673.34 (avg: 6592.81) | Steps: 100 | eps: 0.100 | Loss: 0.8073 | Time: 1.04s | Total: 673.45s
Episode 726: New instance generated (51 requests)
Episode 730/1500 | Reward: 12.00 (avg: 11.40) | Fitness: 1134.97 (avg: 3539.21) | Steps: 100 | eps: 0.100 | Loss: 0.7723 | Time: 0.90s | Total: 683.46s
Episode 732: New instance generated (53 requests)
Episode 735: New population generated
Episode 738: New instance generated (50 requests)
Episode 740/1500 | Reward: 34.00 (avg: 13.50) | Fitness: 2101.33 (avg: 2005.50) | Steps: 100 | eps: 0.100 | Loss: 0.7890 | Time: 0.91s | Total: 692.97s
Episode 744: New instance generated (51 requests)
Episode 750: New instance generated (51 requests)
Episode 750/1500 | Reward: -12.00 (avg: 14.10) | Fitness: 10251.18 (avg: 4849.13) | Steps: 100 | eps: 0.100 | Loss: 0.7978 | Time: 1.19s | Total: 702.74s
Episode 756: New instance generated (51 requests)
Episode 760/1500 | Reward: 26.00 (avg: 12.80) | Fitness: 1270.55 (avg: 3067.88) | Steps: 100 | eps: 0.100 | Loss: 0.7830 | Time: 0.89s | Total: 712.26s
Episode 762: New instance generated (53 requests)
Episode 765: New population generated
Episode 768: New instance generated (51 requests)
Episode 770/1500 | Reward: 6.00 (avg: 16.80) | Fitness: 869.40 (avg: 4525.33) | Steps: 100 | eps: 0.100 | Loss: 0.8030 | Time: 0.92s | Total: 721.59s
Episode 774: New instance generated (50 requests)
Episode 780: New instance generated (51 requests)
Episode 780/1500 | Reward: -33.00 (avg: 16.10) | Fitness: 1414.90 (avg: 2616.61) | Steps: 100 | eps: 0.100 | Loss: 0.8151 | Time: 1.42s | Total: 731.69s
Episode 786: New instance generated (53 requests)
Episode 790/1500 | Reward: 6.00 (avg: 17.20) | Fitness: 13132.20 (avg: 4727.47) | Steps: 100 | eps: 0.100 | Loss: 0.7914 | Time: 0.90s | Total: 741.07s
Episode 792: New instance generated (51 requests)
Episode 795: New population generated
Episode 798: New instance generated (53 requests)
Episode 800/1500 | Reward: 18.00 (avg: 15.60) | Fitness: 12285.24 (avg: 8758.97) | Steps: 100 | eps: 0.100 | Loss: 0.7965 | Time: 0.90s | Total: 750.35s
Episode 804: New instance generated (53 requests)
Episode 810: New instance generated (53 requests)
Episode 810/1500 | Reward: 15.00 (avg: 10.80) | Fitness: 2891.14 (avg: 6317.27) | Steps: 100 | eps: 0.100 | Loss: 0.8031 | Time: 1.03s | Total: 759.82s
Episode 816: New instance generated (53 requests)
Episode 820/1500 | Reward: 15.00 (avg: 11.00) | Fitness: 1947.64 (avg: 7245.46) | Steps: 100 | eps: 0.100 | Loss: 0.8138 | Time: 0.90s | Total: 769.20s
Episode 822: New instance generated (51 requests)
Episode 825: New population generated
Episode 828: New instance generated (51 requests)
Episode 830/1500 | Reward: 15.00 (avg: 11.40) | Fitness: 1172.84 (avg: 2352.83) | Steps: 100 | eps: 0.100 | Loss: 0.7958 | Time: 0.91s | Total: 778.53s
Episode 834: New instance generated (51 requests)
Episode 840: New instance generated (53 requests)
Episode 840/1500 | Reward: 14.00 (avg: 9.00) | Fitness: 17261.98 (avg: 5590.39) | Steps: 100 | eps: 0.100 | Loss: 0.7893 | Time: 1.03s | Total: 788.15s
Episode 846: New instance generated (53 requests)
Episode 850/1500 | Reward: 18.00 (avg: 14.20) | Fitness: 1826.87 (avg: 6105.34) | Steps: 100 | eps: 0.100 | Loss: 0.7871 | Time: 0.91s | Total: 797.48s
Episode 852: New instance generated (53 requests)
Episode 855: New population generated
Episode 858: New instance generated (51 requests)
Episode 860/1500 | Reward: 21.00 (avg: 19.70) | Fitness: 1510.58 (avg: 5298.51) | Steps: 100 | eps: 0.100 | Loss: 0.7577 | Time: 0.89s | Total: 806.87s
Episode 864: New instance generated (51 requests)
Episode 870: New instance generated (51 requests)
Episode 870/1500 | Reward: 16.00 (avg: 13.60) | Fitness: 940.46 (avg: 5570.75) | Steps: 100 | eps: 0.100 | Loss: 0.7723 | Time: 1.03s | Total: 816.46s
Episode 876: New instance generated (52 requests)
Episode 880/1500 | Reward: 19.00 (avg: 15.00) | Fitness: 3005.75 (avg: 5816.78) | Steps: 100 | eps: 0.100 | Loss: 0.7746 | Time: 0.87s | Total: 825.56s
Episode 882: New instance generated (51 requests)
Episode 885: New population generated
Episode 888: New instance generated (51 requests)
Episode 890/1500 | Reward: 6.00 (avg: 19.40) | Fitness: 9148.79 (avg: 6073.89) | Steps: 100 | eps: 0.100 | Loss: 0.7723 | Time: 0.87s | Total: 834.49s
Episode 894: New instance generated (52 requests)
Episode 900: New instance generated (51 requests)
Episode 900/1500 | Reward: 8.00 (avg: 11.20) | Fitness: 9701.69 (avg: 7890.75) | Steps: 100 | eps: 0.100 | Loss: 0.7738 | Time: 1.07s | Total: 843.93s
Episode 906: New instance generated (50 requests)
Episode 910/1500 | Reward: 28.00 (avg: 24.30) | Fitness: 1435.95 (avg: 2287.68) | Steps: 100 | eps: 0.100 | Loss: 0.7739 | Time: 0.89s | Total: 853.33s
Episode 912: New instance generated (51 requests)
Episode 915: New population generated
Episode 918: New instance generated (55 requests)
Episode 920/1500 | Reward: 20.00 (avg: 25.70) | Fitness: 14557.40 (avg: 5990.08) | Steps: 100 | eps: 0.100 | Loss: 0.7871 | Time: 0.92s | Total: 862.80s
Episode 924: New instance generated (50 requests)
Episode 930: New instance generated (53 requests)
Episode 930/1500 | Reward: 30.00 (avg: 20.80) | Fitness: 13952.18 (avg: 3408.91) | Steps: 100 | eps: 0.100 | Loss: 0.7844 | Time: 1.05s | Total: 872.65s
Episode 936: New instance generated (53 requests)
Episode 940/1500 | Reward: 20.00 (avg: 14.70) | Fitness: 2230.93 (avg: 6884.64) | Steps: 100 | eps: 0.100 | Loss: 0.7647 | Time: 0.93s | Total: 882.14s
Episode 942: New instance generated (53 requests)
Episode 945: New population generated
Episode 948: New instance generated (50 requests)
Episode 950/1500 | Reward: 15.00 (avg: 17.80) | Fitness: 1747.16 (avg: 3101.09) | Steps: 100 | eps: 0.100 | Loss: 0.7903 | Time: 0.92s | Total: 891.84s
Episode 954: New instance generated (51 requests)
Episode 960: New instance generated (53 requests)
Episode 960/1500 | Reward: 11.00 (avg: 15.80) | Fitness: 13533.01 (avg: 4513.83) | Steps: 100 | eps: 0.100 | Loss: 0.7768 | Time: 1.02s | Total: 901.34s
Episode 966: New instance generated (53 requests)
Episode 970/1500 | Reward: 23.00 (avg: 16.80) | Fitness: 12841.35 (avg: 6597.87) | Steps: 100 | eps: 0.100 | Loss: 0.7750 | Time: 0.90s | Total: 910.61s
Episode 972: New instance generated (51 requests)
Episode 975: New population generated
Episode 978: New instance generated (53 requests)
Episode 980/1500 | Reward: 9.00 (avg: 12.90) | Fitness: 1834.45 (avg: 3602.70) | Steps: 100 | eps: 0.100 | Loss: 0.7703 | Time: 0.90s | Total: 919.93s
Episode 984: New instance generated (53 requests)
Episode 990: New instance generated (53 requests)
Episode 990/1500 | Reward: 11.00 (avg: 13.20) | Fitness: 3160.29 (avg: 8345.74) | Steps: 100 | eps: 0.100 | Loss: 0.7510 | Time: 1.02s | Total: 929.35s
Episode 996: New instance generated (53 requests)
Episode 1000/1500 | Reward: 14.00 (avg: 18.50) | Fitness: 2450.46 (avg: 7059.16) | Steps: 100 | eps: 0.100 | Loss: 0.7861 | Time: 0.90s | Total: 938.64s
Saved checkpoint to models/rl_mutation_dqn_100_pop10_greedy_hybrid_sparse_set5_42_episode_1000.pt
Episode 1002: New instance generated (55 requests)
Episode 1005: New population generated
Episode 1008: New instance generated (53 requests)
Episode 1010/1500 | Reward: 19.00 (avg: 14.10) | Fitness: 2187.49 (avg: 4302.15) | Steps: 100 | eps: 0.100 | Loss: 0.7835 | Time: 0.91s | Total: 948.02s
Episode 1014: New instance generated (55 requests)
Episode 1020: New instance generated (51 requests)
Episode 1020/1500 | Reward: -10.00 (avg: 6.00) | Fitness: 1743.26 (avg: 6952.43) | Steps: 100 | eps: 0.100 | Loss: 0.7483 | Time: 1.05s | Total: 957.46s
Episode 1026: New instance generated (52 requests)
Episode 1030/1500 | Reward: 8.00 (avg: 16.90) | Fitness: 2818.04 (avg: 4213.75) | Steps: 100 | eps: 0.100 | Loss: 0.7568 | Time: 0.90s | Total: 966.88s
Episode 1032: New instance generated (53 requests)
Episode 1035: New population generated
Episode 1038: New instance generated (50 requests)
Episode 1040/1500 | Reward: 10.00 (avg: 16.20) | Fitness: 1856.23 (avg: 4269.55) | Steps: 100 | eps: 0.100 | Loss: 0.7882 | Time: 0.88s | Total: 976.20s
Episode 1044: New instance generated (53 requests)
Episode 1050: New instance generated (52 requests)
Episode 1050/1500 | Reward: -18.00 (avg: 13.60) | Fitness: 15678.75 (avg: 4739.35) | Steps: 100 | eps: 0.100 | Loss: 0.7633 | Time: 1.02s | Total: 985.54s
Episode 1056: New instance generated (51 requests)
Episode 1060/1500 | Reward: 18.00 (avg: 11.20) | Fitness: 1683.88 (avg: 4156.10) | Steps: 100 | eps: 0.100 | Loss: 0.7540 | Time: 0.90s | Total: 994.82s
Episode 1062: New instance generated (51 requests)
Episode 1065: New population generated
Episode 1068: New instance generated (52 requests)
Episode 1070/1500 | Reward: 13.00 (avg: 19.30) | Fitness: 2573.79 (avg: 3698.96) | Steps: 100 | eps: 0.100 | Loss: 0.7442 | Time: 0.90s | Total: 1004.00s
Episode 1074: New instance generated (51 requests)
Episode 1080: New instance generated (51 requests)
Episode 1080/1500 | Reward: 9.00 (avg: 20.00) | Fitness: 8999.69 (avg: 2685.94) | Steps: 100 | eps: 0.100 | Loss: 0.7268 | Time: 1.01s | Total: 1013.31s
Episode 1086: New instance generated (50 requests)
Episode 1090/1500 | Reward: 37.00 (avg: 18.70) | Fitness: 1422.26 (avg: 1743.45) | Steps: 100 | eps: 0.100 | Loss: 0.7158 | Time: 0.93s | Total: 1022.57s
Episode 1092: New instance generated (51 requests)
Episode 1095: New population generated
Episode 1098: New instance generated (52 requests)
Episode 1100/1500 | Reward: 21.00 (avg: 14.50) | Fitness: 13022.79 (avg: 5624.83) | Steps: 100 | eps: 0.100 | Loss: 0.6838 | Time: 0.89s | Total: 1031.83s
Episode 1104: New instance generated (51 requests)
Episode 1110: New instance generated (50 requests)
Episode 1110/1500 | Reward: 28.00 (avg: 12.60) | Fitness: 1554.19 (avg: 5781.30) | Steps: 100 | eps: 0.100 | Loss: 0.7058 | Time: 1.06s | Total: 1041.64s
Episode 1116: New instance generated (50 requests)
Episode 1120/1500 | Reward: 21.00 (avg: 8.70) | Fitness: 2321.47 (avg: 2827.85) | Steps: 100 | eps: 0.100 | Loss: 0.6798 | Time: 0.92s | Total: 1051.34s
Episode 1122: New instance generated (51 requests)
Episode 1125: New population generated
Episode 1128: New instance generated (52 requests)
Episode 1130/1500 | Reward: 23.00 (avg: 21.10) | Fitness: 1815.55 (avg: 3553.71) | Steps: 100 | eps: 0.100 | Loss: 0.6794 | Time: 0.91s | Total: 1060.75s
Episode 1134: New instance generated (53 requests)
Episode 1140: New instance generated (53 requests)
Episode 1140/1500 | Reward: 20.00 (avg: 15.10) | Fitness: 12913.56 (avg: 7738.41) | Steps: 100 | eps: 0.100 | Loss: 0.6915 | Time: 1.04s | Total: 1070.30s
Episode 1146: New instance generated (53 requests)
Episode 1150/1500 | Reward: 26.00 (avg: 13.80) | Fitness: 2446.64 (avg: 5614.76) | Steps: 100 | eps: 0.100 | Loss: 0.6755 | Time: 0.92s | Total: 1079.73s
Episode 1152: New instance generated (50 requests)
Episode 1155: New population generated
Episode 1158: New instance generated (52 requests)
Episode 1160/1500 | Reward: 16.00 (avg: 21.70) | Fitness: 2748.45 (avg: 3201.36) | Steps: 100 | eps: 0.100 | Loss: 0.6660 | Time: 0.91s | Total: 1089.41s
Episode 1164: New instance generated (53 requests)
Episode 1170: New instance generated (51 requests)
Episode 1170/1500 | Reward: 18.00 (avg: 14.80) | Fitness: 10805.35 (avg: 6647.77) | Steps: 100 | eps: 0.100 | Loss: 0.6837 | Time: 1.02s | Total: 1098.97s
Episode 1176: New instance generated (52 requests)
Episode 1180/1500 | Reward: 24.00 (avg: 11.80) | Fitness: 1887.29 (avg: 3748.73) | Steps: 100 | eps: 0.100 | Loss: 0.6737 | Time: 0.91s | Total: 1108.39s
Episode 1182: New instance generated (53 requests)
Episode 1185: New population generated
Episode 1188: New instance generated (53 requests)
Episode 1190/1500 | Reward: 28.00 (avg: 18.00) | Fitness: 13591.59 (avg: 5503.51) | Steps: 100 | eps: 0.100 | Loss: 0.6768 | Time: 0.91s | Total: 1117.87s
Episode 1194: New instance generated (51 requests)
Episode 1200: New instance generated (51 requests)
Episode 1200/1500 | Reward: 20.00 (avg: 14.00) | Fitness: 1521.24 (avg: 4502.14) | Steps: 100 | eps: 0.100 | Loss: 0.6526 | Time: 1.00s | Total: 1127.34s
Episode 1206: New instance generated (51 requests)
Episode 1210/1500 | Reward: 10.00 (avg: 16.30) | Fitness: 1534.47 (avg: 2233.47) | Steps: 100 | eps: 0.100 | Loss: 0.6392 | Time: 0.91s | Total: 1136.93s
Episode 1212: New instance generated (52 requests)
Episode 1215: New population generated
Episode 1218: New instance generated (53 requests)
Episode 1220/1500 | Reward: 13.00 (avg: 7.30) | Fitness: 2018.00 (avg: 7907.86) | Steps: 100 | eps: 0.100 | Loss: 0.6527 | Time: 0.93s | Total: 1146.34s
Episode 1224: New instance generated (53 requests)
Episode 1230: New instance generated (51 requests)
Episode 1230/1500 | Reward: 16.00 (avg: 17.90) | Fitness: 1231.98 (avg: 8316.11) | Steps: 100 | eps: 0.100 | Loss: 0.6370 | Time: 1.01s | Total: 1155.78s
Episode 1236: New instance generated (51 requests)
Episode 1240/1500 | Reward: 8.00 (avg: 19.80) | Fitness: 1899.33 (avg: 1446.80) | Steps: 100 | eps: 0.100 | Loss: 0.6797 | Time: 0.99s | Total: 1165.63s
Episode 1242: New instance generated (50 requests)
Episode 1245: New population generated
Episode 1248: New instance generated (53 requests)
Episode 1250/1500 | Reward: 20.00 (avg: 20.70) | Fitness: 2548.30 (avg: 2020.48) | Steps: 100 | eps: 0.100 | Loss: 0.6465 | Time: 0.88s | Total: 1175.12s
Episode 1254: New instance generated (52 requests)
Episode 1260: New instance generated (53 requests)
Episode 1260/1500 | Reward: 14.00 (avg: 15.00) | Fitness: 13502.91 (avg: 5332.24) | Steps: 100 | eps: 0.100 | Loss: 0.6583 | Time: 1.02s | Total: 1184.37s
Episode 1266: New instance generated (50 requests)
Episode 1270/1500 | Reward: 8.00 (avg: 18.00) | Fitness: 1285.24 (avg: 5210.28) | Steps: 100 | eps: 0.100 | Loss: 0.6486 | Time: 1.63s | Total: 1194.44s
Episode 1272: New instance generated (52 requests)
Episode 1275: New population generated
Episode 1278: New instance generated (50 requests)
Episode 1280/1500 | Reward: 23.00 (avg: 4.60) | Fitness: 1888.65 (avg: 4540.96) | Steps: 100 | eps: 0.100 | Loss: 0.6477 | Time: 0.98s | Total: 1204.24s
Episode 1284: New instance generated (53 requests)
Episode 1290: New instance generated (50 requests)
Episode 1290/1500 | Reward: 13.00 (avg: 20.20) | Fitness: 1849.63 (avg: 4176.72) | Steps: 100 | eps: 0.100 | Loss: 0.6483 | Time: 1.09s | Total: 1213.80s
Episode 1296: New instance generated (51 requests)
Episode 1300/1500 | Reward: 21.00 (avg: 16.80) | Fitness: 1236.30 (avg: 2654.49) | Steps: 100 | eps: 0.100 | Loss: 0.6355 | Time: 0.91s | Total: 1223.15s
Episode 1302: New instance generated (53 requests)
Episode 1305: New population generated
Episode 1308: New instance generated (50 requests)
Episode 1310/1500 | Reward: 31.00 (avg: 15.70) | Fitness: 1753.68 (avg: 9287.78) | Steps: 100 | eps: 0.100 | Loss: 0.6320 | Time: 0.90s | Total: 1232.48s
Episode 1314: New instance generated (51 requests)
Episode 1320: New instance generated (51 requests)
Episode 1320/1500 | Reward: 31.00 (avg: 30.20) | Fitness: 1052.16 (avg: 1582.44) | Steps: 100 | eps: 0.100 | Loss: 0.6372 | Time: 1.00s | Total: 1241.92s
Episode 1326: New instance generated (51 requests)
Episode 1330/1500 | Reward: 17.00 (avg: 16.40) | Fitness: 1463.38 (avg: 1348.09) | Steps: 100 | eps: 0.100 | Loss: 0.6046 | Time: 0.89s | Total: 1251.03s
Episode 1332: New instance generated (51 requests)
Episode 1335: New population generated
Episode 1338: New instance generated (51 requests)
Episode 1340/1500 | Reward: 16.00 (avg: -4.00) | Fitness: 943.04 (avg: 3890.87) | Steps: 100 | eps: 0.100 | Loss: 0.6326 | Time: 0.88s | Total: 1260.71s
Episode 1344: New instance generated (53 requests)
Episode 1350: New instance generated (52 requests)
Episode 1350/1500 | Reward: 21.00 (avg: 9.70) | Fitness: 2050.97 (avg: 8507.60) | Steps: 100 | eps: 0.100 | Loss: 0.6363 | Time: 1.03s | Total: 1270.17s
Episode 1356: New instance generated (53 requests)
Episode 1360/1500 | Reward: 2.00 (avg: 18.00) | Fitness: 15050.49 (avg: 5098.96) | Steps: 100 | eps: 0.100 | Loss: 0.6261 | Time: 0.89s | Total: 1279.50s
Episode 1362: New instance generated (53 requests)
Episode 1365: New population generated
Episode 1368: New instance generated (50 requests)
Episode 1370/1500 | Reward: 16.00 (avg: 16.50) | Fitness: 2029.33 (avg: 1977.42) | Steps: 100 | eps: 0.100 | Loss: 0.6292 | Time: 0.88s | Total: 1288.74s
Episode 1374: New instance generated (51 requests)
Episode 1380: New instance generated (51 requests)
Episode 1380/1500 | Reward: 34.00 (avg: 24.90) | Fitness: 1586.66 (avg: 1858.83) | Steps: 100 | eps: 0.100 | Loss: 0.6336 | Time: 0.98s | Total: 1297.95s
Episode 1386: New instance generated (51 requests)
Episode 1390/1500 | Reward: 31.00 (avg: 15.70) | Fitness: 1501.00 (avg: 1518.84) | Steps: 100 | eps: 0.100 | Loss: 0.6319 | Time: 0.88s | Total: 1307.02s
Episode 1392: New instance generated (50 requests)
Episode 1395: New population generated
Episode 1398: New instance generated (50 requests)
Episode 1400/1500 | Reward: 27.00 (avg: 19.20) | Fitness: 1408.63 (avg: 2262.07) | Steps: 100 | eps: 0.100 | Loss: 0.6295 | Time: 0.91s | Total: 1316.68s
Episode 1404: New instance generated (53 requests)
Episode 1410: New instance generated (51 requests)
Episode 1410/1500 | Reward: 22.00 (avg: 9.80) | Fitness: 1790.38 (avg: 2095.60) | Steps: 100 | eps: 0.100 | Loss: 0.6438 | Time: 1.00s | Total: 1325.94s
Episode 1416: New instance generated (50 requests)
Episode 1420/1500 | Reward: 24.00 (avg: 21.30) | Fitness: 1501.08 (avg: 1403.55) | Steps: 100 | eps: 0.100 | Loss: 0.6372 | Time: 0.88s | Total: 1335.56s
Episode 1422: New instance generated (51 requests)
Episode 1425: New population generated
Episode 1428: New instance generated (50 requests)
Episode 1430/1500 | Reward: 16.00 (avg: 14.60) | Fitness: 8174.30 (avg: 2775.46) | Steps: 100 | eps: 0.100 | Loss: 0.6369 | Time: 0.95s | Total: 1345.74s
Episode 1434: New instance generated (52 requests)
Episode 1440: New instance generated (51 requests)
Episode 1440/1500 | Reward: 16.00 (avg: 16.80) | Fitness: 1158.53 (avg: 4974.97) | Steps: 100 | eps: 0.100 | Loss: 0.6183 | Time: 1.03s | Total: 1355.23s
Episode 1446: New instance generated (53 requests)
Episode 1450/1500 | Reward: 15.00 (avg: 5.20) | Fitness: 2617.83 (avg: 4094.06) | Steps: 100 | eps: 0.100 | Loss: 0.6393 | Time: 0.92s | Total: 1364.82s
Episode 1452: New instance generated (51 requests)
Episode 1455: New population generated
Episode 1458: New instance generated (53 requests)
Episode 1460/1500 | Reward: 14.00 (avg: 3.00) | Fitness: 13550.05 (avg: 4391.17) | Steps: 100 | eps: 0.100 | Loss: 0.6514 | Time: 0.92s | Total: 1375.00s
Episode 1464: New instance generated (50 requests)
Episode 1470: New instance generated (51 requests)
Episode 1470/1500 | Reward: 26.00 (avg: 18.80) | Fitness: 9196.00 (avg: 6521.84) | Steps: 100 | eps: 0.100 | Loss: 0.6534 | Time: 1.01s | Total: 1384.69s
Episode 1476: New instance generated (50 requests)
Episode 1480/1500 | Reward: 17.00 (avg: 23.50) | Fitness: 1307.02 (avg: 1536.51) | Steps: 100 | eps: 0.100 | Loss: 0.6354 | Time: 1.02s | Total: 1394.30s
Episode 1482: New instance generated (52 requests)
Episode 1485: New population generated
Episode 1488: New instance generated (52 requests)
Episode 1490/1500 | Reward: 31.00 (avg: 21.60) | Fitness: 3012.30 (avg: 3275.00) | Steps: 100 | eps: 0.100 | Loss: 0.6280 | Time: 0.94s | Total: 1403.82s
Episode 1494: New instance generated (53 requests)
Episode 1499/1500 | Reward: 10.00 (avg: 2.20) | Fitness: 15291.91 (avg: 9871.14) | Steps: 100 | eps: 0.100 | Loss: 0.6257 | Time: 0.90s | Total: 1412.54s
Training completed! Saved final model to models/rl_mutation_dqn_100_pop10_greedy_hybrid_sparse_set5_42_final.pt

Training Summary:
Total episodes: 1500
Total time: 1412.63s (0.94s per episode)
Final epsilon: 0.100
Replay buffer size: 100000
TensorBoard logs saved to runs/rl_mutation_dqn_100_pop10_greedy_hybrid_sparse_set5_seed42_1765283134

Training completed!
Final average reward (last 100): 13.64
Final average fitness (last 100): 4077.89
Saved model to models/rl_mutation_dqn_100_pop10_greedy_hybrid_sparse_set5_42_final.pt
  - Weights: models/rl_mutation_dqn_100_pop10_greedy_hybrid_sparse_set5_42_final.pt
  - History: models/rl_mutation_dqn_100_pop10_greedy_hybrid_sparse_set5_42_final_history.pkl
  - Config: models/rl_mutation_dqn_100_pop10_greedy_hybrid_sparse_set5_42_final_config.pkl
  - Operators: ['Reinsert-nC-Max1-NewV-SameV-nF_SameV', 'RouteElimination', 'Flip-Single-Unlimited', 'SwapWithin-random-S-MaxNone', 'SwapBetween-random', 'Transfer-S-Max1', 'TwoOpt', 'CLS-M2', 'CLS-M3', 'CLS-M4', 'RequestShiftWithin', 'NodeSwapWithin-WithPrecedence']
  - Population features: True

Saved final model to: models/rl_mutation_dqn_100_pop10_greedy_hybrid_sparse_set5_42_final.pt

================================================================================
EVALUATION ON TEST INSTANCES
================================================================================

Evaluation Configuration:
  Test instances: 20
  Episodes per instance: 1
  Test seeds: [42, 111, 222]
  Total evaluations per model: 60

================================================================================
NAIVE BASELINE EVALUATION (Random Operator Selection)
================================================================================

Test Seed 1/3: 42
  1/20 lc108           | Fitness: 47496.71 -> 36018.75 | Δ=+11477.97 (+24.2%) | Diversity: 0.905
  2/20 lc109           | Fitness: 42686.33 -> 41984.21 | Δ=+702.12 (+1.6%) | Diversity: 0.918
  3/20 lr211           | Fitness: 20190.62 -> 18184.01 | Δ=+2006.60 (+9.9%) | Diversity: 0.935
  4/20 lr111           | Fitness: 43874.95 -> 39900.56 | Δ=+3974.39 (+9.1%) | Diversity: 0.901
  5/20 lc109           | Fitness: 41851.21 -> 43512.92 | Δ=-1661.71 (-4.0%) | Diversity: 0.836
  6/20 lr110           | Fitness: 40626.36 -> 35418.05 | Δ=+5208.31 (+12.8%) | Diversity: 0.915
  7/20 lr110           | Fitness: 39941.02 -> 35964.68 | Δ=+3976.34 (+10.0%) | Diversity: 0.912
  8/20 lc109           | Fitness: 44787.13 -> 44107.22 | Δ=+679.90 (+1.5%) | Diversity: 0.902
  9/20 lr210           | Fitness: 26795.53 -> 20274.64 | Δ=+6520.88 (+24.3%) | Diversity: 0.897
  10/20 lc207           | Fitness: 36805.37 -> 38238.45 | Δ=-1433.08 (-3.9%) | Diversity: 0.923
  11/20 lr110           | Fitness: 40926.28 -> 36316.00 | Δ=+4610.28 (+11.3%) | Diversity: 0.918
  12/20 lc208           | Fitness: 37134.04 -> 27670.46 | Δ=+9463.58 (+25.5%) | Diversity: 0.912
  13/20 lc208           | Fitness: 38208.85 -> 32144.79 | Δ=+6064.06 (+15.9%) | Diversity: 0.929
  14/20 lc108           | Fitness: 48263.42 -> 43924.14 | Δ=+4339.28 (+9.0%) | Diversity: 0.910
  15/20 lc109           | Fitness: 43503.93 -> 45708.12 | Δ=-2204.19 (-5.1%) | Diversity: 0.921
  16/20 lc109           | Fitness: 40272.14 -> 39457.43 | Δ=+814.71 (+2.0%) | Diversity: 0.901
  17/20 lc207           | Fitness: 37670.64 -> 33450.54 | Δ=+4220.10 (+11.2%) | Diversity: 0.907
  18/20 lc207           | Fitness: 39718.58 -> 33814.13 | Δ=+5904.45 (+14.9%) | Diversity: 0.911
  19/20 lr111           | Fitness: 42395.32 -> 46236.93 | Δ=-3841.61 (-9.1%) | Diversity: 0.826
  20/20 lr209           | Fitness: 27243.60 -> 20758.52 | Δ=+6485.08 (+23.8%) | Diversity: 0.936

Test Seed 2/3: 111
  1/20 lc208           | Fitness: 40545.08 -> 27853.39 | Δ=+12691.69 (+31.3%) | Diversity: 0.919
  2/20 lr211           | Fitness: 17656.70 -> 16427.70 | Δ=+1228.99 (+7.0%) | Diversity: 0.919
  3/20 lc109           | Fitness: 40777.73 -> 43777.30 | Δ=-2999.57 (-7.4%) | Diversity: 0.833
  4/20 lc207           | Fitness: 37812.27 -> 25096.10 | Δ=+12716.17 (+33.6%) | Diversity: 0.916
  5/20 lr110           | Fitness: 43005.13 -> 34862.82 | Δ=+8142.30 (+18.9%) | Diversity: 0.892
  6/20 lr110           | Fitness: 41636.59 -> 36177.20 | Δ=+5459.39 (+13.1%) | Diversity: 0.892
  7/20 lc207           | Fitness: 38267.40 -> 35721.86 | Δ=+2545.54 (+6.7%) | Diversity: 0.938
  8/20 lc208           | Fitness: 38777.18 -> 33141.14 | Δ=+5636.04 (+14.5%) | Diversity: 0.918
  9/20 lr110           | Fitness: 40906.80 -> 40339.31 | Δ=+567.49 (+1.4%) | Diversity: 0.910
  10/20 lc207           | Fitness: 38355.96 -> 28102.56 | Δ=+10253.40 (+26.7%) | Diversity: 0.914
  11/20 lc108           | Fitness: 48880.14 -> 39194.52 | Δ=+9685.62 (+19.8%) | Diversity: 0.908
  12/20 lc208           | Fitness: 37944.48 -> 39041.91 | Δ=-1097.43 (-2.9%) | Diversity: 0.923
  13/20 lc109           | Fitness: 42041.26 -> 44555.62 | Δ=-2514.36 (-6.0%) | Diversity: 0.899
  14/20 lr112           | Fitness: 39582.94 -> 28743.68 | Δ=+10839.27 (+27.4%) | Diversity: 0.909
  15/20 lc207           | Fitness: 38721.12 -> 29713.60 | Δ=+9007.52 (+23.3%) | Diversity: 0.924
  16/20 lc109           | Fitness: 46349.24 -> 40840.62 | Δ=+5508.61 (+11.9%) | Diversity: 0.906
  17/20 lc108           | Fitness: 48527.50 -> 38753.15 | Δ=+9774.34 (+20.1%) | Diversity: 0.910
  18/20 lc208           | Fitness: 35480.16 -> 26267.87 | Δ=+9212.29 (+26.0%) | Diversity: 0.940
  19/20 lr110           | Fitness: 41677.20 -> 37691.55 | Δ=+3985.65 (+9.6%) | Diversity: 0.893
  20/20 lr210           | Fitness: 27388.69 -> 29325.29 | Δ=-1936.60 (-7.1%) | Diversity: 0.923

Test Seed 3/3: 222
  1/20 lc108           | Fitness: 47132.25 -> 34192.07 | Δ=+12940.19 (+27.5%) | Diversity: 0.911
  2/20 lr111           | Fitness: 44992.75 -> 42986.04 | Δ=+2006.71 (+4.5%) | Diversity: 0.912
  3/20 lc108           | Fitness: 47257.15 -> 40041.36 | Δ=+7215.79 (+15.3%) | Diversity: 0.922
  4/20 lc207           | Fitness: 39064.60 -> 32973.35 | Δ=+6091.25 (+15.6%) | Diversity: 0.914
  5/20 lr209           | Fitness: 25398.01 -> 20777.60 | Δ=+4620.42 (+18.2%) | Diversity: 0.943
  6/20 lr211           | Fitness: 18462.49 -> 21509.52 | Δ=-3047.03 (-16.5%) | Diversity: 0.925
  7/20 lc207           | Fitness: 35903.74 -> 29998.46 | Δ=+5905.28 (+16.4%) | Diversity: 0.920
  8/20 lc207           | Fitness: 36579.79 -> 32333.57 | Δ=+4246.22 (+11.6%) | Diversity: 0.939
  9/20 lc208           | Fitness: 39320.81 -> 41634.00 | Δ=-2313.18 (-5.9%) | Diversity: 0.921
  10/20 lc108           | Fitness: 49952.66 -> 44429.82 | Δ=+5522.84 (+11.1%) | Diversity: 0.933
  11/20 lr110           | Fitness: 39254.41 -> 40405.53 | Δ=-1151.12 (-2.9%) | Diversity: 0.879
  12/20 lc207           | Fitness: 38037.49 -> 36001.13 | Δ=+2036.36 (+5.4%) | Diversity: 0.914
  13/20 lr111           | Fitness: 41133.86 -> 39547.49 | Δ=+1586.38 (+3.9%) | Diversity: 0.913
  14/20 lr112           | Fitness: 38690.74 -> 34511.01 | Δ=+4179.72 (+10.8%) | Diversity: 0.902
  15/20 lr111           | Fitness: 42996.77 -> 26772.72 | Δ=+16224.04 (+37.7%) | Diversity: 0.897
  16/20 lr209           | Fitness: 26763.59 -> 24103.98 | Δ=+2659.61 (+9.9%) | Diversity: 0.917
  17/20 lr110           | Fitness: 41129.94 -> 37451.28 | Δ=+3678.66 (+8.9%) | Diversity: 0.892
  18/20 lc108           | Fitness: 48529.15 -> 36160.26 | Δ=+12368.89 (+25.5%) | Diversity: 0.900
  19/20 lc108           | Fitness: 47486.99 -> 50464.78 | Δ=-2977.78 (-6.3%) | Diversity: 0.909
  20/20 lc109           | Fitness: 46222.27 -> 34742.23 | Δ=+11480.04 (+24.8%) | Diversity: 0.894

================================================================================
BASELINE SUMMARY
================================================================================
Average initial best fitness: 39317.25
Average final best fitness: 34829.13
Average improvement: +4488.12 (+11.14%)
Average final best diversity: 0.909
Average final mean diversity: 0.909

================================================================================
RL MODEL EVALUATION
================================================================================

================================================================================
Evaluating model: models/rl_mutation_dqn_100_pop10_greedy_hybrid_sparse_set5_42_final.pt
================================================================================
Detected: DQN
Successfully loaded model

Test Seed 1/3: 42


Training failed with exception: 'no_improvement_count'
Traceback (most recent call last):
  File "/mnt/projects/lasse.ruttert/rl-memetic-pdptw/train_rl_mutation.py", line 856, in <module>
    main()
  File "/mnt/projects/lasse.ruttert/rl-memetic-pdptw/train_rl_mutation.py", line 724, in main
    mutated_solution = eval_model.mutate(problem, solution, population)
  File "/mnt/projects/lasse.ruttert/rl-memetic-pdptw/memetic/mutation/rl_mutation/rl_mutation.py", line 1067, in mutate
    'no_improvement_count': step_info['no_improvement_count'],
KeyError: 'no_improvement_count'
