Logging to: logs/training_rl_mutation_dqn_100_pop10_greedy_hybrid_sparse_seed42_1765275848.log
================================================================================
Using Standard Replay Buffer
Algorithm: DQN
n-step returns: n=3

Train/Test Split (ratio=0.8):
  lc1:
    Train (7): ['lc101', 'lc102', 'lc103', 'lc104', 'lc105', 'lc106', 'lc107']
    Test  (2): ['lc108', 'lc109']
  lc2:
    Train (6): ['lc201', 'lc202', 'lc203', 'lc204', 'lc205', 'lc206']
    Test  (2): ['lc207', 'lc208']
  lr1:
    Train (9): ['lr101', 'lr102', 'lr103', 'lr104', 'lr105', 'lr106', 'lr107', 'lr108', 'lr109']
    Test  (3): ['lr110', 'lr111', 'lr112']
  lr2:
    Train (8): ['lr201', 'lr202', 'lr203', 'lr204', 'lr205', 'lr206', 'lr207', 'lr208']
    Test  (3): ['lr209', 'lr210', 'lr211']

Starting RL Mutation Training on size 100 instances...
Algorithm: DQN
Categories: ['lc1', 'lc2', 'lr1', 'lr2']
Population size: 10
Population features: ENABLED
Include NoOp: False
Operator preset: default
Operators: ['Reinsert-nC-Max1-NewV-SameV-nF_SameV', 'RouteElimination', 'Flip-Single-Unlimited', 'SwapWithin-random-S-MaxNone', 'SwapBetween-random', 'Transfer-S-Max1', 'RequestShiftWithin', 'NodeSwapWithin-WithPrecedence']
Random seed set to 42
TensorBoard logging enabled: runs/rl_mutation_dqn_100_pop10_greedy_hybrid_sparse_seed42_1765275848
Starting RL Mutation training for 1500 episodes...
State dim: 54, Action dim: 8
Population features: ENABLED
Operators: ['Reinsert-nC-Max1-NewV-SameV-nF_SameV', 'RouteElimination', 'Flip-Single-Unlimited', 'SwapWithin-random-S-MaxNone', 'SwapBetween-random', 'Transfer-S-Max1', 'RequestShiftWithin', 'NodeSwapWithin-WithPrecedence']
Episode 0: New instance generated (53 requests)
Episode 0/1500 | Reward: 2.00 (avg: 2.00) | Fitness: 19864.34 (avg: 19864.34) | Steps: 100 | eps: 0.995 | Loss: 0.0000 | Time: 0.53s | Total: 0.68s
Episode 6: New instance generated (51 requests)
Episode 10/1500 | Reward: -6.00 (avg: -6.10) | Fitness: 1831.06 (avg: 7808.01) | Steps: 100 | eps: 0.946 | Loss: 0.4442 | Time: 1.17s | Total: 4.60s
Episode 12: New instance generated (53 requests)
Episode 15: New population generated
Episode 18: New instance generated (52 requests)
Episode 20/1500 | Reward: 21.00 (avg: -9.00) | Fitness: 12519.56 (avg: 9259.70) | Steps: 100 | eps: 0.900 | Loss: 0.4868 | Time: 0.79s | Total: 12.71s
Episode 24: New instance generated (51 requests)
Episode 30: New instance generated (51 requests)
Episode 30/1500 | Reward: -19.00 (avg: -4.90) | Fitness: 1827.15 (avg: 6178.20) | Steps: 100 | eps: 0.856 | Loss: 0.4882 | Time: 1.02s | Total: 21.17s
Episode 36: New instance generated (51 requests)
Episode 40/1500 | Reward: -26.00 (avg: -1.80) | Fitness: 1863.24 (avg: 1755.51) | Steps: 100 | eps: 0.814 | Loss: 0.5478 | Time: 0.79s | Total: 29.43s
Episode 42: New instance generated (50 requests)
Episode 45: New population generated
Episode 48: New instance generated (53 requests)
Episode 50/1500 | Reward: 6.00 (avg: 1.30) | Fitness: 15972.26 (avg: 5999.03) | Steps: 100 | eps: 0.774 | Loss: 0.5515 | Time: 0.81s | Total: 37.82s
Episode 54: New instance generated (51 requests)
Episode 60: New instance generated (53 requests)
Episode 60/1500 | Reward: 6.00 (avg: -1.30) | Fitness: 15408.95 (avg: 7447.45) | Steps: 100 | eps: 0.737 | Loss: 0.5876 | Time: 0.96s | Total: 46.35s
Episode 66: New instance generated (51 requests)
Episode 70/1500 | Reward: -6.00 (avg: -1.60) | Fitness: 896.32 (avg: 8826.82) | Steps: 100 | eps: 0.701 | Loss: 0.5734 | Time: 0.81s | Total: 54.70s
Episode 72: New instance generated (52 requests)
Episode 75: New population generated
Episode 78: New instance generated (50 requests)
Episode 80/1500 | Reward: -19.00 (avg: -3.10) | Fitness: 2744.51 (avg: 10901.13) | Steps: 100 | eps: 0.666 | Loss: 0.5501 | Time: 0.81s | Total: 63.15s
Episode 84: New instance generated (53 requests)
Episode 90: New instance generated (55 requests)
Episode 90/1500 | Reward: 4.00 (avg: -5.00) | Fitness: 19434.95 (avg: 11907.14) | Steps: 100 | eps: 0.634 | Loss: 0.5645 | Time: 0.99s | Total: 71.82s
Episode 96: New instance generated (52 requests)
Episode 100/1500 | Reward: 8.00 (avg: 0.80) | Fitness: 13004.29 (avg: 18771.58) | Steps: 100 | eps: 0.603 | Loss: 0.5419 | Time: 0.81s | Total: 80.32s
Episode 102: New instance generated (52 requests)
Episode 105: New population generated
Episode 108: New instance generated (51 requests)
Episode 110/1500 | Reward: 6.00 (avg: 6.30) | Fitness: 1050.26 (avg: 9692.96) | Steps: 100 | eps: 0.573 | Loss: 0.5875 | Time: 0.82s | Total: 88.85s
Episode 114: New instance generated (50 requests)
Episode 120: New instance generated (50 requests)
Episode 120/1500 | Reward: -3.00 (avg: -3.40) | Fitness: 1882.51 (avg: 1635.62) | Steps: 100 | eps: 0.545 | Loss: 0.5806 | Time: 0.91s | Total: 97.75s
Episode 126: New instance generated (52 requests)
Episode 130/1500 | Reward: -4.00 (avg: 3.80) | Fitness: 17271.29 (avg: 8606.22) | Steps: 100 | eps: 0.519 | Loss: 0.5911 | Time: 0.83s | Total: 106.32s
Episode 132: New instance generated (50 requests)
Episode 135: New population generated
Episode 138: New instance generated (51 requests)
Episode 140/1500 | Reward: 18.00 (avg: 0.20) | Fitness: 1199.49 (avg: 8160.97) | Steps: 100 | eps: 0.493 | Loss: 0.5992 | Time: 0.85s | Total: 114.81s
Episode 144: New instance generated (53 requests)
Episode 150: New instance generated (50 requests)
Episode 150/1500 | Reward: -15.00 (avg: -0.30) | Fitness: 1957.23 (avg: 10292.51) | Steps: 100 | eps: 0.469 | Loss: 0.5785 | Time: 0.96s | Total: 123.48s
Episode 156: New instance generated (50 requests)
Episode 160/1500 | Reward: 16.00 (avg: 6.10) | Fitness: 1605.96 (avg: 2339.67) | Steps: 100 | eps: 0.446 | Loss: 0.5678 | Time: 0.82s | Total: 132.13s
Episode 162: New instance generated (51 requests)
Episode 165: New population generated
Episode 168: New instance generated (50 requests)
Episode 170/1500 | Reward: 10.00 (avg: 8.50) | Fitness: 1418.89 (avg: 1515.24) | Steps: 100 | eps: 0.424 | Loss: 0.5849 | Time: 0.85s | Total: 141.44s
Episode 174: New instance generated (53 requests)
Episode 180: New instance generated (53 requests)
Episode 180/1500 | Reward: 16.00 (avg: 5.90) | Fitness: 15021.53 (avg: 14068.29) | Steps: 100 | eps: 0.404 | Loss: 0.6330 | Time: 0.93s | Total: 150.22s
Episode 186: New instance generated (55 requests)
Episode 190/1500 | Reward: 1.00 (avg: 2.40) | Fitness: 18824.49 (avg: 15415.83) | Steps: 100 | eps: 0.384 | Loss: 0.6677 | Time: 0.80s | Total: 158.58s
Episode 192: New instance generated (51 requests)
Episode 195: New population generated
Episode 198: New instance generated (51 requests)
Episode 200/1500 | Reward: 9.00 (avg: 6.70) | Fitness: 10052.23 (avg: 5749.85) | Steps: 100 | eps: 0.365 | Loss: 0.6335 | Time: 0.80s | Total: 167.01s
Episode 204: New instance generated (53 requests)
Episode 210: New instance generated (53 requests)
Episode 210/1500 | Reward: 1.00 (avg: -7.10) | Fitness: 14785.28 (avg: 7143.37) | Steps: 100 | eps: 0.347 | Loss: 0.6693 | Time: 0.93s | Total: 175.41s
Episode 216: New instance generated (53 requests)
Episode 220/1500 | Reward: -12.00 (avg: 0.60) | Fitness: 3154.45 (avg: 10936.04) | Steps: 100 | eps: 0.330 | Loss: 0.6464 | Time: 0.82s | Total: 183.77s
Episode 222: New instance generated (51 requests)
Episode 225: New population generated
Episode 228: New instance generated (52 requests)
Episode 230/1500 | Reward: 3.00 (avg: 8.50) | Fitness: 2394.98 (avg: 4250.83) | Steps: 100 | eps: 0.314 | Loss: 0.6809 | Time: 0.80s | Total: 192.12s
Episode 234: New instance generated (53 requests)
Episode 240: New instance generated (51 requests)
Episode 240/1500 | Reward: 10.00 (avg: -0.20) | Fitness: 1699.45 (avg: 12778.72) | Steps: 100 | eps: 0.299 | Loss: 0.6711 | Time: 0.95s | Total: 200.75s
Episode 246: New instance generated (52 requests)
Episode 250/1500 | Reward: -4.00 (avg: 12.30) | Fitness: 17225.10 (avg: 5044.47) | Steps: 100 | eps: 0.284 | Loss: 0.6235 | Time: 0.86s | Total: 209.33s
Episode 252: New instance generated (53 requests)
Episode 255: New population generated
Episode 258: New instance generated (51 requests)
Episode 260/1500 | Reward: 4.00 (avg: 2.40) | Fitness: 966.43 (avg: 10216.66) | Steps: 100 | eps: 0.270 | Loss: 0.6170 | Time: 0.84s | Total: 218.22s
Episode 264: New instance generated (52 requests)
Episode 270: New instance generated (51 requests)
Episode 270/1500 | Reward: 0.00 (avg: -1.70) | Fitness: 918.55 (avg: 8239.61) | Steps: 100 | eps: 0.257 | Loss: 0.6625 | Time: 0.95s | Total: 227.58s
Episode 276: New instance generated (51 requests)
Episode 280/1500 | Reward: 5.00 (avg: 2.90) | Fitness: 11379.37 (avg: 1855.51) | Steps: 100 | eps: 0.245 | Loss: 0.5989 | Time: 0.80s | Total: 237.30s
Episode 282: New instance generated (53 requests)
Episode 285: New population generated
Episode 288: New instance generated (51 requests)
Episode 290/1500 | Reward: 14.00 (avg: 7.20) | Fitness: 2110.36 (avg: 10296.47) | Steps: 100 | eps: 0.233 | Loss: 0.6006 | Time: 0.81s | Total: 245.93s
Episode 294: New instance generated (51 requests)
Episode 300: New instance generated (50 requests)
Episode 300/1500 | Reward: 20.00 (avg: 10.10) | Fitness: 1774.18 (avg: 1254.29) | Steps: 100 | eps: 0.221 | Loss: 0.5673 | Time: 0.92s | Total: 254.70s
Episode 306: New instance generated (51 requests)
Episode 310/1500 | Reward: 7.00 (avg: 9.30) | Fitness: 2355.15 (avg: 3665.00) | Steps: 100 | eps: 0.210 | Loss: 0.5710 | Time: 0.85s | Total: 263.52s
Episode 312: New instance generated (51 requests)
Episode 315: New population generated
Episode 318: New instance generated (51 requests)
Episode 320/1500 | Reward: 15.00 (avg: 12.50) | Fitness: 662.54 (avg: 1437.67) | Steps: 100 | eps: 0.200 | Loss: 0.6112 | Time: 1.00s | Total: 272.43s
Episode 324: New instance generated (53 requests)
Episode 330: New instance generated (52 requests)
Episode 330/1500 | Reward: -2.00 (avg: 3.50) | Fitness: 13555.73 (avg: 10162.00) | Steps: 100 | eps: 0.190 | Loss: 0.5990 | Time: 0.97s | Total: 283.55s
Episode 336: New instance generated (53 requests)
Episode 340/1500 | Reward: -10.00 (avg: 2.30) | Fitness: 11871.86 (avg: 9333.92) | Steps: 100 | eps: 0.181 | Loss: 0.5958 | Time: 0.86s | Total: 292.39s
Episode 342: New instance generated (51 requests)
Episode 345: New population generated
Episode 348: New instance generated (51 requests)
Episode 350/1500 | Reward: 0.00 (avg: 15.50) | Fitness: 1234.73 (avg: 1670.33) | Steps: 100 | eps: 0.172 | Loss: 0.6265 | Time: 0.87s | Total: 301.18s
Episode 354: New instance generated (50 requests)
Episode 360: New instance generated (51 requests)
Episode 360/1500 | Reward: 17.00 (avg: 10.00) | Fitness: 1289.19 (avg: 2170.78) | Steps: 100 | eps: 0.164 | Loss: 0.6404 | Time: 0.95s | Total: 310.42s
Episode 366: New instance generated (53 requests)
Episode 370/1500 | Reward: 6.00 (avg: 8.10) | Fitness: 13337.84 (avg: 7521.77) | Steps: 100 | eps: 0.156 | Loss: 0.6233 | Time: 0.87s | Total: 319.50s
Episode 372: New instance generated (53 requests)
Episode 375: New population generated
Episode 378: New instance generated (53 requests)
Episode 380/1500 | Reward: 16.00 (avg: 18.80) | Fitness: 15080.33 (avg: 5241.39) | Steps: 100 | eps: 0.148 | Loss: 0.6140 | Time: 0.87s | Total: 328.71s
Episode 384: New instance generated (52 requests)
Episode 390: New instance generated (50 requests)
Episode 390/1500 | Reward: 12.00 (avg: 11.80) | Fitness: 1321.01 (avg: 11136.02) | Steps: 100 | eps: 0.141 | Loss: 0.6190 | Time: 1.24s | Total: 338.06s
Episode 396: New instance generated (51 requests)
Episode 400/1500 | Reward: 27.00 (avg: 22.50) | Fitness: 1086.72 (avg: 1393.44) | Steps: 100 | eps: 0.134 | Loss: 0.6283 | Time: 0.88s | Total: 347.85s
Episode 402: New instance generated (52 requests)
Episode 405: New population generated
Episode 408: New instance generated (51 requests)
Episode 410/1500 | Reward: 4.00 (avg: 17.20) | Fitness: 9404.93 (avg: 5002.29) | Steps: 100 | eps: 0.127 | Loss: 0.6196 | Time: 0.87s | Total: 356.85s
Episode 414: New instance generated (51 requests)
Episode 420: New instance generated (51 requests)
Episode 420/1500 | Reward: 14.00 (avg: 14.80) | Fitness: 1079.97 (avg: 2768.86) | Steps: 100 | eps: 0.121 | Loss: 0.6760 | Time: 0.97s | Total: 365.81s
Episode 426: New instance generated (50 requests)
Episode 430/1500 | Reward: 19.00 (avg: 17.80) | Fitness: 1893.64 (avg: 3243.02) | Steps: 100 | eps: 0.115 | Loss: 0.6290 | Time: 0.85s | Total: 374.63s
Episode 432: New instance generated (53 requests)
Episode 435: New population generated
Episode 438: New instance generated (52 requests)
Episode 440/1500 | Reward: 22.00 (avg: 18.00) | Fitness: 2337.07 (avg: 4584.65) | Steps: 100 | eps: 0.110 | Loss: 0.6296 | Time: 0.88s | Total: 383.72s
Episode 444: New instance generated (51 requests)
Episode 450: New instance generated (51 requests)
Episode 450/1500 | Reward: 18.00 (avg: 14.30) | Fitness: 817.05 (avg: 4961.15) | Steps: 100 | eps: 0.104 | Loss: 0.6615 | Time: 0.98s | Total: 392.85s
Episode 456: New instance generated (53 requests)
Episode 460/1500 | Reward: 8.00 (avg: 13.20) | Fitness: 18142.59 (avg: 7456.82) | Steps: 100 | eps: 0.100 | Loss: 0.6600 | Time: 0.85s | Total: 401.86s
Episode 462: New instance generated (51 requests)
Episode 465: New population generated
Episode 468: New instance generated (51 requests)
Episode 470/1500 | Reward: 11.00 (avg: 12.20) | Fitness: 1384.40 (avg: 4274.38) | Steps: 100 | eps: 0.100 | Loss: 0.6317 | Time: 0.85s | Total: 410.71s
Episode 474: New instance generated (53 requests)
Episode 480: New instance generated (50 requests)
Episode 480/1500 | Reward: 16.00 (avg: 18.00) | Fitness: 1571.55 (avg: 4125.68) | Steps: 100 | eps: 0.100 | Loss: 0.6575 | Time: 0.95s | Total: 419.61s
Episode 486: New instance generated (52 requests)
Episode 490/1500 | Reward: 32.00 (avg: 21.20) | Fitness: 2662.48 (avg: 3124.83) | Steps: 100 | eps: 0.100 | Loss: 0.6759 | Time: 0.88s | Total: 428.55s
Episode 492: New instance generated (52 requests)
Episode 495: New population generated
Episode 498: New instance generated (53 requests)
Episode 500/1500 | Reward: 17.00 (avg: 17.80) | Fitness: 2480.83 (avg: 6888.47) | Steps: 100 | eps: 0.100 | Loss: 0.6911 | Time: 0.88s | Total: 437.60s
Saved checkpoint to models/rl_mutation_dqn_100_pop10_greedy_hybrid_sparse_42_episode_500.pt
Episode 504: New instance generated (50 requests)
Episode 510: New instance generated (52 requests)
Episode 510/1500 | Reward: 16.00 (avg: 23.20) | Fitness: 2409.55 (avg: 3520.03) | Steps: 100 | eps: 0.100 | Loss: 0.6781 | Time: 0.99s | Total: 446.67s
Episode 516: New instance generated (52 requests)
Episode 520/1500 | Reward: 16.00 (avg: 19.90) | Fitness: 2620.14 (avg: 5303.23) | Steps: 100 | eps: 0.100 | Loss: 0.6584 | Time: 0.88s | Total: 455.66s
Episode 522: New instance generated (53 requests)
Episode 525: New population generated
Episode 528: New instance generated (53 requests)
Episode 530/1500 | Reward: -9.00 (avg: 11.50) | Fitness: 16574.00 (avg: 5181.35) | Steps: 100 | eps: 0.100 | Loss: 0.6596 | Time: 0.88s | Total: 464.72s
Episode 534: New instance generated (52 requests)
Episode 540: New instance generated (51 requests)
Episode 540/1500 | Reward: 14.00 (avg: 20.10) | Fitness: 1965.19 (avg: 3411.77) | Steps: 100 | eps: 0.100 | Loss: 0.6497 | Time: 0.94s | Total: 473.51s
Episode 546: New instance generated (53 requests)
Episode 550/1500 | Reward: 24.00 (avg: 14.10) | Fitness: 2081.18 (avg: 8603.62) | Steps: 100 | eps: 0.100 | Loss: 0.6856 | Time: 0.84s | Total: 482.12s
Episode 552: New instance generated (51 requests)
Episode 555: New population generated
Episode 558: New instance generated (51 requests)
Episode 560/1500 | Reward: 13.00 (avg: 15.90) | Fitness: 1027.78 (avg: 3092.69) | Steps: 100 | eps: 0.100 | Loss: 0.6552 | Time: 0.83s | Total: 490.67s
Episode 564: New instance generated (52 requests)
Episode 570: New instance generated (53 requests)
Episode 570/1500 | Reward: 15.00 (avg: 20.40) | Fitness: 2348.49 (avg: 3171.10) | Steps: 100 | eps: 0.100 | Loss: 0.6601 | Time: 0.98s | Total: 499.46s
Episode 576: New instance generated (53 requests)
Episode 580/1500 | Reward: 10.00 (avg: 15.40) | Fitness: 16479.19 (avg: 8347.57) | Steps: 100 | eps: 0.100 | Loss: 0.6506 | Time: 0.85s | Total: 508.28s
Episode 582: New instance generated (55 requests)
Episode 585: New population generated
Episode 588: New instance generated (53 requests)
Episode 590/1500 | Reward: 35.00 (avg: 16.40) | Fitness: 2561.83 (avg: 10941.46) | Steps: 100 | eps: 0.100 | Loss: 0.6589 | Time: 0.85s | Total: 517.08s
Episode 594: New instance generated (51 requests)
Episode 600: New instance generated (51 requests)
Episode 600/1500 | Reward: 13.00 (avg: 22.10) | Fitness: 2277.66 (avg: 2750.96) | Steps: 100 | eps: 0.100 | Loss: 0.6703 | Time: 0.95s | Total: 525.99s
Episode 606: New instance generated (52 requests)
Episode 610/1500 | Reward: 23.00 (avg: 16.00) | Fitness: 2010.16 (avg: 3112.62) | Steps: 100 | eps: 0.100 | Loss: 0.6086 | Time: 0.87s | Total: 535.01s
Episode 612: New instance generated (51 requests)
Episode 615: New population generated
Episode 618: New instance generated (52 requests)
Episode 620/1500 | Reward: 17.00 (avg: 16.40) | Fitness: 2208.87 (avg: 4290.70) | Steps: 100 | eps: 0.100 | Loss: 0.6522 | Time: 0.87s | Total: 543.92s
Episode 624: New instance generated (52 requests)
Episode 630: New instance generated (53 requests)
Episode 630/1500 | Reward: 25.00 (avg: 18.30) | Fitness: 2147.81 (avg: 6798.50) | Steps: 100 | eps: 0.100 | Loss: 0.6156 | Time: 0.99s | Total: 553.04s
Episode 636: New instance generated (52 requests)
Episode 640/1500 | Reward: 6.00 (avg: 20.60) | Fitness: 2788.12 (avg: 3356.56) | Steps: 100 | eps: 0.100 | Loss: 0.6300 | Time: 0.88s | Total: 562.05s
Episode 642: New instance generated (51 requests)
Episode 645: New population generated
Episode 648: New instance generated (53 requests)
Episode 650/1500 | Reward: -10.00 (avg: 16.40) | Fitness: 19189.80 (avg: 4697.18) | Steps: 100 | eps: 0.100 | Loss: 0.6413 | Time: 0.88s | Total: 571.11s
Episode 654: New instance generated (52 requests)
Episode 660: New instance generated (51 requests)
Episode 660/1500 | Reward: 14.00 (avg: 20.00) | Fitness: 1252.08 (avg: 4371.17) | Steps: 100 | eps: 0.100 | Loss: 0.6218 | Time: 0.99s | Total: 580.32s
Episode 666: New instance generated (52 requests)
Episode 670/1500 | Reward: 33.00 (avg: 13.90) | Fitness: 2328.28 (avg: 7164.22) | Steps: 100 | eps: 0.100 | Loss: 0.6375 | Time: 0.89s | Total: 589.46s
Episode 672: New instance generated (50 requests)
Episode 675: New population generated
Episode 678: New instance generated (52 requests)
Episode 680/1500 | Reward: 25.00 (avg: 18.00) | Fitness: 2075.14 (avg: 3855.15) | Steps: 100 | eps: 0.100 | Loss: 0.6445 | Time: 0.88s | Total: 598.51s
Episode 684: New instance generated (52 requests)
Episode 690: New instance generated (53 requests)
Episode 690/1500 | Reward: 34.00 (avg: 19.10) | Fitness: 2223.53 (avg: 4687.54) | Steps: 100 | eps: 0.100 | Loss: 0.6079 | Time: 0.99s | Total: 607.79s
Episode 696: New instance generated (50 requests)
Episode 700/1500 | Reward: 18.00 (avg: 19.80) | Fitness: 1833.80 (avg: 1926.98) | Steps: 100 | eps: 0.100 | Loss: 0.6453 | Time: 0.89s | Total: 616.87s
Episode 702: New instance generated (53 requests)
Episode 705: New population generated
Episode 708: New instance generated (51 requests)
Episode 710/1500 | Reward: 23.00 (avg: 19.20) | Fitness: 1769.22 (avg: 3461.06) | Steps: 100 | eps: 0.100 | Loss: 0.6474 | Time: 0.87s | Total: 625.98s
Episode 714: New instance generated (52 requests)
Episode 720: New instance generated (50 requests)
Episode 720/1500 | Reward: 35.00 (avg: 22.70) | Fitness: 1532.18 (avg: 5972.30) | Steps: 100 | eps: 0.100 | Loss: 0.6435 | Time: 0.96s | Total: 635.15s
Episode 726: New instance generated (50 requests)
Episode 730/1500 | Reward: 33.00 (avg: 28.90) | Fitness: 1565.37 (avg: 1579.66) | Steps: 100 | eps: 0.100 | Loss: 0.6730 | Time: 0.88s | Total: 643.89s
Episode 732: New instance generated (53 requests)
Episode 735: New population generated
Episode 738: New instance generated (51 requests)
Episode 740/1500 | Reward: 20.00 (avg: 19.00) | Fitness: 790.30 (avg: 3010.64) | Steps: 100 | eps: 0.100 | Loss: 0.6150 | Time: 0.87s | Total: 652.89s
Episode 744: New instance generated (51 requests)
Episode 750: New instance generated (53 requests)
Episode 750/1500 | Reward: 24.00 (avg: 23.10) | Fitness: 14562.51 (avg: 5057.09) | Steps: 100 | eps: 0.100 | Loss: 0.6180 | Time: 1.01s | Total: 661.93s
Episode 756: New instance generated (51 requests)
Episode 760/1500 | Reward: -6.00 (avg: 16.90) | Fitness: 9513.49 (avg: 4959.18) | Steps: 100 | eps: 0.100 | Loss: 0.6110 | Time: 0.85s | Total: 670.86s
Episode 762: New instance generated (53 requests)
Episode 765: New population generated
Episode 768: New instance generated (53 requests)
Episode 770/1500 | Reward: 19.00 (avg: 21.50) | Fitness: 2182.50 (avg: 6394.73) | Steps: 100 | eps: 0.100 | Loss: 0.6208 | Time: 0.87s | Total: 679.91s
Episode 774: New instance generated (51 requests)
Episode 780: New instance generated (53 requests)
Episode 780/1500 | Reward: 16.00 (avg: 21.40) | Fitness: 13442.32 (avg: 5642.57) | Steps: 100 | eps: 0.100 | Loss: 0.6469 | Time: 0.98s | Total: 689.09s
Episode 786: New instance generated (51 requests)
Episode 790/1500 | Reward: 6.00 (avg: 17.10) | Fitness: 9452.80 (avg: 5810.19) | Steps: 100 | eps: 0.100 | Loss: 0.6720 | Time: 0.87s | Total: 697.96s
Episode 792: New instance generated (52 requests)
Episode 795: New population generated
Episode 798: New instance generated (51 requests)
Episode 800/1500 | Reward: 18.00 (avg: 19.60) | Fitness: 1211.37 (avg: 3639.68) | Steps: 100 | eps: 0.100 | Loss: 0.6652 | Time: 0.87s | Total: 706.96s
Episode 804: New instance generated (53 requests)
Episode 810: New instance generated (51 requests)
Episode 810/1500 | Reward: 23.00 (avg: 21.30) | Fitness: 1538.72 (avg: 4073.99) | Steps: 100 | eps: 0.100 | Loss: 0.6714 | Time: 0.96s | Total: 716.09s
Episode 816: New instance generated (52 requests)
Episode 820/1500 | Reward: 33.00 (avg: 29.60) | Fitness: 2426.04 (avg: 2797.84) | Steps: 100 | eps: 0.100 | Loss: 0.6680 | Time: 0.88s | Total: 725.20s
Episode 822: New instance generated (51 requests)
Episode 825: New population generated
Episode 828: New instance generated (51 requests)
Episode 830/1500 | Reward: 39.00 (avg: 20.20) | Fitness: 1477.06 (avg: 2199.95) | Steps: 100 | eps: 0.100 | Loss: 0.6255 | Time: 0.86s | Total: 734.16s
Episode 834: New instance generated (52 requests)
Episode 840: New instance generated (51 requests)
Episode 840/1500 | Reward: 17.00 (avg: 22.10) | Fitness: 2084.94 (avg: 4004.85) | Steps: 100 | eps: 0.100 | Loss: 0.6782 | Time: 0.96s | Total: 743.09s
Episode 846: New instance generated (50 requests)
Episode 850/1500 | Reward: 25.00 (avg: 20.70) | Fitness: 1444.19 (avg: 1801.97) | Steps: 100 | eps: 0.100 | Loss: 0.6557 | Time: 0.84s | Total: 752.81s
Episode 852: New instance generated (52 requests)
Episode 855: New population generated
Episode 858: New instance generated (51 requests)
Episode 860/1500 | Reward: 12.00 (avg: 18.30) | Fitness: 1019.81 (avg: 1623.66) | Steps: 100 | eps: 0.100 | Loss: 0.6540 | Time: 0.90s | Total: 761.62s
Episode 864: New instance generated (52 requests)
Episode 870: New instance generated (51 requests)
Episode 870/1500 | Reward: 22.00 (avg: 19.90) | Fitness: 9444.97 (avg: 2558.09) | Steps: 100 | eps: 0.100 | Loss: 0.6772 | Time: 0.96s | Total: 770.52s
Episode 876: New instance generated (51 requests)
Episode 880/1500 | Reward: 6.00 (avg: 16.60) | Fitness: 1950.58 (avg: 1916.78) | Steps: 100 | eps: 0.100 | Loss: 0.6373 | Time: 0.85s | Total: 779.37s
Episode 882: New instance generated (53 requests)
Episode 885: New population generated
Episode 888: New instance generated (53 requests)
Episode 890/1500 | Reward: 16.00 (avg: 16.80) | Fitness: 11504.29 (avg: 4510.11) | Steps: 100 | eps: 0.100 | Loss: 0.6506 | Time: 0.86s | Total: 788.24s
Episode 894: New instance generated (51 requests)
Episode 900: New instance generated (52 requests)
Episode 900/1500 | Reward: 25.00 (avg: 17.90) | Fitness: 2002.58 (avg: 3808.10) | Steps: 100 | eps: 0.100 | Loss: 0.6441 | Time: 0.97s | Total: 797.07s
Episode 906: New instance generated (53 requests)
Episode 910/1500 | Reward: 21.00 (avg: 14.60) | Fitness: 1775.10 (avg: 1876.70) | Steps: 100 | eps: 0.100 | Loss: 0.6502 | Time: 0.89s | Total: 806.13s
Episode 912: New instance generated (55 requests)
Episode 915: New population generated
Episode 918: New instance generated (53 requests)
Episode 920/1500 | Reward: 22.00 (avg: 16.80) | Fitness: 13720.09 (avg: 8552.85) | Steps: 100 | eps: 0.100 | Loss: 0.6226 | Time: 0.91s | Total: 815.47s
Episode 924: New instance generated (51 requests)
Episode 930: New instance generated (53 requests)
Episode 930/1500 | Reward: 24.00 (avg: 21.60) | Fitness: 12892.02 (avg: 5961.82) | Steps: 100 | eps: 0.100 | Loss: 0.6341 | Time: 1.02s | Total: 824.81s
Episode 936: New instance generated (50 requests)
Episode 940/1500 | Reward: 21.00 (avg: 24.60) | Fitness: 1662.66 (avg: 4001.22) | Steps: 100 | eps: 0.100 | Loss: 0.6429 | Time: 0.89s | Total: 833.92s
Episode 942: New instance generated (51 requests)
Episode 945: New population generated
Episode 948: New instance generated (51 requests)
Episode 950/1500 | Reward: 18.00 (avg: 17.40) | Fitness: 10132.47 (avg: 4101.81) | Steps: 100 | eps: 0.100 | Loss: 0.6038 | Time: 0.89s | Total: 843.82s
Episode 954: New instance generated (50 requests)
Episode 960: New instance generated (51 requests)
Episode 960/1500 | Reward: 24.00 (avg: 20.30) | Fitness: 1819.48 (avg: 2644.13) | Steps: 100 | eps: 0.100 | Loss: 0.6356 | Time: 1.00s | Total: 853.10s
Episode 966: New instance generated (55 requests)
Episode 970/1500 | Reward: 16.00 (avg: 17.50) | Fitness: 14818.79 (avg: 5960.55) | Steps: 100 | eps: 0.100 | Loss: 0.6102 | Time: 0.91s | Total: 862.53s
Episode 972: New instance generated (51 requests)
Episode 975: New population generated
Episode 978: New instance generated (52 requests)
Episode 980/1500 | Reward: 32.00 (avg: 23.30) | Fitness: 2724.92 (avg: 4098.19) | Steps: 100 | eps: 0.100 | Loss: 0.5938 | Time: 0.92s | Total: 871.81s
Episode 984: New instance generated (51 requests)
Episode 990: New instance generated (52 requests)
Episode 990/1500 | Reward: 14.00 (avg: 12.90) | Fitness: 12013.04 (avg: 5869.29) | Steps: 100 | eps: 0.100 | Loss: 0.6143 | Time: 1.00s | Total: 882.18s
Episode 996: New instance generated (51 requests)
Episode 1000/1500 | Reward: 14.00 (avg: 18.20) | Fitness: 948.56 (avg: 5437.17) | Steps: 100 | eps: 0.100 | Loss: 0.6443 | Time: 0.88s | Total: 891.31s
Saved checkpoint to models/rl_mutation_dqn_100_pop10_greedy_hybrid_sparse_42_episode_1000.pt
Episode 1002: New instance generated (51 requests)
Episode 1005: New population generated
Episode 1008: New instance generated (50 requests)
Episode 1010/1500 | Reward: 41.00 (avg: 24.00) | Fitness: 1456.20 (avg: 1340.69) | Steps: 100 | eps: 0.100 | Loss: 0.6427 | Time: 0.90s | Total: 901.00s
Episode 1014: New instance generated (51 requests)
Episode 1020: New instance generated (51 requests)
Episode 1020/1500 | Reward: 24.00 (avg: 21.80) | Fitness: 1650.67 (avg: 1956.16) | Steps: 100 | eps: 0.100 | Loss: 0.6148 | Time: 0.98s | Total: 910.15s
Episode 1026: New instance generated (52 requests)
Episode 1030/1500 | Reward: 33.00 (avg: 20.00) | Fitness: 2163.67 (avg: 1992.76) | Steps: 100 | eps: 0.100 | Loss: 0.6566 | Time: 0.90s | Total: 919.49s
Episode 1032: New instance generated (52 requests)
Episode 1035: New population generated
Episode 1038: New instance generated (51 requests)
Episode 1040/1500 | Reward: 15.00 (avg: 20.10) | Fitness: 997.32 (avg: 3986.09) | Steps: 100 | eps: 0.100 | Loss: 0.6510 | Time: 0.90s | Total: 928.67s
Episode 1044: New instance generated (50 requests)
Episode 1050: New instance generated (52 requests)
Episode 1050/1500 | Reward: 21.00 (avg: 17.20) | Fitness: 2495.98 (avg: 2503.43) | Steps: 100 | eps: 0.100 | Loss: 0.6183 | Time: 1.01s | Total: 938.06s
Episode 1056: New instance generated (52 requests)
Episode 1060/1500 | Reward: 29.00 (avg: 19.50) | Fitness: 2887.63 (avg: 5917.64) | Steps: 100 | eps: 0.100 | Loss: 0.6432 | Time: 0.91s | Total: 947.39s
Episode 1062: New instance generated (52 requests)
Episode 1065: New population generated
Episode 1068: New instance generated (50 requests)
Episode 1070/1500 | Reward: 19.00 (avg: 22.30) | Fitness: 2465.49 (avg: 3269.66) | Steps: 100 | eps: 0.100 | Loss: 0.6420 | Time: 0.90s | Total: 956.66s
Episode 1074: New instance generated (53 requests)
Episode 1080: New instance generated (51 requests)
Episode 1080/1500 | Reward: 27.00 (avg: 19.90) | Fitness: 980.76 (avg: 2944.03) | Steps: 100 | eps: 0.100 | Loss: 0.6149 | Time: 1.01s | Total: 966.12s
Episode 1086: New instance generated (51 requests)
Episode 1090/1500 | Reward: 17.00 (avg: 17.50) | Fitness: 2050.32 (avg: 2403.55) | Steps: 100 | eps: 0.100 | Loss: 0.6347 | Time: 0.91s | Total: 975.55s
Episode 1092: New instance generated (52 requests)
Episode 1095: New population generated
Episode 1098: New instance generated (53 requests)
Episode 1100/1500 | Reward: 18.00 (avg: 18.00) | Fitness: 2114.63 (avg: 2527.36) | Steps: 100 | eps: 0.100 | Loss: 0.6366 | Time: 0.89s | Total: 984.82s
Episode 1104: New instance generated (51 requests)
Episode 1110: New instance generated (51 requests)
Episode 1110/1500 | Reward: 29.00 (avg: 17.90) | Fitness: 1526.40 (avg: 3623.57) | Steps: 100 | eps: 0.100 | Loss: 0.6135 | Time: 0.98s | Total: 994.20s
Episode 1116: New instance generated (50 requests)
Episode 1120/1500 | Reward: 25.00 (avg: 28.50) | Fitness: 1506.72 (avg: 1618.17) | Steps: 100 | eps: 0.100 | Loss: 0.6330 | Time: 0.91s | Total: 1003.38s
Episode 1122: New instance generated (51 requests)
Episode 1125: New population generated
Episode 1128: New instance generated (51 requests)
Episode 1130/1500 | Reward: 11.00 (avg: 15.90) | Fitness: 10086.56 (avg: 2008.88) | Steps: 100 | eps: 0.100 | Loss: 0.6004 | Time: 0.87s | Total: 1012.44s
Episode 1134: New instance generated (51 requests)
Episode 1140: New instance generated (51 requests)
Episode 1140/1500 | Reward: 18.00 (avg: 20.80) | Fitness: 1106.56 (avg: 2251.07) | Steps: 100 | eps: 0.100 | Loss: 0.6232 | Time: 1.01s | Total: 1021.64s
Episode 1146: New instance generated (50 requests)
Episode 1150/1500 | Reward: 14.00 (avg: 14.90) | Fitness: 11075.34 (avg: 5241.03) | Steps: 100 | eps: 0.100 | Loss: 0.6005 | Time: 0.90s | Total: 1031.28s
Episode 1152: New instance generated (51 requests)
Episode 1155: New population generated
Episode 1158: New instance generated (50 requests)
Episode 1160/1500 | Reward: 17.00 (avg: 16.20) | Fitness: 1832.06 (avg: 2289.32) | Steps: 100 | eps: 0.100 | Loss: 0.5983 | Time: 0.87s | Total: 1040.38s
Episode 1164: New instance generated (53 requests)
Episode 1170: New instance generated (52 requests)
Episode 1170/1500 | Reward: 31.00 (avg: 22.30) | Fitness: 12833.71 (avg: 3186.96) | Steps: 100 | eps: 0.100 | Loss: 0.6254 | Time: 1.05s | Total: 1049.82s
Episode 1176: New instance generated (50 requests)
Episode 1180/1500 | Reward: -10.00 (avg: 22.20) | Fitness: 2661.45 (avg: 4295.13) | Steps: 100 | eps: 0.100 | Loss: 0.6115 | Time: 0.89s | Total: 1059.13s
Episode 1182: New instance generated (53 requests)
Episode 1185: New population generated
Episode 1188: New instance generated (52 requests)
Episode 1190/1500 | Reward: 26.00 (avg: 20.00) | Fitness: 2193.84 (avg: 4045.26) | Steps: 100 | eps: 0.100 | Loss: 0.5739 | Time: 0.90s | Total: 1068.41s
Episode 1194: New instance generated (50 requests)
Episode 1200: New instance generated (51 requests)
Episode 1200/1500 | Reward: 11.00 (avg: 22.60) | Fitness: 1093.42 (avg: 3656.28) | Steps: 100 | eps: 0.100 | Loss: 0.6127 | Time: 1.00s | Total: 1077.74s
Episode 1206: New instance generated (51 requests)
Episode 1210/1500 | Reward: 5.00 (avg: 12.80) | Fitness: 981.91 (avg: 1921.56) | Steps: 100 | eps: 0.100 | Loss: 0.5972 | Time: 0.95s | Total: 1087.18s
Episode 1212: New instance generated (53 requests)
Episode 1215: New population generated
Episode 1218: New instance generated (51 requests)
Episode 1220/1500 | Reward: -40.00 (avg: 14.50) | Fitness: 1985.54 (avg: 5181.63) | Steps: 100 | eps: 0.100 | Loss: 0.5705 | Time: 0.86s | Total: 1096.45s
Episode 1224: New instance generated (53 requests)
Episode 1230: New instance generated (51 requests)
Episode 1230/1500 | Reward: 25.00 (avg: 19.10) | Fitness: 1579.22 (avg: 2930.04) | Steps: 100 | eps: 0.100 | Loss: 0.5974 | Time: 0.99s | Total: 1105.80s
Episode 1236: New instance generated (51 requests)
Episode 1240/1500 | Reward: 27.00 (avg: 19.60) | Fitness: 1722.63 (avg: 1369.53) | Steps: 100 | eps: 0.100 | Loss: 0.6027 | Time: 0.88s | Total: 1114.97s
Episode 1242: New instance generated (51 requests)
Episode 1245: New population generated
Episode 1248: New instance generated (50 requests)
Episode 1250/1500 | Reward: 41.00 (avg: 20.60) | Fitness: 1458.26 (avg: 1095.84) | Steps: 100 | eps: 0.100 | Loss: 0.6191 | Time: 1.00s | Total: 1124.33s
Episode 1254: New instance generated (53 requests)
Episode 1260: New instance generated (51 requests)
Episode 1260/1500 | Reward: 22.00 (avg: 22.30) | Fitness: 1038.02 (avg: 5104.34) | Steps: 100 | eps: 0.100 | Loss: 0.5806 | Time: 1.01s | Total: 1133.72s
Episode 1266: New instance generated (50 requests)
Episode 1270/1500 | Reward: 22.00 (avg: 21.90) | Fitness: 1508.74 (avg: 1242.23) | Steps: 100 | eps: 0.100 | Loss: 0.5661 | Time: 0.91s | Total: 1143.16s
Episode 1272: New instance generated (52 requests)
Episode 1275: New population generated
Episode 1278: New instance generated (50 requests)
Episode 1280/1500 | Reward: 35.00 (avg: 22.40) | Fitness: 1423.54 (avg: 5213.54) | Steps: 100 | eps: 0.100 | Loss: 0.5632 | Time: 0.94s | Total: 1152.51s
Episode 1284: New instance generated (51 requests)
Episode 1290: New instance generated (53 requests)
Episode 1290/1500 | Reward: 14.00 (avg: 18.00) | Fitness: 14901.64 (avg: 3530.88) | Steps: 100 | eps: 0.100 | Loss: 0.5694 | Time: 1.05s | Total: 1161.87s
Episode 1296: New instance generated (51 requests)
Episode 1300/1500 | Reward: -13.00 (avg: 15.60) | Fitness: 1799.15 (avg: 5643.33) | Steps: 100 | eps: 0.100 | Loss: 0.6172 | Time: 1.09s | Total: 1171.32s
Episode 1302: New instance generated (51 requests)
Episode 1305: New population generated
Episode 1308: New instance generated (52 requests)
Episode 1310/1500 | Reward: 28.00 (avg: 20.10) | Fitness: 2218.51 (avg: 1370.51) | Steps: 100 | eps: 0.100 | Loss: 0.5938 | Time: 0.90s | Total: 1180.73s
Episode 1314: New instance generated (55 requests)
Episode 1320: New instance generated (51 requests)
Episode 1320/1500 | Reward: 14.00 (avg: 18.80) | Fitness: 798.61 (avg: 4846.50) | Steps: 100 | eps: 0.100 | Loss: 0.5980 | Time: 1.01s | Total: 1190.22s
Episode 1326: New instance generated (52 requests)
Episode 1330/1500 | Reward: 30.00 (avg: 17.80) | Fitness: 12064.39 (avg: 4873.39) | Steps: 100 | eps: 0.100 | Loss: 0.5858 | Time: 0.92s | Total: 1199.48s
Episode 1332: New instance generated (53 requests)
Episode 1335: New population generated
Episode 1338: New instance generated (52 requests)
Episode 1340/1500 | Reward: 29.00 (avg: 22.00) | Fitness: 2077.55 (avg: 5083.63) | Steps: 100 | eps: 0.100 | Loss: 0.5981 | Time: 0.87s | Total: 1208.61s
Episode 1344: New instance generated (51 requests)
Episode 1350: New instance generated (52 requests)
Episode 1350/1500 | Reward: 24.00 (avg: 15.90) | Fitness: 2671.91 (avg: 3290.45) | Steps: 100 | eps: 0.100 | Loss: 0.5969 | Time: 1.01s | Total: 1217.82s
Episode 1356: New instance generated (51 requests)
Episode 1360/1500 | Reward: 18.00 (avg: 19.30) | Fitness: 1124.74 (avg: 1544.63) | Steps: 100 | eps: 0.100 | Loss: 0.5970 | Time: 0.87s | Total: 1226.87s
Episode 1362: New instance generated (53 requests)
Episode 1365: New population generated
Episode 1368: New instance generated (51 requests)
Episode 1370/1500 | Reward: 34.00 (avg: 17.70) | Fitness: 1492.20 (avg: 3084.55) | Steps: 100 | eps: 0.100 | Loss: 0.5929 | Time: 0.90s | Total: 1236.73s
Episode 1374: New instance generated (53 requests)
Episode 1380: New instance generated (51 requests)
Episode 1380/1500 | Reward: 21.00 (avg: 11.50) | Fitness: 1121.55 (avg: 1893.04) | Steps: 100 | eps: 0.100 | Loss: 0.5962 | Time: 0.98s | Total: 1246.27s
Episode 1386: New instance generated (53 requests)
Episode 1390/1500 | Reward: 17.00 (avg: 19.30) | Fitness: 2727.20 (avg: 3892.57) | Steps: 100 | eps: 0.100 | Loss: 0.5844 | Time: 0.89s | Total: 1255.39s
Episode 1392: New instance generated (52 requests)
Episode 1395: New population generated
Episode 1398: New instance generated (53 requests)
Episode 1400/1500 | Reward: 13.00 (avg: 19.80) | Fitness: 2613.47 (avg: 9024.60) | Steps: 100 | eps: 0.100 | Loss: 0.5864 | Time: 0.89s | Total: 1264.64s
Episode 1404: New instance generated (53 requests)
Episode 1410: New instance generated (50 requests)
Episode 1410/1500 | Reward: 27.00 (avg: 17.80) | Fitness: 2473.44 (avg: 7242.23) | Steps: 100 | eps: 0.100 | Loss: 0.5747 | Time: 1.00s | Total: 1273.96s
Episode 1416: New instance generated (53 requests)
Episode 1420/1500 | Reward: 8.00 (avg: 14.10) | Fitness: 1923.89 (avg: 5196.60) | Steps: 100 | eps: 0.100 | Loss: 0.5476 | Time: 0.86s | Total: 1282.91s
Episode 1422: New instance generated (53 requests)
Episode 1425: New population generated
Episode 1428: New instance generated (53 requests)
Episode 1430/1500 | Reward: 25.00 (avg: 20.90) | Fitness: 2844.99 (avg: 4931.22) | Steps: 100 | eps: 0.100 | Loss: 0.5692 | Time: 0.90s | Total: 1292.07s
Episode 1434: New instance generated (53 requests)
Episode 1440: New instance generated (51 requests)
Episode 1440/1500 | Reward: 16.00 (avg: 19.40) | Fitness: 10231.65 (avg: 6911.56) | Steps: 100 | eps: 0.100 | Loss: 0.5650 | Time: 1.00s | Total: 1301.39s
Episode 1446: New instance generated (51 requests)
Episode 1450/1500 | Reward: 19.00 (avg: 16.80) | Fitness: 1350.50 (avg: 1956.77) | Steps: 100 | eps: 0.100 | Loss: 0.5749 | Time: 0.87s | Total: 1310.34s
Episode 1452: New instance generated (55 requests)
Episode 1455: New population generated
Episode 1458: New instance generated (55 requests)
Episode 1460/1500 | Reward: 14.00 (avg: 18.70) | Fitness: 21372.41 (avg: 11978.17) | Steps: 100 | eps: 0.100 | Loss: 0.5828 | Time: 0.88s | Total: 1319.45s
Episode 1464: New instance generated (51 requests)
Episode 1470: New instance generated (51 requests)
Episode 1470/1500 | Reward: 11.00 (avg: 15.30) | Fitness: 764.80 (avg: 1765.10) | Steps: 100 | eps: 0.100 | Loss: 0.5446 | Time: 0.97s | Total: 1328.79s
Episode 1476: New instance generated (52 requests)
Episode 1480/1500 | Reward: 5.00 (avg: 16.30) | Fitness: 2058.60 (avg: 1640.37) | Steps: 100 | eps: 0.100 | Loss: 0.5825 | Time: 0.88s | Total: 1337.88s
Episode 1482: New instance generated (52 requests)
Episode 1485: New population generated
Episode 1488: New instance generated (51 requests)
Episode 1490/1500 | Reward: 28.00 (avg: 21.10) | Fitness: 1577.41 (avg: 6431.86) | Steps: 100 | eps: 0.100 | Loss: 0.5721 | Time: 0.88s | Total: 1347.07s
Episode 1494: New instance generated (50 requests)
Episode 1499/1500 | Reward: 17.00 (avg: 25.60) | Fitness: 1314.96 (avg: 1373.91) | Steps: 100 | eps: 0.100 | Loss: 0.5844 | Time: 1.13s | Total: 1356.24s
Training completed! Saved final model to models/rl_mutation_dqn_100_pop10_greedy_hybrid_sparse_42_final.pt

Training Summary:
Total episodes: 1500
Total time: 1356.33s (0.90s per episode)
Final epsilon: 0.100
Replay buffer size: 100000
TensorBoard logs saved to runs/rl_mutation_dqn_100_pop10_greedy_hybrid_sparse_seed42_1765275848

Training completed!
Final average reward (last 100): 18.45
Final average fitness (last 100): 4953.14
Saved model to models/rl_mutation_dqn_100_pop10_greedy_hybrid_sparse_42_final.pt
  - Weights: models/rl_mutation_dqn_100_pop10_greedy_hybrid_sparse_42_final.pt
  - History: models/rl_mutation_dqn_100_pop10_greedy_hybrid_sparse_42_final_history.pkl
  - Config: models/rl_mutation_dqn_100_pop10_greedy_hybrid_sparse_42_final_config.pkl
  - Operators: ['Reinsert-nC-Max1-NewV-SameV-nF_SameV', 'RouteElimination', 'Flip-Single-Unlimited', 'SwapWithin-random-S-MaxNone', 'SwapBetween-random', 'Transfer-S-Max1', 'RequestShiftWithin', 'NodeSwapWithin-WithPrecedence']
  - Population features: True

Saved final model to: models/rl_mutation_dqn_100_pop10_greedy_hybrid_sparse_42_final.pt

================================================================================
EVALUATION ON TEST INSTANCES
================================================================================

Evaluation Configuration:
  Test instances: 20
  Episodes per instance: 1
  Test seeds: [42, 111, 222]
  Total evaluations per model: 60

================================================================================
NAIVE BASELINE EVALUATION (Random Operator Selection)
================================================================================

Test Seed 1/3: 42
  1/20 lc108           | Fitness: 47496.71 -> 45198.16 | Δ=+2298.55 (+4.8%) | Diversity: 0.902
  2/20 lc109           | Fitness: 42686.33 -> 47766.52 | Δ=-5080.19 (-11.9%) | Diversity: 0.848
  3/20 lr211           | Fitness: 20190.62 -> 22805.03 | Δ=-2614.42 (-12.9%) | Diversity: 0.915
  4/20 lr111           | Fitness: 43874.95 -> 46787.36 | Δ=-2912.41 (-6.6%) | Diversity: 0.853
  5/20 lc109           | Fitness: 41851.21 -> 42393.73 | Δ=-542.52 (-1.3%) | Diversity: 0.909
  6/20 lr110           | Fitness: 40626.36 -> 43579.01 | Δ=-2952.65 (-7.3%) | Diversity: 0.842
  7/20 lr110           | Fitness: 39941.02 -> 42101.43 | Δ=-2160.41 (-5.4%) | Diversity: 0.891
  8/20 lc109           | Fitness: 44787.13 -> 45221.21 | Δ=-434.09 (-1.0%) | Diversity: 0.823
  9/20 lr210           | Fitness: 26795.53 -> 25107.07 | Δ=+1688.46 (+6.3%) | Diversity: 0.922
  10/20 lc207           | Fitness: 36805.37 -> 37497.54 | Δ=-692.16 (-1.9%) | Diversity: 0.888
  11/20 lr110           | Fitness: 40926.28 -> 42139.64 | Δ=-1213.35 (-3.0%) | Diversity: 0.902
  12/20 lc208           | Fitness: 37134.04 -> 35084.87 | Δ=+2049.16 (+5.5%) | Diversity: 0.899
  13/20 lc208           | Fitness: 38208.85 -> 34470.62 | Δ=+3738.23 (+9.8%) | Diversity: 0.918
  14/20 lc108           | Fitness: 48263.42 -> 45921.17 | Δ=+2342.25 (+4.9%) | Diversity: 0.903
  15/20 lc109           | Fitness: 43503.93 -> 44411.31 | Δ=-907.38 (-2.1%) | Diversity: 0.903
  16/20 lc109           | Fitness: 40272.14 -> 34373.01 | Δ=+5899.14 (+14.6%) | Diversity: 0.891
  17/20 lc207           | Fitness: 37670.64 -> 42118.65 | Δ=-4448.01 (-11.8%) | Diversity: 0.822
  18/20 lc207           | Fitness: 39718.58 -> 39718.58 | Δ=  +0.00 (+0.0%) | Diversity: 0.841
  19/20 lr111           | Fitness: 42395.32 -> 46236.93 | Δ=-3841.61 (-9.1%) | Diversity: 0.826
  20/20 lr209           | Fitness: 27243.60 -> 27296.38 | Δ= -52.78 (-0.2%) | Diversity: 0.936

Test Seed 2/3: 111
  1/20 lc208           | Fitness: 40545.08 -> 40545.08 | Δ=  +0.00 (+0.0%) | Diversity: 0.838
  2/20 lr211           | Fitness: 17656.70 -> 14132.56 | Δ=+3524.13 (+20.0%) | Diversity: 0.920
  3/20 lc109           | Fitness: 40777.73 -> 37423.40 | Δ=+3354.33 (+8.2%) | Diversity: 0.917
  4/20 lc207           | Fitness: 37812.27 -> 38043.53 | Δ=-231.26 (-0.6%) | Diversity: 0.840
  5/20 lr110           | Fitness: 43005.13 -> 41454.48 | Δ=+1550.65 (+3.6%) | Diversity: 0.898
  6/20 lr110           | Fitness: 41636.59 -> 44688.31 | Δ=-3051.72 (-7.3%) | Diversity: 0.896
  7/20 lc207           | Fitness: 38267.40 -> 38434.28 | Δ=-166.88 (-0.4%) | Diversity: 0.911
  8/20 lc208           | Fitness: 38777.18 -> 40664.94 | Δ=-1887.76 (-4.9%) | Diversity: 0.844
  9/20 lr110           | Fitness: 40906.80 -> 40906.80 | Δ=  +0.00 (+0.0%) | Diversity: 0.840
  10/20 lc207           | Fitness: 38355.96 -> 28455.02 | Δ=+9900.94 (+25.8%) | Diversity: 0.907
  11/20 lc108           | Fitness: 48880.14 -> 44041.85 | Δ=+4838.30 (+9.9%) | Diversity: 0.894
  12/20 lc208           | Fitness: 37944.48 -> 40988.67 | Δ=-3044.19 (-8.0%) | Diversity: 0.897
  13/20 lc109           | Fitness: 42041.26 -> 47842.53 | Δ=-5801.27 (-13.8%) | Diversity: 0.827
  14/20 lr112           | Fitness: 39582.94 -> 39706.16 | Δ=-123.22 (-0.3%) | Diversity: 0.832
  15/20 lc207           | Fitness: 38721.12 -> 41640.37 | Δ=-2919.25 (-7.5%) | Diversity: 0.914
  16/20 lc109           | Fitness: 46349.24 -> 46943.20 | Δ=-593.96 (-1.3%) | Diversity: 0.837
  17/20 lc108           | Fitness: 48527.50 -> 46216.04 | Δ=+2311.45 (+4.8%) | Diversity: 0.924
  18/20 lc208           | Fitness: 35480.16 -> 31898.58 | Δ=+3581.58 (+10.1%) | Diversity: 0.920
  19/20 lr110           | Fitness: 41677.20 -> 42317.18 | Δ=-639.97 (-1.5%) | Diversity: 0.839
  20/20 lr210           | Fitness: 27388.69 -> 29075.01 | Δ=-1686.32 (-6.2%) | Diversity: 0.912

Test Seed 3/3: 222
  1/20 lc108           | Fitness: 47132.25 -> 52414.69 | Δ=-5282.44 (-11.2%) | Diversity: 0.849
  2/20 lr111           | Fitness: 44992.75 -> 43668.57 | Δ=+1324.18 (+2.9%) | Diversity: 0.921
  3/20 lc108           | Fitness: 47257.15 -> 49161.92 | Δ=-1904.76 (-4.0%) | Diversity: 0.918
  4/20 lc207           | Fitness: 39064.60 -> 32871.28 | Δ=+6193.32 (+15.9%) | Diversity: 0.927
  5/20 lr209           | Fitness: 25398.01 -> 20677.49 | Δ=+4720.52 (+18.6%) | Diversity: 0.939
  6/20 lr211           | Fitness: 18462.49 -> 23751.85 | Δ=-5289.36 (-28.6%) | Diversity: 0.926
  7/20 lc207           | Fitness: 35903.74 -> 38938.99 | Δ=-3035.26 (-8.5%) | Diversity: 0.903
  8/20 lc207           | Fitness: 36579.79 -> 40479.96 | Δ=-3900.17 (-10.7%) | Diversity: 0.929
  9/20 lc208           | Fitness: 39320.81 -> 45771.70 | Δ=-6450.89 (-16.4%) | Diversity: 0.910
  10/20 lc108           | Fitness: 49952.66 -> 50970.60 | Δ=-1017.94 (-2.0%) | Diversity: 0.859
  11/20 lr110           | Fitness: 39254.41 -> 45023.89 | Δ=-5769.48 (-14.7%) | Diversity: 0.834
  12/20 lc207           | Fitness: 38037.49 -> 39708.89 | Δ=-1671.40 (-4.4%) | Diversity: 0.922
  13/20 lr111           | Fitness: 41133.86 -> 44153.08 | Δ=-3019.22 (-7.3%) | Diversity: 0.857
  14/20 lr112           | Fitness: 38690.74 -> 40919.67 | Δ=-2228.94 (-5.8%) | Diversity: 0.827
  15/20 lr111           | Fitness: 42996.77 -> 43811.16 | Δ=-814.39 (-1.9%) | Diversity: 0.839
  16/20 lr209           | Fitness: 26763.59 -> 26329.30 | Δ=+434.29 (+1.6%) | Diversity: 0.915
  17/20 lr110           | Fitness: 41129.94 -> 43439.81 | Δ=-2309.87 (-5.6%) | Diversity: 0.892
  18/20 lc108           | Fitness: 48529.15 -> 50983.76 | Δ=-2454.61 (-5.1%) | Diversity: 0.900
  19/20 lc108           | Fitness: 47486.99 -> 49232.71 | Δ=-1745.71 (-3.7%) | Diversity: 0.909
  20/20 lc109           | Fitness: 46222.27 -> 48107.02 | Δ=-1884.75 (-4.1%) | Diversity: 0.904

================================================================================
BASELINE SUMMARY
================================================================================
Average initial best fitness: 39317.25
Average final best fitness: 39934.38
Average improvement: -617.12 (-1.55%)
Average final best diversity: 0.885
Average final mean diversity: 0.885

================================================================================
RL MODEL EVALUATION
================================================================================

================================================================================
Evaluating model: models/rl_mutation_dqn_100_pop10_greedy_hybrid_sparse_42_final.pt
================================================================================
Detected: DQN
Successfully loaded model

Test Seed 1/3: 42


Training failed with exception: 'no_improvement_count'
Traceback (most recent call last):
  File "/mnt/projects/lasse.ruttert/rl-memetic-pdptw/train_rl_mutation.py", line 856, in <module>
    main()
  File "/mnt/projects/lasse.ruttert/rl-memetic-pdptw/train_rl_mutation.py", line 724, in main
    mutated_solution = eval_model.mutate(problem, solution, population)
  File "/mnt/projects/lasse.ruttert/rl-memetic-pdptw/memetic/mutation/rl_mutation/rl_mutation.py", line 1067, in mutate
    'no_improvement_count': step_info['no_improvement_count'],
KeyError: 'no_improvement_count'
