Logging to: logs/training_rl_mutation_dqn_100_pop10_greedy_hybrid_sparse_set1_seed42_1765277210.log
================================================================================
Using Standard Replay Buffer
Algorithm: DQN
n-step returns: n=3

Train/Test Split (ratio=0.8):
  lc1:
    Train (7): ['lc101', 'lc102', 'lc103', 'lc104', 'lc105', 'lc106', 'lc107']
    Test  (2): ['lc108', 'lc109']
  lc2:
    Train (6): ['lc201', 'lc202', 'lc203', 'lc204', 'lc205', 'lc206']
    Test  (2): ['lc207', 'lc208']
  lr1:
    Train (9): ['lr101', 'lr102', 'lr103', 'lr104', 'lr105', 'lr106', 'lr107', 'lr108', 'lr109']
    Test  (3): ['lr110', 'lr111', 'lr112']
  lr2:
    Train (8): ['lr201', 'lr202', 'lr203', 'lr204', 'lr205', 'lr206', 'lr207', 'lr208']
    Test  (3): ['lr209', 'lr210', 'lr211']

Starting RL Mutation Training on size 100 instances...
Algorithm: DQN
Categories: ['lc1', 'lc2', 'lr1', 'lr2']
Population size: 10
Population features: ENABLED
Include NoOp: False
Operator preset: set1
Operators: ['Reinsert-nC-Max1-NewV-SameV-nF_SameV', 'Reinsert-C-Max5-NewV-SameV-nF_SameV', 'RouteElimination', 'TwoOpt', 'SwapWithin-random-A-MaxNone', 'SwapBetween-random', 'Transfer-A-Max1']
Random seed set to 42
TensorBoard logging enabled: runs/rl_mutation_dqn_100_pop10_greedy_hybrid_sparse_set1_seed42_1765277210
Starting RL Mutation training for 1500 episodes...
State dim: 51, Action dim: 7
Population features: ENABLED
Operators: ['Reinsert-nC-Max1-NewV-SameV-nF_SameV', 'Reinsert-C-Max5-NewV-SameV-nF_SameV', 'RouteElimination', 'TwoOpt', 'SwapWithin-random-A-MaxNone', 'SwapBetween-random', 'Transfer-A-Max1']
Episode 0: New instance generated (53 requests)
Episode 0/1500 | Reward: -13.00 (avg: -13.00) | Fitness: 3370.88 (avg: 3370.88) | Steps: 100 | eps: 0.995 | Loss: 0.0000 | Time: 0.59s | Total: 0.74s
Episode 6: New instance generated (51 requests)
Episode 10/1500 | Reward: -18.00 (avg: -25.30) | Fitness: 1821.69 (avg: 3070.76) | Steps: 100 | eps: 0.946 | Loss: 0.7470 | Time: 2.16s | Total: 8.37s
Episode 12: New instance generated (51 requests)
Episode 15: New population generated
Episode 18: New instance generated (52 requests)
Episode 20/1500 | Reward: -27.00 (avg: -26.70) | Fitness: 2251.25 (avg: 1791.20) | Steps: 100 | eps: 0.900 | Loss: 0.7926 | Time: 0.83s | Total: 20.65s
Episode 24: New instance generated (52 requests)
Episode 30: New instance generated (51 requests)
Episode 30/1500 | Reward: -38.00 (avg: -11.00) | Fitness: 2128.02 (avg: 4301.05) | Steps: 100 | eps: 0.856 | Loss: 1.0538 | Time: 1.39s | Total: 29.77s
Episode 36: New instance generated (52 requests)
Episode 40/1500 | Reward: -18.00 (avg: -9.80) | Fitness: 10856.28 (avg: 4759.98) | Steps: 100 | eps: 0.814 | Loss: 1.1715 | Time: 0.84s | Total: 39.97s
Episode 42: New instance generated (53 requests)
Episode 45: New population generated
Episode 48: New instance generated (53 requests)
Episode 50/1500 | Reward: -37.00 (avg: -21.90) | Fitness: 2534.16 (avg: 8104.39) | Steps: 100 | eps: 0.774 | Loss: 1.1804 | Time: 0.83s | Total: 48.67s
Episode 54: New instance generated (53 requests)
Episode 60: New instance generated (51 requests)
Episode 60/1500 | Reward: -20.00 (avg: -29.20) | Fitness: 818.80 (avg: 2888.17) | Steps: 100 | eps: 0.737 | Loss: 1.2040 | Time: 1.14s | Total: 57.81s
Episode 66: New instance generated (51 requests)
Episode 70/1500 | Reward: -24.00 (avg: -20.90) | Fitness: 1795.54 (avg: 1198.82) | Steps: 100 | eps: 0.701 | Loss: 1.1225 | Time: 1.25s | Total: 70.03s
Episode 72: New instance generated (50 requests)
Episode 75: New population generated
Episode 78: New instance generated (53 requests)
Episode 80/1500 | Reward: -14.00 (avg: -9.00) | Fitness: 2136.68 (avg: 1989.03) | Steps: 100 | eps: 0.666 | Loss: 1.1225 | Time: 0.89s | Total: 82.10s
Episode 84: New instance generated (53 requests)
Episode 90: New instance generated (52 requests)
Episode 90/1500 | Reward: 10.00 (avg: -6.20) | Fitness: 11434.70 (avg: 6978.97) | Steps: 100 | eps: 0.634 | Loss: 1.0873 | Time: 1.04s | Total: 91.20s
Episode 96: New instance generated (53 requests)
Episode 100/1500 | Reward: -21.00 (avg: -6.70) | Fitness: 2233.16 (avg: 4233.79) | Steps: 100 | eps: 0.603 | Loss: 0.9895 | Time: 0.84s | Total: 100.00s
Episode 102: New instance generated (53 requests)
Episode 105: New population generated
Episode 108: New instance generated (53 requests)
Episode 110/1500 | Reward: -15.00 (avg: -11.30) | Fitness: 1882.74 (avg: 2134.58) | Steps: 100 | eps: 0.573 | Loss: 0.9543 | Time: 0.86s | Total: 108.91s
Episode 114: New instance generated (51 requests)
Episode 120: New instance generated (53 requests)
Episode 120/1500 | Reward: -5.00 (avg: -8.40) | Fitness: 1558.67 (avg: 1885.18) | Steps: 100 | eps: 0.545 | Loss: 0.9725 | Time: 1.01s | Total: 119.37s
Episode 126: New instance generated (51 requests)
Episode 130/1500 | Reward: -5.00 (avg: -1.30) | Fitness: 1033.57 (avg: 1839.69) | Steps: 100 | eps: 0.519 | Loss: 0.9482 | Time: 1.05s | Total: 130.38s
Episode 132: New instance generated (52 requests)
Episode 135: New population generated
Episode 138: New instance generated (51 requests)
Episode 140/1500 | Reward: 23.00 (avg: 0.70) | Fitness: 1484.85 (avg: 2964.61) | Steps: 100 | eps: 0.493 | Loss: 0.9161 | Time: 0.90s | Total: 140.48s
Episode 144: New instance generated (50 requests)
Episode 150: New instance generated (50 requests)
Episode 150/1500 | Reward: 2.00 (avg: 9.40) | Fitness: 1596.39 (avg: 1344.61) | Steps: 100 | eps: 0.469 | Loss: 0.9347 | Time: 1.35s | Total: 151.65s
Episode 156: New instance generated (53 requests)
Episode 160/1500 | Reward: 4.00 (avg: 1.00) | Fitness: 1288.82 (avg: 3191.07) | Steps: 100 | eps: 0.446 | Loss: 1.0042 | Time: 0.87s | Total: 161.95s
Episode 162: New instance generated (52 requests)
Episode 165: New population generated
Episode 168: New instance generated (52 requests)
Episode 170/1500 | Reward: -3.00 (avg: 2.90) | Fitness: 1918.44 (avg: 3341.95) | Steps: 100 | eps: 0.424 | Loss: 0.9888 | Time: 0.86s | Total: 170.94s
Episode 174: New instance generated (51 requests)
Episode 180: New instance generated (52 requests)
Episode 180/1500 | Reward: 28.00 (avg: 1.40) | Fitness: 1837.23 (avg: 1860.86) | Steps: 100 | eps: 0.404 | Loss: 1.0207 | Time: 1.02s | Total: 181.19s
Episode 186: New instance generated (55 requests)
Episode 190/1500 | Reward: 8.00 (avg: 6.50) | Fitness: 17466.72 (avg: 5246.96) | Steps: 100 | eps: 0.384 | Loss: 0.9983 | Time: 0.89s | Total: 190.23s
Episode 192: New instance generated (51 requests)
Episode 195: New population generated
Episode 198: New instance generated (52 requests)
Episode 200/1500 | Reward: 17.00 (avg: -2.90) | Fitness: 2068.20 (avg: 2805.81) | Steps: 100 | eps: 0.365 | Loss: 0.9510 | Time: 0.88s | Total: 200.27s
Episode 204: New instance generated (53 requests)
Episode 210: New instance generated (53 requests)
Episode 210/1500 | Reward: 21.00 (avg: 8.20) | Fitness: 2029.67 (avg: 3227.72) | Steps: 100 | eps: 0.347 | Loss: 0.9826 | Time: 1.01s | Total: 209.50s
Episode 216: New instance generated (53 requests)
Episode 220/1500 | Reward: 7.00 (avg: 12.10) | Fitness: 3216.14 (avg: 4616.44) | Steps: 100 | eps: 0.330 | Loss: 0.9607 | Time: 0.86s | Total: 218.45s
Episode 222: New instance generated (50 requests)
Episode 225: New population generated
Episode 228: New instance generated (52 requests)
Episode 230/1500 | Reward: 15.00 (avg: 18.60) | Fitness: 2122.36 (avg: 1724.64) | Steps: 100 | eps: 0.314 | Loss: 0.9358 | Time: 0.87s | Total: 228.85s
Episode 234: New instance generated (52 requests)
Episode 240: New instance generated (51 requests)
Episode 240/1500 | Reward: -17.00 (avg: 0.80) | Fitness: 1089.65 (avg: 2769.88) | Steps: 100 | eps: 0.299 | Loss: 1.0041 | Time: 1.06s | Total: 238.06s
Episode 246: New instance generated (53 requests)
Episode 250/1500 | Reward: 7.00 (avg: 2.10) | Fitness: 1528.32 (avg: 1124.70) | Steps: 100 | eps: 0.284 | Loss: 1.0077 | Time: 0.88s | Total: 247.51s
Episode 252: New instance generated (53 requests)
Episode 255: New population generated
Episode 258: New instance generated (51 requests)
Episode 260/1500 | Reward: -9.00 (avg: 3.00) | Fitness: 807.01 (avg: 2337.91) | Steps: 100 | eps: 0.270 | Loss: 0.9634 | Time: 1.08s | Total: 257.01s
Episode 264: New instance generated (51 requests)
Episode 270: New instance generated (51 requests)
Episode 270/1500 | Reward: -16.00 (avg: 8.60) | Fitness: 1251.91 (avg: 1216.98) | Steps: 100 | eps: 0.257 | Loss: 1.0294 | Time: 1.05s | Total: 266.93s
Episode 276: New instance generated (53 requests)
Episode 280/1500 | Reward: 6.00 (avg: 5.40) | Fitness: 2621.76 (avg: 1729.33) | Steps: 100 | eps: 0.245 | Loss: 0.9928 | Time: 0.87s | Total: 276.92s
Episode 282: New instance generated (50 requests)
Episode 285: New population generated
Episode 288: New instance generated (52 requests)
Episode 290/1500 | Reward: 8.00 (avg: 16.00) | Fitness: 1590.37 (avg: 1635.98) | Steps: 100 | eps: 0.233 | Loss: 1.0314 | Time: 0.84s | Total: 286.80s
Episode 294: New instance generated (53 requests)
Episode 300: New instance generated (53 requests)
Episode 300/1500 | Reward: 22.00 (avg: 23.50) | Fitness: 2004.78 (avg: 1579.65) | Steps: 100 | eps: 0.221 | Loss: 1.0169 | Time: 0.99s | Total: 295.90s
Episode 306: New instance generated (51 requests)
Episode 310/1500 | Reward: -4.00 (avg: 18.40) | Fitness: 662.54 (avg: 1622.00) | Steps: 100 | eps: 0.210 | Loss: 0.9881 | Time: 1.24s | Total: 305.61s
Episode 312: New instance generated (51 requests)
Episode 315: New population generated
Episode 318: New instance generated (53 requests)
Episode 320/1500 | Reward: 0.00 (avg: 13.60) | Fitness: 2542.94 (avg: 1321.86) | Steps: 100 | eps: 0.200 | Loss: 1.0501 | Time: 0.91s | Total: 315.14s
Episode 324: New instance generated (53 requests)
Episode 330: New instance generated (53 requests)
Episode 330/1500 | Reward: 23.00 (avg: 23.40) | Fitness: 2431.19 (avg: 1855.39) | Steps: 100 | eps: 0.190 | Loss: 1.0471 | Time: 1.00s | Total: 324.43s
Episode 336: New instance generated (51 requests)
Episode 340/1500 | Reward: 24.00 (avg: 14.40) | Fitness: 659.54 (avg: 1666.54) | Steps: 100 | eps: 0.181 | Loss: 0.9996 | Time: 0.93s | Total: 333.93s
Episode 342: New instance generated (52 requests)
Episode 345: New population generated
Episode 348: New instance generated (53 requests)
Episode 350/1500 | Reward: 7.00 (avg: 12.00) | Fitness: 1160.51 (avg: 1872.12) | Steps: 100 | eps: 0.172 | Loss: 0.9895 | Time: 0.90s | Total: 343.11s
Episode 354: New instance generated (51 requests)
Episode 360: New instance generated (51 requests)
Episode 360/1500 | Reward: 17.00 (avg: 10.40) | Fitness: 1549.36 (avg: 1053.62) | Steps: 100 | eps: 0.164 | Loss: 0.9976 | Time: 1.10s | Total: 352.63s
Episode 366: New instance generated (51 requests)
Episode 370/1500 | Reward: 16.00 (avg: 17.80) | Fitness: 738.23 (avg: 1208.67) | Steps: 100 | eps: 0.156 | Loss: 1.0229 | Time: 0.90s | Total: 362.39s
Episode 372: New instance generated (53 requests)
Episode 375: New population generated
Episode 378: New instance generated (53 requests)
Episode 380/1500 | Reward: 8.00 (avg: 9.80) | Fitness: 1920.99 (avg: 2637.73) | Steps: 100 | eps: 0.148 | Loss: 0.9967 | Time: 0.89s | Total: 371.51s
Episode 384: New instance generated (53 requests)
Episode 390: New instance generated (52 requests)
Episode 390/1500 | Reward: 24.00 (avg: 17.20) | Fitness: 1979.05 (avg: 1480.38) | Steps: 100 | eps: 0.141 | Loss: 0.9619 | Time: 1.01s | Total: 380.84s
Episode 396: New instance generated (53 requests)
Episode 400/1500 | Reward: 17.00 (avg: 20.40) | Fitness: 2632.81 (avg: 2212.28) | Steps: 100 | eps: 0.134 | Loss: 0.9727 | Time: 0.88s | Total: 389.96s
Episode 402: New instance generated (50 requests)
Episode 405: New population generated
Episode 408: New instance generated (52 requests)
Episode 410/1500 | Reward: 15.00 (avg: 19.50) | Fitness: 2415.70 (avg: 2928.32) | Steps: 100 | eps: 0.127 | Loss: 0.9643 | Time: 0.88s | Total: 399.01s
Episode 414: New instance generated (53 requests)
Episode 420: New instance generated (53 requests)
Episode 420/1500 | Reward: 24.00 (avg: 16.10) | Fitness: 1160.51 (avg: 1643.72) | Steps: 100 | eps: 0.121 | Loss: 1.0121 | Time: 1.02s | Total: 408.25s
Episode 426: New instance generated (51 requests)
Episode 430/1500 | Reward: 34.00 (avg: 22.70) | Fitness: 931.62 (avg: 1153.45) | Steps: 100 | eps: 0.115 | Loss: 0.9890 | Time: 0.96s | Total: 417.80s
Episode 432: New instance generated (52 requests)
Episode 435: New population generated
Episode 438: New instance generated (51 requests)
Episode 440/1500 | Reward: 14.00 (avg: 16.30) | Fitness: 865.43 (avg: 1569.71) | Steps: 100 | eps: 0.110 | Loss: 0.9919 | Time: 0.89s | Total: 427.77s
Episode 444: New instance generated (53 requests)
Episode 450: New instance generated (51 requests)
Episode 450/1500 | Reward: 5.00 (avg: 9.40) | Fitness: 912.07 (avg: 1098.44) | Steps: 100 | eps: 0.104 | Loss: 0.9663 | Time: 1.02s | Total: 437.43s
Episode 456: New instance generated (51 requests)
Episode 460/1500 | Reward: 23.00 (avg: 23.10) | Fitness: 1581.72 (avg: 1210.53) | Steps: 100 | eps: 0.100 | Loss: 0.9918 | Time: 0.91s | Total: 446.94s
Episode 462: New instance generated (51 requests)
Episode 465: New population generated
Episode 468: New instance generated (52 requests)
Episode 470/1500 | Reward: 19.00 (avg: 17.40) | Fitness: 2269.07 (avg: 1374.71) | Steps: 100 | eps: 0.100 | Loss: 0.9426 | Time: 0.89s | Total: 456.16s
Episode 474: New instance generated (53 requests)
Episode 480: New instance generated (52 requests)
Episode 480/1500 | Reward: 3.00 (avg: 12.00) | Fitness: 1556.32 (avg: 4766.97) | Steps: 100 | eps: 0.100 | Loss: 0.9502 | Time: 1.01s | Total: 465.48s
Episode 486: New instance generated (52 requests)
Episode 490/1500 | Reward: 32.00 (avg: 20.50) | Fitness: 1490.38 (avg: 1379.03) | Steps: 100 | eps: 0.100 | Loss: 0.9361 | Time: 0.87s | Total: 474.60s
Episode 492: New instance generated (53 requests)
Episode 495: New population generated
Episode 498: New instance generated (53 requests)
Episode 500/1500 | Reward: 12.00 (avg: 14.40) | Fitness: 3295.72 (avg: 1941.55) | Steps: 100 | eps: 0.100 | Loss: 0.9508 | Time: 0.88s | Total: 483.90s
Saved checkpoint to models/rl_mutation_dqn_100_pop10_greedy_hybrid_sparse_set1_42_episode_500.pt
Episode 504: New instance generated (53 requests)
Episode 510: New instance generated (52 requests)
Episode 510/1500 | Reward: 45.00 (avg: 23.00) | Fitness: 1810.72 (avg: 3112.28) | Steps: 100 | eps: 0.100 | Loss: 0.9547 | Time: 1.02s | Total: 493.28s
Episode 516: New instance generated (51 requests)
Episode 520/1500 | Reward: 11.00 (avg: 14.90) | Fitness: 1070.11 (avg: 1500.01) | Steps: 100 | eps: 0.100 | Loss: 0.9604 | Time: 0.91s | Total: 502.62s
Episode 522: New instance generated (50 requests)
Episode 525: New population generated
Episode 528: New instance generated (51 requests)
Episode 530/1500 | Reward: -6.00 (avg: 16.20) | Fitness: 869.69 (avg: 1329.69) | Steps: 100 | eps: 0.100 | Loss: 0.9383 | Time: 0.96s | Total: 512.31s
Episode 534: New instance generated (53 requests)
Episode 540: New instance generated (55 requests)
Episode 540/1500 | Reward: 25.00 (avg: 14.10) | Fitness: 2622.56 (avg: 1418.00) | Steps: 100 | eps: 0.100 | Loss: 0.9444 | Time: 1.02s | Total: 521.77s
Episode 546: New instance generated (51 requests)
Episode 550/1500 | Reward: 20.00 (avg: 22.50) | Fitness: 1257.08 (avg: 2026.58) | Steps: 100 | eps: 0.100 | Loss: 0.9104 | Time: 0.91s | Total: 530.90s
Episode 552: New instance generated (55 requests)
Episode 555: New population generated
Episode 558: New instance generated (50 requests)
Episode 560/1500 | Reward: 26.00 (avg: 15.10) | Fitness: 1336.26 (avg: 2150.91) | Steps: 100 | eps: 0.100 | Loss: 0.9246 | Time: 1.34s | Total: 540.65s
Episode 564: New instance generated (51 requests)
Episode 570: New instance generated (53 requests)
Episode 570/1500 | Reward: -27.00 (avg: 22.40) | Fitness: 1617.32 (avg: 1446.15) | Steps: 100 | eps: 0.100 | Loss: 0.8617 | Time: 1.06s | Total: 550.81s
Episode 576: New instance generated (53 requests)
Episode 580/1500 | Reward: 4.00 (avg: 20.20) | Fitness: 14922.00 (avg: 3501.39) | Steps: 100 | eps: 0.100 | Loss: 0.9152 | Time: 0.94s | Total: 560.37s
Episode 582: New instance generated (52 requests)
Episode 585: New population generated
Episode 588: New instance generated (51 requests)
Episode 590/1500 | Reward: -27.00 (avg: 15.10) | Fitness: 888.03 (avg: 1793.20) | Steps: 100 | eps: 0.100 | Loss: 0.9381 | Time: 1.13s | Total: 569.96s
Episode 594: New instance generated (51 requests)
Episode 600: New instance generated (51 requests)
Episode 600/1500 | Reward: 35.00 (avg: 19.90) | Fitness: 785.74 (avg: 835.80) | Steps: 100 | eps: 0.100 | Loss: 0.9307 | Time: 1.06s | Total: 579.73s
Episode 606: New instance generated (51 requests)
Episode 610/1500 | Reward: 10.00 (avg: 20.00) | Fitness: 1022.32 (avg: 841.48) | Steps: 100 | eps: 0.100 | Loss: 0.9358 | Time: 0.89s | Total: 589.45s
Episode 612: New instance generated (51 requests)
Episode 615: New population generated
Episode 618: New instance generated (53 requests)
Episode 620/1500 | Reward: 19.00 (avg: 16.60) | Fitness: 1252.64 (avg: 1626.79) | Steps: 100 | eps: 0.100 | Loss: 0.9132 | Time: 0.89s | Total: 598.69s
Episode 624: New instance generated (53 requests)
Episode 630: New instance generated (52 requests)
Episode 630/1500 | Reward: 14.00 (avg: 28.10) | Fitness: 2302.91 (avg: 2009.23) | Steps: 100 | eps: 0.100 | Loss: 0.9652 | Time: 1.02s | Total: 608.08s
Episode 636: New instance generated (53 requests)
Episode 640/1500 | Reward: 8.00 (avg: 21.90) | Fitness: 1445.88 (avg: 1861.78) | Steps: 100 | eps: 0.100 | Loss: 0.8917 | Time: 0.91s | Total: 617.33s
Episode 642: New instance generated (52 requests)
Episode 645: New population generated
Episode 648: New instance generated (51 requests)
Episode 650/1500 | Reward: 17.00 (avg: 20.90) | Fitness: 1337.39 (avg: 1517.02) | Steps: 100 | eps: 0.100 | Loss: 0.8552 | Time: 0.90s | Total: 626.80s
Episode 654: New instance generated (53 requests)
Episode 660: New instance generated (53 requests)
Episode 660/1500 | Reward: 30.00 (avg: 17.70) | Fitness: 1496.66 (avg: 1163.18) | Steps: 100 | eps: 0.100 | Loss: 0.8984 | Time: 1.02s | Total: 636.66s
Episode 666: New instance generated (50 requests)
Episode 670/1500 | Reward: 13.00 (avg: 21.60) | Fitness: 1717.91 (avg: 1469.61) | Steps: 100 | eps: 0.100 | Loss: 0.8938 | Time: 0.90s | Total: 645.94s
Episode 672: New instance generated (53 requests)
Episode 675: New population generated
Episode 678: New instance generated (52 requests)
Episode 680/1500 | Reward: 19.00 (avg: 17.00) | Fitness: 1505.06 (avg: 1358.14) | Steps: 100 | eps: 0.100 | Loss: 0.8773 | Time: 0.89s | Total: 655.28s
Episode 684: New instance generated (53 requests)
Episode 690: New instance generated (53 requests)
Episode 690/1500 | Reward: 17.00 (avg: 19.60) | Fitness: 1418.53 (avg: 2151.06) | Steps: 100 | eps: 0.100 | Loss: 0.9179 | Time: 1.01s | Total: 664.71s
Episode 696: New instance generated (51 requests)
Episode 700/1500 | Reward: 11.00 (avg: 19.30) | Fitness: 802.90 (avg: 1019.58) | Steps: 100 | eps: 0.100 | Loss: 0.8998 | Time: 1.03s | Total: 674.49s
Episode 702: New instance generated (52 requests)
Episode 705: New population generated
Episode 708: New instance generated (52 requests)
Episode 710/1500 | Reward: 34.00 (avg: 22.50) | Fitness: 1784.36 (avg: 2093.67) | Steps: 100 | eps: 0.100 | Loss: 0.9167 | Time: 0.90s | Total: 683.91s
Episode 714: New instance generated (53 requests)
Episode 720: New instance generated (51 requests)
Episode 720/1500 | Reward: 19.00 (avg: 16.30) | Fitness: 861.31 (avg: 2570.83) | Steps: 100 | eps: 0.100 | Loss: 0.9081 | Time: 1.14s | Total: 693.71s
Episode 726: New instance generated (51 requests)
Episode 730/1500 | Reward: 1.00 (avg: 18.00) | Fitness: 662.54 (avg: 829.20) | Steps: 100 | eps: 0.100 | Loss: 0.8908 | Time: 1.04s | Total: 703.76s
Episode 732: New instance generated (51 requests)
Episode 735: New population generated
Episode 738: New instance generated (52 requests)
Episode 740/1500 | Reward: -12.00 (avg: 25.90) | Fitness: 2068.26 (avg: 1618.34) | Steps: 100 | eps: 0.100 | Loss: 0.9241 | Time: 0.88s | Total: 713.15s
Episode 744: New instance generated (51 requests)
Episode 750: New instance generated (53 requests)
Episode 750/1500 | Reward: 25.00 (avg: 20.10) | Fitness: 2328.72 (avg: 1304.83) | Steps: 100 | eps: 0.100 | Loss: 0.8956 | Time: 1.01s | Total: 723.08s
Episode 756: New instance generated (51 requests)
Episode 760/1500 | Reward: 18.00 (avg: 23.80) | Fitness: 755.78 (avg: 1553.29) | Steps: 100 | eps: 0.100 | Loss: 0.8976 | Time: 0.90s | Total: 732.53s
Episode 762: New instance generated (51 requests)
Episode 765: New population generated
Episode 768: New instance generated (50 requests)
Episode 770/1500 | Reward: 25.00 (avg: 22.00) | Fitness: 1447.02 (avg: 1647.63) | Steps: 100 | eps: 0.100 | Loss: 0.8674 | Time: 0.90s | Total: 742.28s
Episode 774: New instance generated (51 requests)
Episode 780: New instance generated (51 requests)
Episode 780/1500 | Reward: 14.00 (avg: 35.60) | Fitness: 662.54 (avg: 1444.79) | Steps: 100 | eps: 0.100 | Loss: 0.8548 | Time: 1.08s | Total: 752.01s
Episode 786: New instance generated (51 requests)
Episode 790/1500 | Reward: 21.00 (avg: 17.40) | Fitness: 969.06 (avg: 920.93) | Steps: 100 | eps: 0.100 | Loss: 0.8636 | Time: 0.90s | Total: 761.48s
Episode 792: New instance generated (53 requests)
Episode 795: New population generated
Episode 798: New instance generated (53 requests)
Episode 800/1500 | Reward: 10.00 (avg: 28.00) | Fitness: 2412.91 (avg: 2130.27) | Steps: 100 | eps: 0.100 | Loss: 0.8608 | Time: 0.91s | Total: 770.93s
Episode 804: New instance generated (50 requests)
Episode 810: New instance generated (51 requests)
Episode 810/1500 | Reward: 11.00 (avg: 20.20) | Fitness: 662.54 (avg: 1664.77) | Steps: 100 | eps: 0.100 | Loss: 0.8701 | Time: 1.10s | Total: 780.57s
Episode 816: New instance generated (52 requests)
Episode 820/1500 | Reward: 29.00 (avg: 16.50) | Fitness: 1242.34 (avg: 1065.84) | Steps: 100 | eps: 0.100 | Loss: 0.8331 | Time: 0.92s | Total: 790.86s
Episode 822: New instance generated (52 requests)
Episode 825: New population generated
Episode 828: New instance generated (51 requests)
Episode 830/1500 | Reward: 36.00 (avg: 23.80) | Fitness: 1444.72 (avg: 1455.48) | Steps: 100 | eps: 0.100 | Loss: 0.8510 | Time: 0.91s | Total: 800.41s
Episode 834: New instance generated (52 requests)
Episode 840: New instance generated (51 requests)
Episode 840/1500 | Reward: 17.00 (avg: 23.90) | Fitness: 751.71 (avg: 1790.69) | Steps: 100 | eps: 0.100 | Loss: 0.8384 | Time: 1.17s | Total: 810.29s
Episode 846: New instance generated (53 requests)
Episode 850/1500 | Reward: 20.00 (avg: 12.80) | Fitness: 1417.63 (avg: 1002.20) | Steps: 100 | eps: 0.100 | Loss: 0.8390 | Time: 0.93s | Total: 820.52s
Episode 852: New instance generated (51 requests)
Episode 855: New population generated
Episode 858: New instance generated (53 requests)
Episode 860/1500 | Reward: 20.00 (avg: 23.70) | Fitness: 2401.23 (avg: 1363.83) | Steps: 100 | eps: 0.100 | Loss: 0.8589 | Time: 0.93s | Total: 830.86s
Episode 864: New instance generated (53 requests)
Episode 870: New instance generated (51 requests)
Episode 870/1500 | Reward: 42.00 (avg: 18.70) | Fitness: 1434.16 (avg: 1730.06) | Steps: 100 | eps: 0.100 | Loss: 0.8466 | Time: 1.19s | Total: 840.60s
Episode 876: New instance generated (51 requests)
Episode 880/1500 | Reward: 8.00 (avg: 21.10) | Fitness: 1078.18 (avg: 979.70) | Steps: 100 | eps: 0.100 | Loss: 0.8667 | Time: 0.90s | Total: 850.41s
Episode 882: New instance generated (53 requests)
Episode 885: New population generated
Episode 888: New instance generated (53 requests)
Episode 890/1500 | Reward: 16.00 (avg: 16.10) | Fitness: 2959.96 (avg: 3555.20) | Steps: 100 | eps: 0.100 | Loss: 0.8559 | Time: 0.94s | Total: 860.02s
Episode 894: New instance generated (51 requests)
Episode 900: New instance generated (52 requests)
Episode 900/1500 | Reward: 17.00 (avg: 18.50) | Fitness: 2256.17 (avg: 1679.29) | Steps: 100 | eps: 0.100 | Loss: 0.8679 | Time: 1.05s | Total: 870.04s
Episode 906: New instance generated (53 requests)
Episode 910/1500 | Reward: 38.00 (avg: 21.30) | Fitness: 1160.51 (avg: 1714.06) | Steps: 100 | eps: 0.100 | Loss: 0.8398 | Time: 0.93s | Total: 879.65s
Episode 912: New instance generated (52 requests)
Episode 915: New population generated
Episode 918: New instance generated (52 requests)
Episode 920/1500 | Reward: 36.00 (avg: 13.30) | Fitness: 1159.01 (avg: 1874.25) | Steps: 100 | eps: 0.100 | Loss: 0.8773 | Time: 0.93s | Total: 889.24s
Episode 924: New instance generated (51 requests)
Episode 930: New instance generated (55 requests)
Episode 930/1500 | Reward: 13.00 (avg: 15.50) | Fitness: 2965.59 (avg: 1147.58) | Steps: 100 | eps: 0.100 | Loss: 0.8215 | Time: 1.07s | Total: 899.55s
Episode 936: New instance generated (52 requests)
Episode 940/1500 | Reward: 21.00 (avg: 18.00) | Fitness: 2554.11 (avg: 2557.97) | Steps: 100 | eps: 0.100 | Loss: 0.9045 | Time: 0.93s | Total: 909.12s
Episode 942: New instance generated (55 requests)
Episode 945: New population generated
Episode 948: New instance generated (50 requests)
Episode 950/1500 | Reward: 36.00 (avg: 18.00) | Fitness: 1572.77 (avg: 2369.61) | Steps: 100 | eps: 0.100 | Loss: 0.8341 | Time: 0.89s | Total: 918.60s
Episode 954: New instance generated (51 requests)
Episode 960: New instance generated (50 requests)
Episode 960/1500 | Reward: 22.00 (avg: 20.60) | Fitness: 1828.10 (avg: 1047.74) | Steps: 100 | eps: 0.100 | Loss: 0.8370 | Time: 1.03s | Total: 928.58s
Episode 966: New instance generated (53 requests)
Episode 970/1500 | Reward: 14.00 (avg: 5.00) | Fitness: 1160.51 (avg: 1532.61) | Steps: 100 | eps: 0.100 | Loss: 0.8371 | Time: 0.94s | Total: 938.32s
Episode 972: New instance generated (52 requests)
Episode 975: New population generated
Episode 978: New instance generated (51 requests)
Episode 980/1500 | Reward: 5.00 (avg: 21.80) | Fitness: 741.69 (avg: 1403.63) | Steps: 100 | eps: 0.100 | Loss: 0.8425 | Time: 1.00s | Total: 948.05s
Episode 984: New instance generated (51 requests)
Episode 990: New instance generated (51 requests)
Episode 990/1500 | Reward: 22.00 (avg: 13.00) | Fitness: 662.54 (avg: 769.52) | Steps: 100 | eps: 0.100 | Loss: 0.8645 | Time: 1.62s | Total: 958.93s
Episode 996: New instance generated (51 requests)
Episode 1000/1500 | Reward: 22.00 (avg: 14.10) | Fitness: 913.22 (avg: 723.81) | Steps: 100 | eps: 0.100 | Loss: 0.8509 | Time: 0.94s | Total: 971.02s
Saved checkpoint to models/rl_mutation_dqn_100_pop10_greedy_hybrid_sparse_set1_42_episode_1000.pt
Episode 1002: New instance generated (50 requests)
Episode 1005: New population generated
Episode 1008: New instance generated (51 requests)
Episode 1010/1500 | Reward: 10.00 (avg: 19.30) | Fitness: 741.69 (avg: 1244.61) | Steps: 100 | eps: 0.100 | Loss: 0.8456 | Time: 0.93s | Total: 981.24s
Episode 1014: New instance generated (51 requests)
Episode 1020: New instance generated (51 requests)
Episode 1020/1500 | Reward: 30.00 (avg: 21.30) | Fitness: 663.28 (avg: 745.25) | Steps: 100 | eps: 0.100 | Loss: 0.8415 | Time: 1.07s | Total: 991.55s
Episode 1026: New instance generated (55 requests)
Episode 1030/1500 | Reward: 22.00 (avg: 21.00) | Fitness: 3104.87 (avg: 2919.69) | Steps: 100 | eps: 0.100 | Loss: 0.8263 | Time: 0.90s | Total: 1001.32s
Episode 1032: New instance generated (52 requests)
Episode 1035: New population generated
Episode 1038: New instance generated (53 requests)
Episode 1040/1500 | Reward: 13.00 (avg: 21.10) | Fitness: 3181.19 (avg: 3544.58) | Steps: 100 | eps: 0.100 | Loss: 0.8154 | Time: 0.92s | Total: 1010.87s
Episode 1044: New instance generated (51 requests)
Episode 1050: New instance generated (50 requests)
Episode 1050/1500 | Reward: 31.00 (avg: 22.00) | Fitness: 1654.90 (avg: 3408.43) | Steps: 100 | eps: 0.100 | Loss: 0.7944 | Time: 1.03s | Total: 1020.86s
Episode 1056: New instance generated (52 requests)
Episode 1060/1500 | Reward: 11.00 (avg: 21.70) | Fitness: 2264.49 (avg: 2072.68) | Steps: 100 | eps: 0.100 | Loss: 0.8166 | Time: 0.92s | Total: 1030.86s
Episode 1062: New instance generated (51 requests)
Episode 1065: New population generated
Episode 1068: New instance generated (53 requests)
Episode 1070/1500 | Reward: 11.00 (avg: 15.10) | Fitness: 1160.51 (avg: 1041.63) | Steps: 100 | eps: 0.100 | Loss: 0.8108 | Time: 0.93s | Total: 1040.50s
Episode 1074: New instance generated (52 requests)
Episode 1080: New instance generated (52 requests)
Episode 1080/1500 | Reward: 18.00 (avg: 23.40) | Fitness: 1544.01 (avg: 1638.20) | Steps: 100 | eps: 0.100 | Loss: 0.7841 | Time: 1.19s | Total: 1050.30s
Episode 1086: New instance generated (51 requests)
Episode 1090/1500 | Reward: 23.00 (avg: 21.10) | Fitness: 1480.22 (avg: 1499.95) | Steps: 100 | eps: 0.100 | Loss: 0.8008 | Time: 1.01s | Total: 1060.12s
Episode 1092: New instance generated (50 requests)
Episode 1095: New population generated
Episode 1098: New instance generated (51 requests)
Episode 1100/1500 | Reward: 28.00 (avg: 18.60) | Fitness: 760.18 (avg: 1464.65) | Steps: 100 | eps: 0.100 | Loss: 0.7943 | Time: 0.90s | Total: 1070.04s
Episode 1104: New instance generated (53 requests)
Episode 1110: New instance generated (51 requests)
Episode 1110/1500 | Reward: 29.00 (avg: 24.50) | Fitness: 1692.04 (avg: 1096.83) | Steps: 100 | eps: 0.100 | Loss: 0.7745 | Time: 1.00s | Total: 1079.86s
Episode 1116: New instance generated (53 requests)
Episode 1120/1500 | Reward: 5.00 (avg: 16.70) | Fitness: 3350.74 (avg: 3781.38) | Steps: 100 | eps: 0.100 | Loss: 0.7853 | Time: 0.87s | Total: 1089.26s
Episode 1122: New instance generated (50 requests)
Episode 1125: New population generated
Episode 1128: New instance generated (53 requests)
Episode 1130/1500 | Reward: 22.00 (avg: 12.20) | Fitness: 1248.16 (avg: 1841.04) | Steps: 100 | eps: 0.100 | Loss: 0.7572 | Time: 0.89s | Total: 1098.45s
Episode 1134: New instance generated (51 requests)
Episode 1140: New instance generated (51 requests)
Episode 1140/1500 | Reward: 34.00 (avg: 12.90) | Fitness: 1010.21 (avg: 911.65) | Steps: 100 | eps: 0.100 | Loss: 0.7815 | Time: 1.02s | Total: 1108.42s
Episode 1146: New instance generated (50 requests)
Episode 1150/1500 | Reward: 23.00 (avg: 15.90) | Fitness: 1591.19 (avg: 2233.54) | Steps: 100 | eps: 0.100 | Loss: 0.7634 | Time: 0.98s | Total: 1118.49s
Episode 1152: New instance generated (51 requests)
Episode 1155: New population generated
Episode 1158: New instance generated (55 requests)
Episode 1160/1500 | Reward: 17.00 (avg: 27.10) | Fitness: 2969.82 (avg: 1882.28) | Steps: 100 | eps: 0.100 | Loss: 0.7744 | Time: 0.93s | Total: 1128.28s
Episode 1164: New instance generated (53 requests)
Episode 1170: New instance generated (50 requests)
Episode 1170/1500 | Reward: 17.00 (avg: 14.60) | Fitness: 1318.20 (avg: 2912.03) | Steps: 100 | eps: 0.100 | Loss: 0.7617 | Time: 1.04s | Total: 1138.01s
Episode 1176: New instance generated (52 requests)
Episode 1180/1500 | Reward: 19.00 (avg: 16.40) | Fitness: 1989.08 (avg: 1787.94) | Steps: 100 | eps: 0.100 | Loss: 0.7468 | Time: 0.93s | Total: 1148.94s
Episode 1182: New instance generated (51 requests)
Episode 1185: New population generated
Episode 1188: New instance generated (53 requests)
Episode 1190/1500 | Reward: 16.00 (avg: 24.90) | Fitness: 1160.51 (avg: 1119.99) | Steps: 100 | eps: 0.100 | Loss: 0.7401 | Time: 0.92s | Total: 1158.51s
Episode 1194: New instance generated (51 requests)
Episode 1200: New instance generated (51 requests)
Episode 1200/1500 | Reward: 24.00 (avg: 25.60) | Fitness: 1658.25 (avg: 1498.49) | Steps: 100 | eps: 0.100 | Loss: 0.7666 | Time: 1.10s | Total: 1168.78s
Episode 1206: New instance generated (51 requests)
Episode 1210/1500 | Reward: 18.00 (avg: 24.70) | Fitness: 750.80 (avg: 1240.36) | Steps: 100 | eps: 0.100 | Loss: 0.7362 | Time: 1.08s | Total: 1179.26s
Episode 1212: New instance generated (53 requests)
Episode 1215: New population generated
Episode 1218: New instance generated (53 requests)
Episode 1220/1500 | Reward: 20.00 (avg: 13.10) | Fitness: 1285.02 (avg: 4656.60) | Steps: 100 | eps: 0.100 | Loss: 0.7478 | Time: 0.92s | Total: 1188.90s
Episode 1224: New instance generated (51 requests)
Episode 1230: New instance generated (53 requests)
Episode 1230/1500 | Reward: 17.00 (avg: 15.30) | Fitness: 1327.42 (avg: 954.86) | Steps: 100 | eps: 0.100 | Loss: 0.7350 | Time: 1.06s | Total: 1199.13s
Episode 1236: New instance generated (51 requests)
Episode 1240/1500 | Reward: 45.00 (avg: 28.60) | Fitness: 1423.61 (avg: 1302.38) | Steps: 100 | eps: 0.100 | Loss: 0.7530 | Time: 1.09s | Total: 1209.11s
Episode 1242: New instance generated (53 requests)
Episode 1245: New population generated
Episode 1248: New instance generated (50 requests)
Episode 1250/1500 | Reward: 25.00 (avg: 24.60) | Fitness: 1896.84 (avg: 1417.76) | Steps: 100 | eps: 0.100 | Loss: 0.6981 | Time: 1.19s | Total: 1219.59s
Episode 1254: New instance generated (50 requests)
Episode 1260: New instance generated (51 requests)
Episode 1260/1500 | Reward: 32.00 (avg: 36.30) | Fitness: 1637.47 (avg: 1504.83) | Steps: 100 | eps: 0.100 | Loss: 0.7502 | Time: 1.03s | Total: 1229.71s
Episode 1266: New instance generated (51 requests)
Episode 1270/1500 | Reward: 29.00 (avg: 26.60) | Fitness: 863.75 (avg: 1262.37) | Steps: 100 | eps: 0.100 | Loss: 0.7374 | Time: 0.99s | Total: 1239.99s
Episode 1272: New instance generated (52 requests)
Episode 1275: New population generated
Episode 1278: New instance generated (53 requests)
Episode 1280/1500 | Reward: 28.00 (avg: 22.90) | Fitness: 2333.94 (avg: 1753.72) | Steps: 100 | eps: 0.100 | Loss: 0.7251 | Time: 0.93s | Total: 1249.67s
Episode 1284: New instance generated (50 requests)
Episode 1290: New instance generated (50 requests)
Episode 1290/1500 | Reward: 18.00 (avg: 25.00) | Fitness: 1694.59 (avg: 1882.65) | Steps: 100 | eps: 0.100 | Loss: 0.7508 | Time: 1.06s | Total: 1259.50s
Episode 1296: New instance generated (53 requests)
Episode 1300/1500 | Reward: 20.00 (avg: 26.50) | Fitness: 1294.88 (avg: 1496.19) | Steps: 100 | eps: 0.100 | Loss: 0.7434 | Time: 0.91s | Total: 1269.29s
Episode 1302: New instance generated (50 requests)
Episode 1305: New population generated
Episode 1308: New instance generated (50 requests)
Episode 1310/1500 | Reward: 50.00 (avg: 33.50) | Fitness: 1566.04 (avg: 1530.56) | Steps: 100 | eps: 0.100 | Loss: 0.7313 | Time: 1.04s | Total: 1279.04s
Episode 1314: New instance generated (51 requests)
Episode 1320: New instance generated (50 requests)
Episode 1320/1500 | Reward: 15.00 (avg: 31.70) | Fitness: 1695.38 (avg: 1389.84) | Steps: 100 | eps: 0.100 | Loss: 0.7369 | Time: 1.07s | Total: 1289.39s
Episode 1326: New instance generated (50 requests)
Episode 1330/1500 | Reward: 29.00 (avg: 26.50) | Fitness: 1623.08 (avg: 1737.90) | Steps: 100 | eps: 0.100 | Loss: 0.7713 | Time: 1.01s | Total: 1299.29s
Episode 1332: New instance generated (52 requests)
Episode 1335: New population generated
Episode 1338: New instance generated (50 requests)
Episode 1340/1500 | Reward: 42.00 (avg: 22.80) | Fitness: 1306.10 (avg: 1621.20) | Steps: 100 | eps: 0.100 | Loss: 0.7064 | Time: 0.88s | Total: 1308.50s
Episode 1344: New instance generated (51 requests)
Episode 1350: New instance generated (50 requests)
Episode 1350/1500 | Reward: 34.00 (avg: 24.30) | Fitness: 1141.34 (avg: 1036.20) | Steps: 100 | eps: 0.100 | Loss: 0.7018 | Time: 1.07s | Total: 1318.59s
Episode 1356: New instance generated (50 requests)
Episode 1360/1500 | Reward: 28.00 (avg: 31.20) | Fitness: 1373.74 (avg: 1277.90) | Steps: 100 | eps: 0.100 | Loss: 0.7129 | Time: 1.18s | Total: 1329.01s
Episode 1362: New instance generated (53 requests)
Episode 1365: New population generated
Episode 1368: New instance generated (53 requests)
Episode 1370/1500 | Reward: 39.00 (avg: 28.60) | Fitness: 1396.43 (avg: 1336.22) | Steps: 100 | eps: 0.100 | Loss: 0.7196 | Time: 0.91s | Total: 1338.73s
Episode 1374: New instance generated (53 requests)
Episode 1380: New instance generated (50 requests)
Episode 1380/1500 | Reward: 29.00 (avg: 20.10) | Fitness: 1179.52 (avg: 1310.54) | Steps: 100 | eps: 0.100 | Loss: 0.7255 | Time: 1.06s | Total: 1348.22s
Episode 1386: New instance generated (53 requests)
Episode 1390/1500 | Reward: 6.00 (avg: 25.90) | Fitness: 3300.03 (avg: 2255.26) | Steps: 100 | eps: 0.100 | Loss: 0.7418 | Time: 0.92s | Total: 1357.81s
Episode 1392: New instance generated (51 requests)
Episode 1395: New population generated
Episode 1398: New instance generated (52 requests)
Episode 1400/1500 | Reward: 37.00 (avg: 16.70) | Fitness: 2257.63 (avg: 1439.36) | Steps: 100 | eps: 0.100 | Loss: 0.7285 | Time: 0.90s | Total: 1367.64s
Episode 1404: New instance generated (51 requests)
Episode 1410: New instance generated (53 requests)
Episode 1410/1500 | Reward: 13.00 (avg: 15.40) | Fitness: 1470.52 (avg: 1776.61) | Steps: 100 | eps: 0.100 | Loss: 0.7181 | Time: 1.04s | Total: 1377.68s
Episode 1416: New instance generated (52 requests)
Episode 1420/1500 | Reward: 19.00 (avg: 24.00) | Fitness: 2343.50 (avg: 1899.77) | Steps: 100 | eps: 0.100 | Loss: 0.7324 | Time: 0.91s | Total: 1387.05s
Episode 1422: New instance generated (53 requests)
Episode 1425: New population generated
Episode 1428: New instance generated (53 requests)
Episode 1430/1500 | Reward: 5.00 (avg: 11.90) | Fitness: 1583.54 (avg: 7384.29) | Steps: 100 | eps: 0.100 | Loss: 0.7245 | Time: 0.92s | Total: 1396.50s
Episode 1434: New instance generated (52 requests)
Episode 1440: New instance generated (51 requests)
Episode 1440/1500 | Reward: 38.00 (avg: 19.00) | Fitness: 853.60 (avg: 1779.33) | Steps: 100 | eps: 0.100 | Loss: 0.7316 | Time: 1.04s | Total: 1406.04s
Episode 1446: New instance generated (52 requests)
Episode 1450/1500 | Reward: 18.00 (avg: 18.50) | Fitness: 1605.31 (avg: 1059.17) | Steps: 100 | eps: 0.100 | Loss: 0.6971 | Time: 0.92s | Total: 1416.00s
Episode 1452: New instance generated (52 requests)
Episode 1455: New population generated
Episode 1458: New instance generated (53 requests)
Episode 1460/1500 | Reward: 9.00 (avg: 18.60) | Fitness: 1160.51 (avg: 1357.32) | Steps: 100 | eps: 0.100 | Loss: 0.7705 | Time: 0.92s | Total: 1425.56s
Episode 1464: New instance generated (52 requests)
Episode 1470: New instance generated (51 requests)
Episode 1470/1500 | Reward: 12.00 (avg: 20.50) | Fitness: 8597.83 (avg: 2472.76) | Steps: 100 | eps: 0.100 | Loss: 0.7480 | Time: 1.01s | Total: 1435.14s
Episode 1476: New instance generated (53 requests)
Episode 1480/1500 | Reward: 25.00 (avg: 16.20) | Fitness: 3012.51 (avg: 3931.14) | Steps: 100 | eps: 0.100 | Loss: 0.7293 | Time: 0.92s | Total: 1445.02s
Episode 1482: New instance generated (50 requests)
Episode 1485: New population generated
Episode 1488: New instance generated (53 requests)
Episode 1490/1500 | Reward: 26.00 (avg: 31.00) | Fitness: 2574.63 (avg: 1809.50) | Steps: 100 | eps: 0.100 | Loss: 0.7566 | Time: 0.92s | Total: 1455.25s
Episode 1494: New instance generated (50 requests)
Episode 1499/1500 | Reward: 19.00 (avg: 13.30) | Fitness: 1601.11 (avg: 4546.83) | Steps: 100 | eps: 0.100 | Loss: 0.7091 | Time: 0.92s | Total: 1463.80s
Training completed! Saved final model to models/rl_mutation_dqn_100_pop10_greedy_hybrid_sparse_set1_42_final.pt

Training Summary:
Total episodes: 1500
Total time: 1463.89s (0.98s per episode)
Final epsilon: 0.100
Replay buffer size: 100000
TensorBoard logs saved to runs/rl_mutation_dqn_100_pop10_greedy_hybrid_sparse_set1_seed42_1765277210

Training completed!
Final average reward (last 100): 18.95
Final average fitness (last 100): 2798.50
Saved model to models/rl_mutation_dqn_100_pop10_greedy_hybrid_sparse_set1_42_final.pt
  - Weights: models/rl_mutation_dqn_100_pop10_greedy_hybrid_sparse_set1_42_final.pt
  - History: models/rl_mutation_dqn_100_pop10_greedy_hybrid_sparse_set1_42_final_history.pkl
  - Config: models/rl_mutation_dqn_100_pop10_greedy_hybrid_sparse_set1_42_final_config.pkl
  - Operators: ['Reinsert-nC-Max1-NewV-SameV-nF_SameV', 'Reinsert-C-Max5-NewV-SameV-nF_SameV', 'RouteElimination', 'TwoOpt', 'SwapWithin-random-A-MaxNone', 'SwapBetween-random', 'Transfer-A-Max1']
  - Population features: True

Saved final model to: models/rl_mutation_dqn_100_pop10_greedy_hybrid_sparse_set1_42_final.pt

================================================================================
EVALUATION ON TEST INSTANCES
================================================================================

Evaluation Configuration:
  Test instances: 20
  Episodes per instance: 1
  Test seeds: [42, 111, 222]
  Total evaluations per model: 60

================================================================================
NAIVE BASELINE EVALUATION (Random Operator Selection)
================================================================================

Test Seed 1/3: 42
  1/20 lc108           | Fitness: 47496.71 -> 45135.12 | Δ=+2361.60 (+5.0%) | Diversity: 0.911
  2/20 lc109           | Fitness: 42686.33 -> 46861.60 | Δ=-4175.28 (-9.8%) | Diversity: 0.908
  3/20 lr211           | Fitness: 20190.62 -> 19693.98 | Δ=+496.64 (+2.5%) | Diversity: 0.915
  4/20 lr111           | Fitness: 43874.95 -> 40618.06 | Δ=+3256.89 (+7.4%) | Diversity: 0.911
  5/20 lc109           | Fitness: 41851.21 -> 42518.76 | Δ=-667.56 (-1.6%) | Diversity: 0.909
  6/20 lr110           | Fitness: 40626.36 -> 27558.66 | Δ=+13067.70 (+32.2%) | Diversity: 0.889
  7/20 lr110           | Fitness: 39941.02 -> 44010.20 | Δ=-4069.19 (-10.2%) | Diversity: 0.928
  8/20 lc109           | Fitness: 44787.13 -> 21650.47 | Δ=+23136.66 (+51.7%) | Diversity: 0.894
  9/20 lr210           | Fitness: 26795.53 -> 20854.26 | Δ=+5941.26 (+22.2%) | Diversity: 0.934
  10/20 lc207           | Fitness: 36805.37 -> 26563.95 | Δ=+10241.43 (+27.8%) | Diversity: 0.926
  11/20 lr110           | Fitness: 40926.28 -> 39199.20 | Δ=+1727.08 (+4.2%) | Diversity: 0.882
  12/20 lc208           | Fitness: 37134.04 -> 26964.03 | Δ=+10170.00 (+27.4%) | Diversity: 0.923
  13/20 lc208           | Fitness: 38208.85 -> 41885.82 | Δ=-3676.97 (-9.6%) | Diversity: 0.921
  14/20 lc108           | Fitness: 48263.42 -> 42348.66 | Δ=+5914.76 (+12.3%) | Diversity: 0.888
  15/20 lc109           | Fitness: 43503.93 -> 35025.65 | Δ=+8478.28 (+19.5%) | Diversity: 0.909
  16/20 lc109           | Fitness: 40272.14 -> 36380.52 | Δ=+3891.62 (+9.7%) | Diversity: 0.890
  17/20 lc207           | Fitness: 37670.64 -> 39398.60 | Δ=-1727.96 (-4.6%) | Diversity: 0.946
  18/20 lc207           | Fitness: 39718.58 -> 29764.05 | Δ=+9954.54 (+25.1%) | Diversity: 0.929
  19/20 lr111           | Fitness: 42395.32 -> 45899.67 | Δ=-3504.35 (-8.3%) | Diversity: 0.887
  20/20 lr209           | Fitness: 27243.60 -> 23462.90 | Δ=+3780.70 (+13.9%) | Diversity: 0.924

Test Seed 2/3: 111
  1/20 lc208           | Fitness: 40545.08 -> 31447.24 | Δ=+9097.84 (+22.4%) | Diversity: 0.932
  2/20 lr211           | Fitness: 17656.70 -> 11801.69 | Δ=+5855.01 (+33.2%) | Diversity: 0.931
  3/20 lc109           | Fitness: 40777.73 -> 39345.47 | Δ=+1432.26 (+3.5%) | Diversity: 0.885
  4/20 lc207           | Fitness: 37812.27 -> 36198.03 | Δ=+1614.23 (+4.3%) | Diversity: 0.906
  5/20 lr110           | Fitness: 43005.13 -> 36011.67 | Δ=+6993.46 (+16.3%) | Diversity: 0.898
  6/20 lr110           | Fitness: 41636.59 -> 35555.46 | Δ=+6081.13 (+14.6%) | Diversity: 0.888
  7/20 lc207           | Fitness: 38267.40 -> 21317.56 | Δ=+16949.84 (+44.3%) | Diversity: 0.916
  8/20 lc208           | Fitness: 38777.18 -> 36340.47 | Δ=+2436.71 (+6.3%) | Diversity: 0.939
  9/20 lr110           | Fitness: 40906.80 -> 35112.50 | Δ=+5794.31 (+14.2%) | Diversity: 0.878
  10/20 lc207           | Fitness: 38355.96 -> 22849.55 | Δ=+15506.41 (+40.4%) | Diversity: 0.915
  11/20 lc108           | Fitness: 48880.14 -> 41806.94 | Δ=+7073.21 (+14.5%) | Diversity: 0.904
  12/20 lc208           | Fitness: 37944.48 -> 36559.25 | Δ=+1385.23 (+3.7%) | Diversity: 0.928
  13/20 lc109           | Fitness: 42041.26 -> 37232.03 | Δ=+4809.23 (+11.4%) | Diversity: 0.898
  14/20 lr112           | Fitness: 39582.94 -> 28454.44 | Δ=+11128.50 (+28.1%) | Diversity: 0.910
  15/20 lc207           | Fitness: 38721.12 -> 32959.51 | Δ=+5761.61 (+14.9%) | Diversity: 0.921
  16/20 lc109           | Fitness: 46349.24 -> 32268.56 | Δ=+14080.68 (+30.4%) | Diversity: 0.906
  17/20 lc108           | Fitness: 48527.50 -> 37107.80 | Δ=+11419.70 (+23.5%) | Diversity: 0.913
  18/20 lc208           | Fitness: 35480.16 -> 23758.41 | Δ=+11721.74 (+33.0%) | Diversity: 0.940
  19/20 lr110           | Fitness: 41677.20 -> 31671.01 | Δ=+10006.20 (+24.0%) | Diversity: 0.893
  20/20 lr210           | Fitness: 27388.69 -> 16974.90 | Δ=+10413.79 (+38.0%) | Diversity: 0.950

Test Seed 3/3: 222
  1/20 lc108           | Fitness: 47132.25 -> 34315.66 | Δ=+12816.59 (+27.2%) | Diversity: 0.915
  2/20 lr111           | Fitness: 44992.75 -> 40198.59 | Δ=+4794.16 (+10.7%) | Diversity: 0.900
  3/20 lc108           | Fitness: 47257.15 -> 41554.41 | Δ=+5702.74 (+12.1%) | Diversity: 0.919
  4/20 lc207           | Fitness: 39064.60 -> 25238.13 | Δ=+13826.47 (+35.4%) | Diversity: 0.936
  5/20 lr209           | Fitness: 25398.01 -> 15918.01 | Δ=+9480.01 (+37.3%) | Diversity: 0.940
  6/20 lr211           | Fitness: 18462.49 -> 18758.28 | Δ=-295.79 (-1.6%) | Diversity: 0.945
  7/20 lc207           | Fitness: 35903.74 -> 36794.57 | Δ=-890.84 (-2.5%) | Diversity: 0.936
  8/20 lc207           | Fitness: 36579.79 -> 41735.63 | Δ=-5155.84 (-14.1%) | Diversity: 0.936
  9/20 lc208           | Fitness: 39320.81 -> 35869.58 | Δ=+3451.24 (+8.8%) | Diversity: 0.937
  10/20 lc108           | Fitness: 49952.66 -> 38351.07 | Δ=+11601.59 (+23.2%) | Diversity: 0.909
  11/20 lr110           | Fitness: 39254.41 -> 38373.47 | Δ=+880.94 (+2.2%) | Diversity: 0.894
  12/20 lc207           | Fitness: 38037.49 -> 30184.53 | Δ=+7852.96 (+20.6%) | Diversity: 0.932
  13/20 lr111           | Fitness: 41133.86 -> 30914.67 | Δ=+10219.20 (+24.8%) | Diversity: 0.893
  14/20 lr112           | Fitness: 38690.74 -> 28080.13 | Δ=+10610.60 (+27.4%) | Diversity: 0.916
  15/20 lr111           | Fitness: 42996.77 -> 42054.14 | Δ=+942.63 (+2.2%) | Diversity: 0.904
  16/20 lr209           | Fitness: 26763.59 -> 19454.47 | Δ=+7309.12 (+27.3%) | Diversity: 0.937
  17/20 lr110           | Fitness: 41129.94 -> 39471.00 | Δ=+1658.95 (+4.0%) | Diversity: 0.901
  18/20 lc108           | Fitness: 48529.15 -> 44671.60 | Δ=+3857.55 (+7.9%) | Diversity: 0.875
  19/20 lc108           | Fitness: 47486.99 -> 42763.12 | Δ=+4723.87 (+9.9%) | Diversity: 0.909
  20/20 lc109           | Fitness: 46222.27 -> 31844.65 | Δ=+14377.61 (+31.1%) | Diversity: 0.908

================================================================================
BASELINE SUMMARY
================================================================================
Average initial best fitness: 39317.25
Average final best fitness: 33285.21
Average improvement: +6032.05 (+15.53%)
Average final best diversity: 0.914
Average final mean diversity: 0.914

================================================================================
RL MODEL EVALUATION
================================================================================

================================================================================
Evaluating model: models/rl_mutation_dqn_100_pop10_greedy_hybrid_sparse_set1_42_final.pt
================================================================================
Detected: DQN
Successfully loaded model

Test Seed 1/3: 42


Training failed with exception: 'no_improvement_count'
Traceback (most recent call last):
  File "/mnt/projects/lasse.ruttert/rl-memetic-pdptw/train_rl_mutation.py", line 856, in <module>
    main()
  File "/mnt/projects/lasse.ruttert/rl-memetic-pdptw/train_rl_mutation.py", line 724, in main
    mutated_solution = eval_model.mutate(problem, solution, population)
  File "/mnt/projects/lasse.ruttert/rl-memetic-pdptw/memetic/mutation/rl_mutation/rl_mutation.py", line 1067, in mutate
    'no_improvement_count': step_info['no_improvement_count'],
KeyError: 'no_improvement_count'
